0319536337,15022,0454,00000,0,00000,0006,00000,0,0,04970,1499,07450,1,0

0319536437,15022,0454,00000,0,00000,0002,00000,0,0,04974,1407,06997,1,0

0319536537,15016,0514,00000,0,00000,0000,00000,0,0,04977,1422,07081,1,0

0319536637,15016,0514,00000,0,00000,0003,00000,0,0,04973,1377,06852,1,0

0319536737,15016,0514,00000,0,00000,0000,00000,0,0,04967,1451,07205,1,0

0319536837,15008,0526,00000,0,00000,0006,00000,0,0,04983,1368,06814,1,0

0319536937,15008,0526,00000,0,00000,0004,00000,0,0,04975,1389,06911,1,0

0319537037,15008,0526,00000,0,00000,0004,00000,0,0,04979,1503,07481,1,0

0319537137,14977,0618,00000,0,00000,0004,00000,0,0,04965,1498,07441,1,0

0319537237,14977,0618,00000,0,00000,0000,00000,0,0,04960,1541,07649,1,0

0319537337,14977,0618,00000,0,00000,0000,00000,0,0,04968,1377,06837,1,0

0319537437,14996,0592,00000,0,00000,0000,00000,0,0,04979,1507,07499,1,0

0319537537,14996,0592,00000,0,00000,0004,00000,0,0,04966,1518,07537,1,0

0319537637,14996,0592,00000,0,00000,0007,00000,0,0,04972,1489,07404,1,0

0319537737,15006,0589,00000,0,00000,0000,00000,0,0,04973,1505,07487,1,0

0319537837,15006,0589,00000,0,00000,0000,00000,0,0,04982,1354,06745,1,0

0319537937,15006,0589,00000,0,00000,0001,00000,0,0,04981,1372,06835,1,0

0319538037,14983,0613,00000,0,00000,0000,00000,0,0,04966,1544,07669,1,0

0319538137,14983,0613,00000,0,00000,0001,00000,0,0,04972,1544,07673,1,0

0319538237,14983,0613,00000,0,00000,0000,00000,0,0,04969,1505,07480,1,0

0319538337,15022,0646,00000,0,00000,0005,00000,0,0,04973,1497,07444,1,0

0319538437,15022,0646,00000,0,00000,0000,00000,0,0,04971,1546,07682,1,0

0319538537,15022,0646,00000,0,00000,0000,00000,0,0,04978,1463,07282,1,0

0319538637,14994,0553,00000,0,00000,0002,00000,0,0,04985,1450,07229,1,0

0319538737,14994,0553,00000,0,00000,0000,00000,0,0,04971,1492,07415,1,0

0319538837,14994,0553,00000,0,00000,0000,00000,0,0,04968,1459,07245,1,0

0319538937,14994,0558,00000,0,00000,0004,00000,0,0,04974,1478,07353,1,0

0319539037,14994,0558,00000,0,00000,0000,00000,0,0,04977,1353,06737,1,0

0319539137,14994,0558,00000,0,00000,0000,00000,0,0,04978,1372,06832,1,0

0319539237,14991,0542,00000,0,00000,0000,00000,0,0,04973,1360,06767,1,0

0319539337,14991,0542,00000,0,00000,0007,00000,0,0,04975,1366,06794,1,0

0319539437,14991,0542,00000,0,00000,0000,00000,0,0,04980,1403,06990,1,0

0319539537,15035,0533,00000,0,00000,0007,00000,0,0,04966,1770,08788,1,0

0319539637,15035,0533,00000,0,00000,0000,00000,0,0,04974,1506,07493,1,0

0319539737,15035,0533,00000,0,00000,0001,00000,0,0,04969,1636,08133,1,0

0319539837,15021,0669,00000,0,00000,0007,00000,0,0,04965,1623,08061,1,0

0319539937,15021,0669,00000,0,00000,0000,00000,0,0,04961,1529,07586,1,0

0319540037,15021,0669,00000,0,00000,0004,00000,0,0,04967,1542,07659,1,0

0319540137,14972,0654,00000,0,00000,0003,00000,0,0,04976,1597,07949,1,0

0319540237,14972,0654,00000,0,00000,0000,00000,0,0,04928,2606,12839,1,0

0319540337,14972,0654,00000,0,00000,0003,00000,0,0,04958,1597,07917,1,0

0319540437,14990,0637,00000,0,00000,0000,00000,0,0,04967,1393,06918,1,0

0319540537,14990,0637,00000,0,00000,0005,00000,0,0,04964,1532,07609,1,0

0319540637,14990,0637,00000,0,00000,0002,00000,0,0,04974,1358,06755,1,0

0319540737,14960,0907,00000,0,00000,0004,00000,0,0,04956,2097,10389,1,0

0319540837,14960,0907,00000,0,00000,0000,00000,0,0,04977,1425,07095,1,0

0319540937,14960,0907,00000,0,00000,0000,00000,0,0,04962,1894,09396,1,0

0319541037,14987,0535,00000,0,00000,0000,00000,0,0,04978,1294,06442,1,0

0319541137,14987,0535,00000,0,00000,0000,00000,0,0,04975,1339,06658,1,0

0319541237,14987,0535,00000,0,00000,0002,00000,0,0,04977,1324,06590,1,0

0319541337,15021,0507,00000,0,00000,0000,00000,0,0,04974,1316,06547,1,0

0319541437,15021,0507,00000,0,00000,0000,00000,0,0,04979,1312,06532,1,0

0319541537,15021,0507,00000,0,00000,0002,00000,0,0,04960,1676,08315,1,0

0319541637,15010,0500,00000,0,00000,0001,00000,0,0,04974,1319,06563,1,0

0319541737,15010,0500,00000,0,00000,0000,00000,0,0,04981,1337,06662,1,0

0319541837,15010,0500,00000,0,00000,0000,00000,0,0,04967,1868,09276,1,0

0319541937,15009,0547,00000,0,00000,0000,00000,0,0,04978,1412,07027,1,0

0319542037,15009,0547,00000,0,00000,0009,00000,0,0,04959,1981,09824,1,0

0319542137,15009,0547,00000,0,00000,0004,00000,0,0,04971,1323,06573,1,0

0319542237,15000,0543,00000,0,00000,0000,00000,0,0,04979,1315,06544,1,0

0319542337,15000,0543,00000,0,00000,0004,00000,0,0,04977,1336,06653,1,0

0319542437,15000,0543,00000,0,00000,0000,00000,0,0,04979,1338,06662,1,0

0319542537,15005,0508,00000,0,00000,0001,00000,0,0,04972,1319,06562,1,0

0319542637,15005,0508,00000,0,00000,0000,00000,0,0,04979,1326,06599,1,0

0319542737,15005,0508,00000,0,00000,0001,00000,0,0,04979,1311,06526,1,0

0319542837,15018,0475,00000,0,00000,0000,00000,0,0,04984,1317,06565,1,0

0319542937,15018,0475,00000,0,00000,0000,00000,0,0,04967,1547,07680,1,0

0319543037,15018,0475,00000,0,00000,0001,00000,0,0,04948,2335,11548,1,0

0319543137,15001,0576,00000,0,00000,0002,00000,0,0,04979,1409,07012,1,0

0319543237,15001,0576,00000,0,00000,0002,00000,0,0,04979,1339,06663,1,0

0319543337,15001,0576,00000,0,00000,0000,00000,0,0,04972,1323,06574,1,0

0319543437,15001,0576,00000,0,00000,0000,00000,0,0,04977,1324,06593,1,0

0319543537,14989,0526,00000,0,00000,0000,00000,0,0,04957,1656,08211,1,0

0319543637,14989,0526,00000,0,00000,0000,00000,0,0,04980,1308,06516,1,0

0319543737,14989,0526,00000,0,00000,0000,00000,0,0,04972,1362,06771,1,0

0319543837,15037,0509,00000,0,00000,0000,00000,0,0,04983,1315,06551,1,0

0319543937,15037,0509,00000,0,00000,0000,00000,0,0,04977,1342,06681,1,0

0319544037,15037,0509,00000,0,00000,0001,00000,0,0,04979,1322,06579,1,0

0319544137,15002,0529,00000,0,00000,0002,00000,0,0,04948,2028,10030,1,0

0319544237,15002,0529,00000,0,00000,0000,00000,0,0,04984,1361,06788,1,0

0319544337,15002,0529,00000,0,00000,0001,00000,0,0,04978,1417,07055,1,0

0319544437,14983,0563,00000,0,00000,0005,00000,0,0,04823,2935,14151,1,0

0319544537,14983,0563,00000,0,00000,0009,00000,0,0,04954,2305,11420,1,0

0319544637,14983,0563,00000,0,00000,0000,00001,0,0,04897,2974,14560,1,0

0319544737,14879,1047,00000,0,00000,0003,00000,0,0,04924,2574,12671,1,0

0319544837,14879,1047,00000,0,00000,0000,00000,0,0,04813,2895,13933,1,0

0319544937,14879,1047,00000,0,00000,0000,00000,0,0,04937,2461,12153,1,0

0319545037,14834,1382,00000,0,00000,0007,00000,0,0,04947,2167,10720,1,0

0319545137,14834,1382,00000,0,00000,0000,00000,0,0,04971,1815,09021,1,0

0319545237,14834,1382,00000,0,00000,0000,00000,0,0,04976,1343,06682,1,0

0319545337,14988,0528,00000,0,00000,0003,00000,0,0,04882,3139,15318,1,0

0319545437,14988,0528,00000,0,00000,0000,00000,0,0,04972,1519,07555,1,0

0319545537,14988,0528,00000,0,00000,0000,00001,0,0,04916,2053,10090,1,0

0319545637,14875,1131,00000,0,00000,0004,00000,0,0,04959,1534,07606,1,0

0319545737,14875,1131,00000,0,00000,0000,00000,0,0,04962,1654,08208,1,0

0319545837,14875,1131,00000,0,00000,0009,00000,0,0,04959,2058,10201,1,0

0319545937,14946,0980,00000,0,00000,0007,00000,0,0,04924,2639,12991,1,0

0319546037,14946,0980,00000,0,00000,0008,00000,0,0,04963,1777,08816,1,0

0319546137,14946,0980,00000,0,00000,0000,00000,0,0,04964,1941,09638,1,0

0319546237,14990,0631,00000,0,00000,0003,00000,0,0,04976,1660,08255,1,0

0319546337,14990,0631,00000,0,00000,0010,00000,0,0,04787,2987,14296,1,0

0319546437,14990,0631,00000,0,00000,0000,00000,0,0,04936,2287,11287,1,0

0319546537,14880,1104,00000,0,00000,0000,00000,0,0,04940,2387,11789,1,0

0319546637,14880,1104,00000,0,00000,0000,00000,0,0,04946,2254,11151,1,0

0319546737,14880,1104,00000,0,00000,0000,00000,0,0,04933,2272,11201,1,0

0319546837,14987,0736,00000,0,00000,0001,00000,0,0,04973,1559,07757,1,0

0319546937,14987,0736,00000,0,00000,0000,00000,0,0,04945,2522,12476,1,0

0319547037,14987,0736,00000,0,00000,0003,00000,0,0,04968,1860,09245,1,0

0319547137,14931,0951,00000,0,00000,0007,00000,0,0,04956,2054,10173,1,0

0319547237,14931,0951,00000,0,00000,0006,00000,0,0,04947,2301,11383,1,0

0319547337,14931,0951,00000,0,00000,0000,00000,0,0,04946,1999,09886,1,0

0319547437,14962,0772,00000,0,00000,0000,00000,0,0,04974,1959,09743,1,0

0319547537,14962,0772,00000,0,00000,0004,00000,0,0,04962,1748,08674,1,0

0319547637,14962,0772,00000,0,00000,0000,00000,0,0,04932,2175,10726,1,0

0319547737,14972,0955,00000,0,00000,0009,00000,0,0,04958,1999,09913,1,0

0319547837,14972,0955,00000,0,00000,0000,00000,0,0,04947,2209,10925,1,0

0319547937,14972,0955,00000,0,00000,0002,00000,0,0,04946,2327,11509,1,0

0319548037,14975,0808,00000,0,00000,0004,00000,0,0,04947,2375,11749,1,0

0319548137,14975,0808,00000,0,00000,0008,00000,0,0,04962,1931,09583,1,0

0319548237,14975,0808,00000,0,00000,0000,00000,0,0,04968,1702,08454,1,0

0319548337,14958,0750,00000,0,00000,0000,00000,0,0,04903,2634,12917,1,0

0319548437,14958,0750,00000,0,00000,0000,00000,0,0,04950,2182,10803,1,0

0319548537,14958,0750,00000,0,00000,0005,00000,0,0,04966,1834,09106,1,0

0319548637,14950,0840,00000,0,00000,0000,00000,0,0,04951,2496,12354,1,0

0319548737,14950,0840,00000,0,00000,0000,00000,0,0,04949,2071,10252,1,0

0319548837,14950,0840,00000,0,00000,0010,00000,0,0,04946,2158,10676,1,0

0319548937,14991,0623,00000,0,00000,0004,00000,0,0,04966,1616,08026,1,0

0319549037,14991,0623,00000,0,00000,0000,00000,0,0,04929,2690,13253,1,0

0319549137,14991,0623,00000,0,00000,0000,00000,0,0,04908,2837,13919,1,0

0319549237,14946,0854,00000,0,00000,0000,00000,0,0,04893,2863,14003,1,0

0319549337,14946,0854,00000,0,00000,0003,00000,0,0,04935,2262,11160,1,0

0319549437,14946,0854,00000,0,00000,0000,00000,0,0,04942,2323,11482,1,0

0319549537,14934,0861,00000,0,00000,0000,00000,0,0,04963,1963,09741,1,0

0319549637,14934,0861,00000,0,00000,0001,00000,0,0,04971,1654,08222,1,0

0319549737,14934,0861,00000,0,00000,0004,00000,0,0,04950,2639,13063,1,0

0319549837,14986,0783,00000,0,00000,0002,00000,0,0,04968,1899,09431,1,0

0319549937,14986,0783,00000,0,00000,0005,00000,0,0,04959,1934,09586,1,0

0319550037,14986,0783,00000,0,00000,0007,00000,0,0,04937,2381,11757,1,0

0319550137,14930,1060,00000,0,00000,0005,00000,0,0,04957,1875,09297,1,0

0319550237,14930,1060,00000,0,00000,0000,00000,0,0,04966,1685,08367,1,0

0319550337,14930,1060,00000,0,00000,0000,00000,0,0,04905,2873,14086,1,0

0319550437,14897,1318,00000,0,00000,0000,00000,0,0,04859,3131,15214,1,0

0319550537,14897,1318,00000,0,00000,0000,00000,0,0,04969,1796,08928,1,0

0319550637,14897,1318,00000,0,00000,0000,00000,0,0,04935,2425,11966,1,0

0319550737,14900,1073,00000,0,00000,0000,00000,0,0,04941,2396,11843,1,0

0319550837,14900,1073,00000,0,00000,0000,00000,0,0,04966,1662,08256,1,0

0319550937,14900,1073,00000,0,00000,0000,00000,0,0,04955,1726,08553,1,0

0319551037,14956,0923,00000,0,00000,0004,00000,0,0,04888,3008,14701,1,0

0319551137,14956,0923,00000,0,00000,0002,00000,0,0,04972,1566,07787,1,0

0319551237,14956,0923,00000,0,00000,0010,00000,0,0,04928,2578,12703,1,0

0319551337,15010,0741,00000,0,00000,0000,00000,0,0,04976,1442,07172,1,0

0319551437,15010,0741,00000,0,00000,0007,00000,0,0,04964,1887,09368,1,0

0319551537,15010,0741,00000,0,00000,0000,00000,0,0,04941,2535,12528,1,0

0319551637,14918,0918,00000,0,00000,0000,00000,0,0,04925,2630,12947,1,0

0319551737,14918,0918,00000,0,00000,0000,00000,0,0,04968,1832,09104,1,0

0319551837,14918,0918,00000,0,00000,0000,00000,0,0,04971,1385,06885,1,0

0319551937,14932,1331,00000,0,00000,0000,00000,0,0,04972,1802,08954,1,0

0319552037,14932,1331,00000,0,00000,0000,00000,0,0,04903,2317,11363,1,0

0319552137,14932,1331,00000,0,00000,0005,00000,0,0,04968,1558,07737,1,0

0319552237,14887,1093,00000,0,00000,0000,00000,0,0,04971,1511,07507,1,0

0319552337,14887,1093,00000,0,00000,0000,00000,0,0,04964,1648,08184,1,0

0319552437,14887,1093,00000,0,00000,0000,00000,0,0,04956,2326,11523,1,0

0319552537,14955,1066,00000,0,00000,0006,00000,0,0,04921,2393,11781,1,0

0319552637,14955,1066,00000,0,00000,0000,00000,0,0,04930,2554,12595,1,0

0319552737,14955,1066,00000,0,00000,0000,00000,0,0,04951,2216,10970,1,0

0319552837,14946,0764,00000,0,00000,0008,00000,0,0,04959,1893,09386,1,0

0319552937,14946,0764,00000,0,00000,0000,00000,0,0,04961,2063,10237,1,0

0319553037,14946,0764,00000,0,00000,0000,00000,0,0,04965,1735,08615,1,0

0319553137,14974,0857,00000,0,00000,0006,00000,0,0,04902,2725,13360,1,0

0319553237,14974,0857,00000,0,00000,0000,00000,0,0,04947,2279,11272,1,0

0319553337,14974,0857,00000,0,00000,0000,00000,0,0,04924,2648,13037,1,0

0319553437,14985,0732,00000,0,00000,0010,00000,0,0,04929,2465,12145,1,0

0319553537,14985,0732,00000,0,00000,0000,00000,0,0,04948,2276,11257,1,0

0319553637,14985,0732,00000,0,00000,0000,00000,0,0,04957,1720,08526,1,0

0319553737,14968,0663,00000,0,00000,0000,00000,0,0,04965,1636,08125,1,0

0319553837,14968,0663,00000,0,00000,0000,00000,0,0,04907,2816,13818,1,0

0319553937,14968,0663,00000,0,00000,0009,00000,0,0,04909,2649,12996,1,0

0319554037,14975,0828,00000,0,00000,0007,00000,0,0,04961,1905,09452,1,0

0319554137,14975,0828,00000,0,00000,0000,00001,0,0,04948,2247,11114,1,0

0319554237,14975,0828,00000,0,00000,0000,00000,0,0,04955,2225,11021,1,0

0319554337,15009,0669,00000,0,00000,0000,00000,0,0,04962,1732,08593,1,0

0319554437,15009,0669,00000,0,00000,0000,00000,0,0,04937,2822,13934,1,0

0319554537,15009,0669,00000,0,00000,0000,00000,0,0,04895,2846,13931,1,0

0319554637,14950,0767,00000,0,00000,0008,00000,0,0,04902,2914,14290,1,0

0319554737,14950,0767,00000,0,00000,0000,00000,0,0,04947,2183,10799,1,0

0319554837,14950,0767,00000,0,00000,0000,00000,0,0,04938,2314,11426,1,0

0319554937,14970,0806,00000,0,00000,0000,00000,0,0,04969,1967,09776,1,0

0319555037,14970,0806,00000,0,00000,0000,00000,0,0,04963,1618,08028,1,0

0319555137,14970,0806,00000,0,00000,0001,00000,0,0,04980,1469,07320,1,0

0319555237,14980,0758,00000,0,00000,0000,00000,0,0,04965,1946,09666,1,0

0319555337,14980,0758,00000,0,00000,0000,00000,0,0,04919,2645,13012,1,0

0319555437,14980,0758,00000,0,00000,0000,00000,0,0,04902,2787,13667,1,0

0319555537,14936,0942,00000,0,00000,0003,00000,0,0,04946,2214,10951,1,0

0319555637,14936,0942,00000,0,00000,0002,00000,0,0,04963,1645,08162,1,0

0319555737,14936,0942,00000,0,00000,0001,00000,0,0,04962,1901,09434,1,0

0319555837,14869,1216,00000,0,00000,0000,00000,0,0,04884,3129,15279,1,0

0319555937,14869,1216,00000,0,00000,0000,00000,0,0,04961,1724,08554,1,0

0319556037,14869,1216,00000,0,00000,0000,00000,0,0,04904,2861,14028,1,0

0319556137,14977,0570,00000,0,00000,0004,00000,0,0,04969,1437,07143,1,0

0319556237,14977,0570,00000,0,00000,0000,00000,0,0,04979,1444,07187,1,0

0319556337,14977,0570,00000,0,00000,0000,00000,0,0,04968,1384,06875,1,0

0319556437,14977,0570,00000,0,00000,0000,00000,0,0,04965,1803,08952,1,0

0319556537,15000,0549,00000,0,00000,0000,00000,0,0,04975,1381,06869,1,0

0319556637,15000,0549,00000,0,00000,0000,00000,0,0,04971,1344,06679,1,0

0319556737,15000,0549,00000,0,00000,0006,00000,0,0,04972,1426,07093,1,0

0319556837,14977,0566,00000,0,00000,0000,00000,0,0,04977,1375,06845,1,0

0319556937,14977,0566,00000,0,00000,0004,00000,0,0,04965,1564,07767,1,0

0319557037,14977,0566,00000,0,00000,0005,00000,0,0,04980,1093,05446,1,0

0319557137,15019,0424,00000,0,00000,0000,00000,0,0,04978,1347,06706,1,0

0319557237,15019,0424,00000,0,00000,0003,00000,0,0,04984,1336,06660,1,0

0319557337,15019,0424,00000,0,00000,0000,00000,0,0,04965,1360,06753,1,0

0319557437,15001,0541,00000,0,00000,0000,00000,0,0,04975,1152,05732,1,0

0319557537,15001,0541,00000,0,00000,0007,00000,0,0,04973,1288,06407,1,0

0319557637,15001,0541,00000,0,00000,0000,00000,0,0,04979,1301,06476,1,0

0319557737,14996,0509,00000,0,00000,0000,00000,0,0,04970,1379,06853,1,0

0319557837,14996,0509,00000,0,00000,0001,00000,0,0,04986,1316,06564,1,0

0319557937,14996,0509,00000,0,00000,0000,00000,0,0,04973,1421,07070,1,0

0319558037,15001,0522,00000,0,00000,0002,00000,0,0,04975,1343,06682,1,0

0319558137,15001,0522,00000,0,00000,0003,00000,0,0,04968,1362,06770,1,0

0319558237,15001,0522,00000,0,00000,0004,00000,0,0,04971,1365,06784,1,0

0319558337,15038,0558,00000,0,00000,0001,00000,0,0,04972,1405,06990,1,0

0319558437,15038,0558,00000,0,00000,0000,00000,0,0,04971,1347,06696,1,0

0319558537,15038,0558,00000,0,00000,0004,00000,0,0,04968,1364,06780,1,0

0319558637,15012,0503,00000,0,00000,0000,00000,0,0,04971,1362,06769,1,0

0319558737,15012,0503,00000,0,00000,0000,00000,0,0,04976,1331,06621,1,0

0319558837,15012,0503,00000,0,00000,0000,00000,0,0,04968,1402,06962,1,0

0319558937,14994,0544,00000,0,00000,0001,00000,0,0,04979,1298,06461,1,0

0319559037,14994,0544,00000,0,00000,0000,00000,0,0,04970,1403,06974,1,0

0319559137,14994,0544,00000,0,00000,0001,00000,0,0,04965,1345,06680,1,0

0319559237,15013,0586,00000,0,00000,0000,00000,0,0,04968,1361,06761,1,0

0319559337,15013,0586,00000,0,00000,0000,00000,0,0,04980,1356,06754,1,0

0319559437,15013,0586,00000,0,00000,0000,00000,0,0,04964,1611,08001,1,0

0319559537,15018,0480,00000,0,00000,0002,00000,0,0,04979,1338,06660,1,0

0319559637,15018,0480,00000,0,00000,0000,00000,0,0,04964,1503,07460,1,0

0319559737,15018,0480,00000,0,00000,0001,00000,0,0,04978,1341,06673,1,0

0319559837,14990,0606,00000,0,00000,0000,00000,0,0,04970,1566,07785,1,0

0319559937,14990,0606,00000,0,00000,0000,00000,0,0,04978,1352,06733,1,0

0319560037,14990,0606,00000,0,00000,0001,00000,0,0,04970,1789,08891,1,0

0319560137,15026,0501,00000,0,00000,0000,00000,0,0,04971,1297,06445,1,0

0319560237,15026,0501,00000,0,00000,0004,00000,0,0,04982,1339,06670,1,0

0319560337,15026,0501,00000,0,00000,0000,00000,0,0,04984,1375,06858,1,0

0319560437,15009,0526,00000,0,00000,0000,00000,0,0,04979,1364,06790,1,0

0319560537,15009,0526,00000,0,00000,0000,00000,0,0,04987,1336,06659,1,0

0319560637,15009,0526,00000,0,00000,0004,00000,0,0,04983,1315,06553,1,0

0319560737,14971,0589,00000,0,00000,0000,00000,0,0,04976,1415,07039,1,0

0319560837,14971,0589,00000,0,00000,0002,00000,0,0,04977,1352,06732,1,0

0319560937,14971,0589,00000,0,00000,0000,00000,0,0,04978,1262,06281,1,0

0319561037,15013,0517,00000,0,00000,0000,00000,0,0,04985,1394,06949,1,0

0319561137,15013,0517,00000,0,00000,0000,00000,0,0,04979,1313,06535,1,0

0319561237,15013,0517,00000,0,00000,0000,00000,0,0,04984,1231,06136,1,0

0319561337,15023,0467,00000,0,00000,0001,00000,0,0,04974,1216,06050,1,0

0319561437,15023,0467,00000,0,00000,0000,00000,0,0,04979,1428,07110,1,0

0319561537,15023,0467,00000,0,00000,0005,00000,0,0,04966,1617,08029,1,0

0319561637,15000,0682,00000,0,00000,0000,00000,0,0,04977,1587,07898,1,0

0319561737,15000,0682,00000,0,00000,0000,00000,0,0,04974,1245,06195,1,0

0319561837,15000,0682,00000,0,00000,0005,00000,0,0,04979,1301,06476,1,0

0319561937,15031,0484,00000,0,00000,0006,00000,0,0,04971,1220,06066,1,0

0319562037,15031,0484,00000,0,00000,0001,00000,0,0,04981,1223,06092,1,0

0319562137,15031,0484,00000,0,00000,0000,00000,0,0,04976,1234,06140,1,0

0319562237,15004,0509,00000,0,00000,0000,00000,0,0,04980,1058,05271,1,0

0319562337,15004,0509,00000,0,00000,0000,00000,0,0,04984,1277,06366,1,0

0319562437,15004,0509,00000,0,00000,0000,00000,0,0,04981,1225,06103,1,0

0319562537,15027,0400,00000,0,00000,0000,00000,0,0,04975,1180,05871,1,0

0319562637,15027,0400,00000,0,00000,0000,00000,0,0,04970,1638,08143,1,0

0319562737,15027,0400,00000,0,00000,0000,00000,0,0,04969,1229,06108,1,0

0319562837,15001,0577,00000,0,00000,0006,00000,0,0,04975,1330,06617,1,0

0319562937,15001,0577,00000,0,00000,0000,00000,0,0,04979,1180,05876,1,0

0319563037,15001,0577,00000,0,00000,0008,00000,0,0,04976,1282,06384,1,0

0319563137,15021,0451,00000,0,00000,0000,00000,0,0,04971,1226,06092,1,0

0319563237,15021,0451,00000,0,00000,0001,00000,0,0,04966,1281,06364,1,0

0319563337,15021,0451,00000,0,00000,0000,00000,0,0,04979,1277,06358,1,0

0319563437,15024,0503,00000,0,00000,0004,00000,0,0,04974,1268,06306,1,0

0319563537,15024,0503,00000,0,00000,0000,00000,0,0,04968,1239,06154,1,0

0319563637,15024,0503,00000,0,00000,0007,00000,0,0,04966,1671,08298,1,0

0319563737,15024,0465,00000,0,00000,0000,00000,0,0,04977,1188,05913,1,0

0319563837,15024,0465,00000,0,00000,0000,00000,0,0,04981,1271,06335,1,0

0319563937,15024,0465,00000,0,00000,0005,00000,0,0,04982,1222,06090,1,0

0319564037,14999,0499,00000,0,00000,0002,00000,0,0,04973,1240,06169,1,0

0319564137,14999,0499,00000,0,00000,0000,00000,0,0,04977,1222,06085,1,0

0319564237,14999,0499,00000,0,00000,0000,00000,0,0,04980,1213,06045,1,0

0319564337,15022,0490,00000,0,00000,0000,00000,0,0,04981,1214,06046,1,0

0319564437,15022,0490,00000,0,00000,0000,00000,0,0,04983,0995,04960,1,0

0319564537,15022,0490,00000,0,00000,0000,00000,0,0,04979,1259,06266,1,0

0319564637,15028,0478,00000,0,00000,0000,00000,0,0,04981,1242,06186,1,0

0319564737,15028,0478,00000,0,00000,0000,00000,0,0,04983,1243,06191,1,0

0319564837,15028,0478,00000,0,00000,0004,00000,0,0,04983,0987,04918,1,0

0319564937,15015,0536,00000,0,00000,0002,00000,0,0,04984,1268,06322,1,0

0319565037,15015,0536,00000,0,00000,0003,00000,0,0,04974,1331,06621,1,0

0319565137,15015,0536,00000,0,00000,0000,00000,0,0,04971,1283,06375,1,0

0319565237,15021,0503,00000,0,00000,0000,00000,0,0,04973,1567,07794,1,0

0319565337,15021,0503,00000,0,00000,0002,00000,0,0,04980,1216,06060,1,0

0319565437,15021,0503,00000,0,00000,0000,00000,0,0,04979,0981,04886,1,0

0319565537,15007,0453,00000,0,00000,0003,00000,0,0,04988,1261,06294,1,0

0319565637,15007,0453,00000,0,00000,0000,00000,0,0,04976,1209,06017,1,0

0319565737,15007,0453,00000,0,00000,0000,00000,0,0,04984,1080,05386,1,0

0319565837,15001,0519,00000,0,00000,0001,00000,0,0,04981,1276,06359,1,0

0319565937,15001,0519,00000,0,00000,0003,00000,0,0,04977,1009,05025,1,0

0319566037,15001,0519,00000,0,00000,0000,00000,0,0,04987,1347,06716,1,0

0319566137,15004,0480,00000,0,00000,0000,00000,0,0,04955,1661,08231,1,0

0319566237,15004,0480,00000,0,00000,0000,00000,0,0,04978,1297,06456,1,0

0319566337,15004,0480,00000,0,00000,0000,00000,0,0,04976,1298,06458,1,0

0319566437,14997,0504,00000,0,00000,0003,00000,0,0,04984,1218,06075,1,0

0319566537,14997,0504,00000,0,00000,0006,00000,0,0,04978,1208,06015,1,0

0319566637,14997,0504,00000,0,00000,0000,00000,0,0,04980,1263,06292,1,0

0319566737,15026,0537,00000,0,00000,0000,00000,0,0,04977,1240,06175,1,0

0319566837,15026,0537,00000,0,00000,0000,00000,0,0,04979,1276,06353,1,0

0319566937,15026,0537,00000,0,00000,0000,00000,0,0,04970,1575,07826,1,0

0319567037,15016,0488,00000,0,00000,0003,00000,0,0,04975,1260,06266,1,0

0319567137,15016,0488,00000,0,00000,0004,00000,0,0,04979,1321,06574,1,0

0319567237,15016,0488,00000,0,00000,0001,00000,0,0,04976,1213,06033,1,0

0319567337,15016,0469,00000,0,00000,0000,00000,0,0,04981,1208,06018,1,0

0319567437,15016,0469,00000,0,00000,0000,00000,0,0,04977,1234,06143,1,0

0319567537,15016,0469,00000,0,00000,0006,00000,0,0,04974,1292,06425,1,0

0319567637,15005,0453,00000,0,00000,0000,00000,0,0,04981,1228,06120,1,0

0319567737,15005,0453,00000,0,00000,0002,00000,0,0,04957,1628,08072,1,0

0319567837,15005,0453,00000,0,00000,0000,00000,0,0,04976,1207,06005,1,0

0319567937,15017,0471,00000,0,00000,0002,00000,0,0,04976,1244,06186,1,0

0319568037,15017,0471,00000,0,00000,0000,00000,0,0,04971,1574,07821,1,0

0319568137,15017,0471,00000,0,00000,0003,00000,0,0,04963,1301,06456,1,0

0319568237,15000,0490,00000,0,00000,0000,00000,0,0,04980,1233,06145,1,0

0319568337,15000,0490,00000,0,00000,0003,00000,0,0,04979,1177,05857,1,0

0319568437,15000,0490,00000,0,00000,0000,00000,0,0,04975,1204,05990,1,0

0319568537,15000,0490,00000,0,00000,0000,00000,0,0,04961,1287,06386,1,0

0319568637,14995,0489,00000,0,00000,0000,00000,0,0,04985,1196,05962,1,0

0319568737,14995,0489,00000,0,00000,0000,00000,0,0,04979,1274,06340,1,0

0319568837,14995,0489,00000,0,00000,0002,00000,0,0,04974,1210,06018,1,0

0319568937,15006,0476,00000,0,00000,0000,00000,0,0,04972,1421,07068,1,0

0319569037,15006,0476,00000,0,00000,0000,00000,0,0,04983,1216,06059,1,0

0319569137,15006,0476,00000,0,00000,0000,00000,0,0,04977,1304,06489,1,0

0319569237,14976,0655,00000,0,00000,0000,00000,0,0,04969,1250,06213,1,0

0319569337,14976,0655,00000,0,00000,0004,00000,0,0,04975,1598,07947,1,0

0319569437,14976,0655,00000,0,00000,0003,00000,0,0,04970,1811,09002,1,0

0319569537,14948,0657,00000,0,00000,0004,00000,0,0,04980,1292,06435,1,0

0319569637,14948,0657,00000,0,00000,0003,00000,0,0,04957,1659,08225,1,0

0319569737,14948,0657,00000,0,00000,0000,00000,0,0,04985,1204,06005,1,0

0319569837,15027,0509,00000,0,00000,0001,00000,0,0,04972,1258,06251,1,0

0319569937,15027,0509,00000,0,00000,0003,00000,0,0,04980,1259,06273,1,0

0319570037,15027,0509,00000,0,00000,0004,00000,0,0,04985,1214,06053,1,0

0319570137,15000,0527,00000,0,00000,0005,00000,0,0,04977,1211,06027,1,0

0319570237,15000,0527,00000,0,00000,0000,00000,0,0,04985,1239,06178,1,0

0319570337,15000,0527,00000,0,00000,0000,00000,0,0,04974,1233,06131,1,0

0319570437,15014,0471,00000,0,00000,0000,00000,0,0,04974,1457,07246,1,0

0319570537,15014,0471,00000,0,00000,0000,00000,0,0,04979,1230,06121,1,0

0319570637,15014,0471,00000,0,00000,0000,00000,0,0,04973,1198,05961,1,0

0319570737,15029,0473,00000,0,00000,0004,00000,0,0,04984,1248,06223,1,0

0319570837,15029,0473,00000,0,00000,0001,00000,0,0,04966,1542,07658,1,0

0319570937,15029,0473,00000,0,00000,0000,00000,0,0,04972,1305,06487,1,0

0319571037,15039,0395,00000,0,00000,0007,00000,0,0,04981,1226,06107,1,0

0319571137,15039,0395,00000,0,00000,0003,00000,0,0,04977,1220,06074,1,0

0319571237,15039,0395,00000,0,00000,0005,00000,0,0,04983,0974,04852,1,0

0319571337,14998,0541,00000,0,00000,0000,00000,0,0,04991,1063,05306,1,0

0319571437,14998,0541,00000,0,00000,0000,00000,0,0,04979,1224,06096,1,0

0319571537,14998,0541,00000,0,00000,0000,00000,0,0,04959,1527,07573,1,0

0319571637,15010,0474,00000,0,00000,0000,00000,0,0,04977,1226,06103,1,0

0319571737,15010,0474,00000,0,00000,0000,00000,0,0,04978,1233,06139,1,0

0319571837,15010,0474,00000,0,00000,0003,00000,0,0,04971,1283,06376,1,0

0319571937,14984,0516,00000,0,00000,0004,00000,0,0,04969,1636,08133,1,0

0319572037,14984,0516,00000,0,00000,0005,00000,0,0,04983,1292,06439,1,0

0319572137,14984,0516,00000,0,00000,0000,00000,0,0,04975,1281,06373,1,0

0319572237,15020,0480,00000,0,00000,0003,00000,0,0,04977,1256,06255,1,0

0319572337,15020,0480,00000,0,00000,0002,00000,0,0,04979,1069,05321,1,0

0319572437,15020,0480,00000,0,00000,0000,00000,0,0,04982,1257,06263,1,0

0319572537,15019,0474,00000,0,00000,0000,00000,0,0,04970,1221,06067,1,0

0319572637,15019,0474,00000,0,00000,0007,00000,0,0,04978,1234,06143,1,0

0319572737,15019,0474,00000,0,00000,0006,00000,0,0,04981,1218,06068,1,0

0319572837,15024,0436,00000,0,00000,0000,00000,0,0,04979,1270,06324,1,0

0319572937,15024,0436,00000,0,00000,0000,00000,0,0,04969,0998,04961,1,0

0319573037,15024,0436,00000,0,00000,0000,00000,0,0,04978,1270,06322,1,0

0319573137,15009,0482,00000,0,00000,0000,00000,0,0,04956,1753,08683,1,0

0319573237,15009,0482,00000,0,00000,0000,00000,0,0,04969,1231,06117,1,0

0319573337,15009,0482,00000,0,00000,0000,00000,0,0,04984,1340,06681,1,0

0319573437,15011,0496,00000,0,00000,0003,00000,0,0,04981,1080,05382,1,0

0319573537,15011,0496,00000,0,00000,0000,00000,0,0,04984,1201,05988,1,0

0319573637,15011,0496,00000,0,00000,0000,00000,0,0,04983,1332,06635,1,0

0319573737,15002,0469,00000,0,00000,0002,00000,0,0,04972,1211,06023,1,0

0319573837,15002,0469,00000,0,00000,0003,00000,0,0,04985,1264,06304,1,0

0319573937,15002,0469,00000,0,00000,0000,00000,0,0,04980,1214,06050,1,0

0319574037,15026,0450,00000,0,00000,0004,00000,0,0,04968,1235,06131,1,0

0319574137,15026,0450,00000,0,00000,0000,00000,0,0,04968,1216,06042,1,0

0319574237,15026,0450,00000,0,00000,0000,00000,0,0,04976,1158,05761,1,0

0319574337,14986,0628,00000,0,00000,0000,00000,0,0,04980,1216,06058,1,0

0319574437,14986,0628,00000,0,00000,0000,00000,0,0,04964,1324,06577,1,0

0319574537,14986,0628,00000,0,00000,0008,00000,0,0,04956,2064,10223,1,0

0319574637,14962,0668,00000,0,00000,0003,00000,0,0,04971,1749,08691,1,0

0319574737,14962,0668,00000,0,00000,0000,00000,0,0,04963,1833,09097,1,0

0319574837,14962,0668,00000,0,00000,0003,00000,0,0,04967,1918,09525,1,0

0319574937,14991,0662,00000,0,00000,0000,00000,0,0,04976,1343,06680,1,0

0319575037,14991,0662,00000,0,00000,0000,00000,0,0,04980,1285,06403,1,0

0319575137,14991,0662,00000,0,00000,0000,00000,0,0,04972,1404,06985,1,0

0319575237,14989,0494,00000,0,00000,0000,00000,0,0,04980,1267,06311,1,0

0319575337,14989,0494,00000,0,00000,0003,00000,0,0,04971,1259,06257,1,0

0319575437,14989,0494,00000,0,00000,0008,00000,0,0,04979,1251,06227,1,0

0319575537,14979,0633,00000,0,00000,0000,00000,0,0,04972,1227,06104,1,0

0319575637,14979,0633,00000,0,00000,0000,00000,0,0,04974,1240,06170,1,0

0319575737,14979,0633,00000,0,00000,0001,00000,0,0,04960,1848,09171,1,0

0319575837,14996,0493,00000,0,00000,0000,00000,0,0,04982,1201,05986,1,0

0319575937,14996,0493,00000,0,00000,0000,00000,0,0,04972,1333,06630,1,0

0319576037,14996,0493,00000,0,00000,0000,00000,0,0,04986,1102,05495,1,0

0319576137,14978,0618,00000,0,00000,0003,00000,0,0,04979,1239,06168,1,0

0319576237,14978,0618,00000,0,00000,0000,00000,0,0,04976,1212,06031,1,0

0319576337,14978,0618,00000,0,00000,0003,00000,0,0,04974,1263,06282,1,0

0319576437,15017,0461,00000,0,00000,0000,00000,0,0,04982,1009,05026,1,0

0319576537,15017,0461,00000,0,00000,0000,00000,0,0,04971,1189,05910,1,0

0319576637,15017,0461,00000,0,00000,0000,00000,0,0,04959,1616,08011,1,0

0319576737,14996,0575,00000,0,00000,0002,00000,0,0,04971,1322,06571,1,0

0319576837,14996,0575,00000,0,00000,0000,00000,0,0,04972,1225,06091,1,0

0319576937,14996,0575,00000,0,00000,0000,00000,0,0,04966,1265,06282,1,0

0319577037,14994,0466,00000,0,00000,0000,00000,0,0,04972,1185,05893,1,0

0319577137,14994,0466,00000,0,00000,0000,00000,0,0,04974,1625,08082,1,0

0319577237,14994,0466,00000,0,00000,0000,00000,0,0,04975,1217,06052,1,0

0319577337,15016,0489,00000,0,00000,0000,00000,0,0,04980,1220,06080,1,0

0319577437,15016,0489,00000,0,00000,0000,00000,0,0,04989,1292,06447,1,0

0319577537,15016,0489,00000,0,00000,0004,00000,0,0,04976,1222,06084,1,0

0319577637,15032,0399,00000,0,00000,0000,00000,0,0,04959,1723,08542,1,0

0319577737,15032,0399,00000,0,00000,0000,00000,0,0,04973,1278,06355,1,0

0319577837,15032,0399,00000,0,00000,0000,00000,0,0,04977,1273,06336,1,0

0319577937,15014,0466,00000,0,00000,0001,00000,0,0,04979,1198,05964,1,0

0319578037,15014,0466,00000,0,00000,0000,00000,0,0,04970,1265,06287,1,0

0319578137,15014,0466,00000,0,00000,0007,00000,0,0,04974,1519,07556,1,0

0319578237,14989,0518,00000,0,00000,0000,00000,0,0,04979,1243,06189,1,0

0319578337,14989,0518,00000,0,00000,0005,00000,0,0,04979,1214,06041,1,0

0319578437,14989,0518,00000,0,00000,0005,00000,0,0,04977,1221,06079,1,0

0319578537,15015,0457,00000,0,00000,0000,00000,0,0,04984,1251,06236,1,0

0319578637,15015,0457,00000,0,00000,0000,00000,0,0,04978,1231,06128,1,0

0319578737,15015,0457,00000,0,00000,0002,00000,0,0,04977,1233,06138,1,0

0319578837,15012,0546,00000,0,00000,0000,00000,0,0,04974,1244,06187,1,0

0319578937,15012,0546,00000,0,00000,0000,00000,0,0,04976,1272,06329,1,0

0319579037,15012,0546,00000,0,00000,0003,00000,0,0,04971,1747,08683,1,0

0319579137,14985,0587,00000,0,00000,0007,00000,0,0,04974,1194,05940,1,0

0319579237,14985,0587,00000,0,00000,0000,00000,0,0,04979,1241,06180,1,0

0319579337,14985,0587,00000,0,00000,0000,00000,0,0,04980,1211,06033,1,0

0319579437,15025,0566,00000,0,00000,0000,00000,0,0,04982,1254,06246,1,0

0319579537,15025,0566,00000,0,00000,0003,00000,0,0,04981,1205,06002,1,0

0319579637,15025,0566,00000,0,00000,0005,00000,0,0,04979,1235,06147,1,0

0319579737,15014,0486,00000,0,00000,0003,00000,0,0,04970,1234,06132,1,0

0319579837,15014,0486,00000,0,00000,0000,00000,0,0,04996,1292,06455,1,0

0319579937,15014,0486,00000,0,00000,0004,00000,0,0,04979,1021,05084,1,0

0319580037,15029,0529,00000,0,00000,0000,00000,0,0,04971,1265,06286,1,0

0319580137,15029,0529,00000,0,00000,0000,00000,0,0,04969,1596,07931,1,0

0319580237,15029,0529,00000,0,00000,0001,00000,0,0,04979,1285,06396,1,0

0319580337,14995,0564,00000,0,00000,0001,00000,0,0,04959,1703,08446,1,0

0319580437,14995,0564,00000,0,00000,0007,00000,0,0,04972,1221,06068,1,0

0319580537,14995,0564,00000,0,00000,0000,00000,0,0,04978,1198,05964,1,0

0319580637,15008,0502,00000,0,00000,0006,00000,0,0,04964,1522,07552,1,0

0319580737,15008,0502,00000,0,00000,0000,00000,0,0,04959,1710,08478,1,0

0319580837,15008,0502,00000,0,00000,0000,00000,0,0,04977,1259,06265,1,0

0319580937,14999,0470,00000,0,00000,0000,00000,0,0,04978,1210,06023,1,0

0319581037,14999,0470,00000,0,00000,0001,00000,0,0,04982,1225,06101,1,0

0319581137,14999,0470,00000,0,00000,0000,00000,0,0,04979,1196,05953,1,0

0319581237,14999,0518,00000,0,00000,0000,00000,0,0,04977,1225,06101,1,0

0319581337,14999,0518,00000,0,00000,0000,00000,0,0,04972,1203,05978,1,0

0319581437,14999,0518,00000,0,00000,0000,00000,0,0,04978,1333,06634,1,0

0319581537,15024,0516,00000,0,00000,0000,00000,0,0,04976,1218,06056,1,0

0319581637,15024,0516,00000,0,00000,0004,00000,0,0,04981,1267,06310,1,0

0319581737,15024,0516,00000,0,00000,0001,00000,0,0,04979,1226,06103,1,0

0319581837,14998,0495,00000,0,00000,0000,00000,0,0,04977,1230,06124,1,0

0319581937,14998,0495,00000,0,00000,0000,00000,0,0,04981,1211,06033,1,0

0319582037,14998,0495,00000,0,00000,0000,00000,0,0,04976,1605,07992,1,0

0319582137,15019,0471,00000,0,00000,0000,00000,0,0,04980,1192,05936,1,0

0319582237,15019,0471,00000,0,00000,0000,00000,0,0,04970,1372,06820,1,0

0319582337,15019,0471,00000,0,00000,0000,00000,0,0,04979,1233,06138,1,0

0319582437,15019,0471,00000,0,00000,0004,00000,0,0,04977,1192,05933,1,0

0319582537,15035,0470,00000,0,00000,0000,00000,0,0,04977,1364,06792,1,0

0319582637,15035,0470,00000,0,00000,0000,00000,0,0,04969,1719,08542,1,0

0319582737,15035,0470,00000,0,00000,0000,00000,0,0,04980,1238,06167,1,0

0319582837,15029,0455,00000,0,00000,0000,00000,0,0,04980,1205,06003,1,0

0319582937,15029,0455,00000,0,00000,0000,00000,0,0,04981,1211,06034,1,0

0319583037,15029,0455,00000,0,00000,0000,00000,0,0,04979,1278,06362,1,0

0319583137,15014,0542,00000,0,00000,0000,00000,0,0,04979,1221,06076,1,0

0319583237,15014,0542,00000,0,00000,0000,00000,0,0,04975,1251,06222,1,0

0319583337,15014,0542,00000,0,00000,0000,00000,0,0,04970,1370,06809,1,0

0319583437,15033,0433,00000,0,00000,0004,00000,0,0,04985,0995,04964,1,0

0319583537,15033,0433,00000,0,00000,0003,00000,0,0,04977,1228,06111,1,0

0319583637,15033,0433,00000,0,00000,0008,00000,0,0,04960,1643,08146,1,0

0319583737,14973,0649,00000,0,00000,0000,00000,0,0,04979,1214,06044,1,0

0319583837,14973,0649,00000,0,00000,0000,00000,0,0,04972,1320,06562,1,0

0319583937,14973,0649,00000,0,00000,0002,00000,0,0,04980,1203,05995,1,0

0319584037,14975,0548,00000,0,00000,0000,00000,0,0,04983,1213,06045,1,0

0319584137,14975,0548,00000,0,00000,0002,00000,0,0,04977,1235,06148,1,0

0319584237,14975,0548,00000,0,00000,0000,00000,0,0,04974,1223,06085,1,0

0319584337,15040,0436,00000,0,00000,0000,00000,0,0,04974,1188,05908,1,0

0319584437,15040,0436,00000,0,00000,0004,00000,0,0,04969,1364,06777,1,0

0319584537,15040,0436,00000,0,00000,0000,00000,0,0,04982,1229,06123,1,0

0319584637,15008,0496,00000,0,00000,0003,00000,0,0,04984,1288,06424,1,0

0319584737,15008,0496,00000,0,00000,0000,00000,0,0,04971,1276,06344,1,0

0319584837,15008,0496,00000,0,00000,0000,00000,0,0,04978,1265,06299,1,0

0319584937,15020,0479,00000,0,00000,0006,00000,0,0,04977,1236,06152,1,0

0319585037,15020,0479,00000,0,00000,0000,00000,0,0,04983,0890,04436,1,0

0319585137,15020,0479,00000,0,00000,0006,00000,0,0,04973,1270,06316,1,0

0319585237,15014,0495,00000,0,00000,0000,00000,0,0,04975,1236,06147,1,0

0319585337,15014,0495,00000,0,00000,0001,00000,0,0,04979,1202,05983,1,0

0319585437,15014,0495,00000,0,00000,0000,00000,0,0,04972,1304,06487,1,0

0319585537,15038,0362,00000,0,00000,0000,00000,0,0,04985,0873,04351,1,0

