0001223069,15050,0420,00000,0,00000,0000,00000,0,0,04979,1119,05573,1,0

0001223169,15050,0420,00000,0,00000,0000,00000,0,0,04976,1420,07069,1,0

0001223269,15038,0398,00000,0,00001,0000,00000,0,0,04982,0974,04851,1,0

0001223369,15038,0398,00000,0,00000,0001,00000,0,0,04984,0940,04685,1,0

0001223469,15038,0398,00000,0,00000,0000,00000,0,0,04993,0905,04518,1,0

0001223569,15052,0435,00000,0,00000,0003,00000,0,0,04980,0909,04528,1,0

0001223669,15052,0435,00000,0,00001,0000,00000,0,0,04979,0952,04742,1,0

0001223769,15052,0435,00000,0,00000,0000,00000,0,0,04977,0914,04551,1,0

0001223869,15036,0373,00000,0,00000,0000,00000,0,0,04978,0900,04480,1,0

0001223969,15036,0373,00000,0,00000,0000,00000,0,0,04983,0941,04689,1,0

0001224069,15036,0373,00000,0,00003,0005,00000,0,0,04980,0987,04917,1,0

0001224169,15023,0386,00000,0,00001,0003,00000,0,0,04981,0916,04564,1,0

0001224269,15023,0386,00000,0,00001,0000,00000,0,0,04979,0909,04526,1,0

0001224369,15023,0386,00000,0,00001,0000,00000,0,0,04982,0902,04493,1,0

0001224469,15048,0381,00000,0,00000,0001,00000,0,0,04978,0913,04548,1,0

0001224569,15048,0381,00000,0,00000,0002,00000,0,0,04979,0920,04578,1,0

0001224669,15048,0381,00000,0,00000,0004,00000,0,0,04984,0901,04495,1,0

0001224769,15048,0381,00000,0,00002,0000,00000,0,0,04972,0929,04621,1,0

0001224869,15051,0361,00000,0,00000,0000,00000,0,0,04979,0906,04513,1,0

0001224969,15051,0361,00000,0,00003,0002,00000,0,0,04978,0897,04467,1,0

0001225069,15051,0361,00000,0,00000,0003,00000,0,0,04974,0948,04715,1,0

0001225169,15039,0392,00000,0,00000,0000,00000,0,0,04974,1227,06101,1,0

0001225269,15039,0392,00000,0,00000,0001,00000,0,0,04981,1239,06174,1,0

0001225369,15039,0392,00000,0,00000,0000,00000,0,0,04973,0991,04930,1,0

0001225469,15063,0387,00000,0,00000,0002,00000,0,0,04975,0983,04893,1,0

0001225569,15063,0387,00000,0,00003,0000,00000,0,0,04973,1356,06746,1,0

0001225669,15063,0387,00000,0,00000,0000,00000,0,0,04983,0906,04517,1,0

0001225769,15060,0356,00000,0,00000,0000,00000,0,0,04979,0910,04529,1,0

0001225869,15060,0356,00000,0,00000,0000,00000,0,0,04975,0992,04933,1,0

0001225969,15060,0356,00000,0,00000,0001,00000,0,0,04971,1514,07523,1,0

0001226069,15047,0374,00000,0,00001,0000,00000,0,0,04984,0902,04497,1,0

0001226169,15047,0374,00000,0,00002,0003,00000,0,0,04973,1442,07174,1,0

0001226269,15047,0374,00000,0,00000,0000,00000,0,0,04982,0993,04947,1,0

0001226369,15056,0357,00000,0,00000,0000,00000,0,0,04968,1279,06356,1,0

0001226469,15056,0357,00000,0,00000,0000,00000,0,0,04986,0896,04470,1,0

0001226569,15056,0357,00000,0,00000,0000,00000,0,0,04985,0922,04599,1,0

0001226669,15055,0389,00000,0,00002,0000,00000,0,0,04984,0912,04547,1,0

0001226769,15055,0389,00000,0,00001,0000,00000,0,0,04975,0909,04523,1,0

0001226869,15055,0389,00000,0,00000,0004,00000,0,0,04972,1520,07555,1,0

0001226969,15020,0574,00000,0,00002,0002,00000,0,0,04956,1504,07452,1,0

0001227069,15020,0574,00000,0,00000,0000,00000,0,0,04971,1528,07593,1,0

0001227169,15020,0574,00000,0,00000,0000,00000,0,0,04972,1280,06367,1,0

0001227269,15025,0483,00000,0,00004,0000,00000,0,0,04981,1317,06560,1,0

0001227369,15025,0483,00000,0,00000,0000,00000,0,0,04964,1532,07608,1,0

0001227469,15025,0483,00000,0,00001,0003,00000,0,0,04979,1276,06351,1,0

0001227569,15042,0464,00000,0,00000,0000,00000,0,0,04980,1377,06859,1,0

0001227669,15042,0464,00000,0,00003,0000,00000,0,0,04984,1255,06259,1,0

0001227769,15042,0464,00000,0,00000,0000,00000,0,0,04981,1302,06488,1,0

0001227869,15035,0485,00000,0,00004,0003,00000,0,0,04982,1354,06747,1,0

0001227969,15035,0485,00000,0,00002,0000,00000,0,0,04979,0975,04852,1,0

0001228069,15035,0485,00000,0,00000,0005,00000,0,0,04979,0944,04701,1,0

0001228169,15037,0442,00000,0,00002,0000,00000,0,0,04974,1020,05072,1,0

0001228269,15037,0442,00000,0,00000,0000,00000,0,0,04973,1264,06286,1,0

0001228369,15037,0442,00000,0,00000,0000,00000,0,0,04975,1336,06645,1,0

0001228469,15028,0513,00000,0,00000,0007,00000,0,0,04979,0928,04620,1,0

0001228569,15028,0513,00000,0,00000,0003,00000,0,0,04975,0991,04930,1,0

0001228669,15028,0513,00000,0,00000,0000,00000,0,0,04989,0928,04633,1,0

0001228769,15037,0519,00000,0,00000,0006,00000,0,0,04979,1349,06717,1,0

0001228869,15037,0519,00000,0,00000,0000,00000,0,0,04972,1313,06524,1,0

0001228969,15037,0519,00000,0,00000,0000,00000,0,0,04978,1344,06692,1,0

0001229069,15013,0495,00000,0,00005,0002,00000,0,0,04984,1309,06525,1,0

0001229169,15013,0495,00000,0,00000,0003,00000,0,0,04981,1300,06477,1,0

0001229269,15013,0495,00000,0,00000,0000,00000,0,0,04983,1314,06544,1,0

0001229369,15020,0526,00000,0,00000,0005,00000,0,0,04977,1273,06337,1,0

0001229469,15020,0526,00000,0,00000,0007,00000,0,0,04974,1294,06437,1,0

0001229569,15020,0526,00000,0,00000,0000,00000,0,0,04978,1294,06443,1,0

0001229669,15024,0483,00000,0,00000,0000,00000,0,0,04978,1332,06630,1,0

0001229769,15024,0483,00000,0,00000,0004,00000,0,0,04975,1310,06517,1,0

0001229869,15024,0483,00000,0,00000,0000,00000,0,0,04967,1325,06581,1,0

0001229969,15021,0525,00000,0,00002,0006,00000,0,0,04974,1301,06472,1,0

0001230069,15021,0525,00000,0,00005,0000,00000,0,0,04980,1324,06595,1,0

0001230169,15021,0525,00000,0,00000,0000,00000,0,0,04977,1315,06545,1,0

0001230269,15038,0500,00000,0,00000,0000,00000,0,0,04982,1304,06498,1,0

0001230369,15038,0500,00000,0,00000,0000,00000,0,0,04973,1323,06583,1,0

0001230469,15038,0500,00000,0,00000,0000,00000,0,0,04973,1318,06558,1,0

0001230569,15029,0506,00000,0,00000,0000,00000,0,0,04979,1421,07075,1,0

0001230669,15029,0506,00000,0,00000,0000,00000,0,0,04973,1281,06370,1,0

0001230769,15029,0506,00000,0,00000,0000,00000,0,0,04971,1373,06825,1,0

0001230869,15031,0568,00000,0,00000,0000,00000,0,0,04981,1381,06878,1,0

0001230969,15031,0568,00000,0,00000,0005,00000,0,0,04971,1361,06765,1,0

0001231069,15031,0568,00000,0,00000,0002,00000,0,0,04966,1480,07349,1,0

0001231169,15053,0531,00000,0,00000,0000,00000,0,0,04972,1375,06835,1,0

0001231269,15053,0531,00000,0,00000,0002,00000,0,0,04972,1309,06506,1,0

0001231369,15053,0531,00000,0,00003,0000,00000,0,0,04976,1331,06623,1,0

0001231469,15027,0504,00000,0,00000,0000,00000,0,0,04970,1334,06629,1,0

0001231569,15027,0504,00000,0,00004,0005,00000,0,0,04972,1316,06545,1,0

0001231669,15027,0504,00000,0,00000,0000,00000,0,0,04973,1309,06513,1,0

0001231769,15020,0518,00000,0,00000,0000,00000,0,0,04981,1295,06450,1,0

0001231869,15020,0518,00000,0,00000,0000,00000,0,0,04972,1378,06854,1,0

0001231969,15020,0518,00000,0,00002,0001,00000,0,0,04978,1266,06303,1,0

0001232069,15038,0525,00000,0,00000,0003,00000,0,0,04973,1258,06258,1,0

0001232169,15038,0525,00000,0,00000,0000,00000,0,0,04974,1379,06857,1,0

0001232269,15038,0525,00000,0,00000,0001,00000,0,0,04976,1357,06751,1,0

0001232369,15052,0500,00000,0,00001,0000,00000,0,0,04982,1361,06782,1,0

0001232469,15052,0500,00000,0,00002,0002,00000,0,0,04973,1321,06572,1,0

0001232569,15052,0500,00000,0,00003,0000,00000,0,0,04980,1342,06687,1,0

0001232669,15035,0482,00000,0,00000,0000,00000,0,0,04976,1395,06940,1,0

0001232769,15035,0482,00000,0,00002,0000,00000,0,0,04982,1306,06504,1,0

0001232869,15035,0482,00000,0,00000,0003,00000,0,0,04976,1295,06442,1,0

0001232969,15035,0503,00000,0,00000,0001,00000,0,0,04979,1311,06525,1,0

0001233069,15035,0503,00000,0,00004,0000,00000,0,0,04983,1395,06949,1,0

0001233169,15035,0503,00000,0,00000,0005,00000,0,0,04968,1280,06360,1,0

0001233269,15042,0490,00000,0,00000,0000,00000,0,0,04975,1307,06500,1,0

0001233369,15042,0490,00000,0,00004,0000,00000,0,0,04984,1333,06644,1,0

0001233469,15042,0490,00000,0,00000,0006,00000,0,0,04978,1313,06538,1,0

0001233569,15027,0615,00000,0,00000,0000,00000,0,0,04979,1341,06675,1,0

0001233669,15027,0615,00000,0,00000,0000,00000,0,0,04978,1234,06143,1,0

0001233769,15027,0615,00000,0,00000,0000,00000,0,0,04980,1247,06210,1,0

0001233869,15024,0535,00000,0,00000,0000,00000,0,0,04970,1335,06633,1,0

0001233969,15024,0535,00000,0,00001,0002,00000,0,0,04980,1312,06536,1,0

0001234069,15024,0535,00000,0,00001,0000,00000,0,0,04977,1283,06385,1,0

0001234169,15040,0509,00000,0,00001,0000,00000,0,0,04974,1301,06473,1,0

0001234269,15040,0509,00000,0,00004,0001,00000,0,0,04981,1311,06532,1,0

0001234369,15040,0509,00000,0,00000,0002,00000,0,0,04973,1357,06750,1,0

0001234469,15023,0585,00000,0,00000,0000,00000,0,0,04978,1336,06649,1,0

0001234569,15023,0585,00000,0,00000,0000,00000,0,0,04975,1354,06735,1,0

0001234669,15023,0585,00000,0,00000,0000,00000,0,0,04971,1372,06817,1,0

0001234769,15018,0552,00000,0,00000,0001,00000,0,0,04974,1376,06843,1,0

0001234869,15018,0552,00000,0,00000,0004,00000,0,0,04975,1297,06452,1,0

0001234969,15018,0552,00000,0,00000,0005,00000,0,0,04965,1623,08061,1,0

0001235069,15049,0497,00000,0,00000,0000,00000,0,0,04979,1337,06657,1,0

0001235169,15049,0497,00000,0,00000,0000,00000,0,0,04970,1512,07516,1,0

0001235269,15049,0497,00000,0,00001,0000,00000,0,0,04969,1437,07140,1,0

0001235369,15038,0518,00000,0,00000,0000,00000,0,0,04974,1249,06213,1,0

0001235469,15038,0518,00000,0,00000,0000,00000,0,0,04971,1429,07105,1,0

0001235569,15038,0518,00000,0,00001,0003,00000,0,0,04974,1475,07337,1,0

0001235669,15034,0493,00000,0,00001,0001,00000,0,0,04978,1326,06599,1,0

0001235769,15034,0493,00000,0,00000,0000,00000,0,0,04977,1523,07583,1,0

0001235869,15034,0493,00000,0,00000,0000,00000,0,0,04974,1384,06886,1,0

0001235969,15027,0496,00000,0,00000,0000,00000,0,0,04977,1316,06552,1,0

0001236069,15027,0496,00000,0,00000,0004,00000,0,0,04967,1314,06528,1,0

0001236169,15027,0496,00000,0,00002,0003,00000,0,0,04961,1569,07785,1,0

0001236269,15052,0650,00000,0,00003,0000,00000,0,0,04965,1393,06917,1,0

0001236369,15052,0650,00000,0,00000,0000,00000,0,0,04971,1452,07219,1,0

0001236469,15052,0650,00000,0,00000,0000,00000,0,0,04981,1368,06817,1,0

0001236569,15036,0540,00000,0,00001,0004,00000,0,0,04976,1386,06894,1,0

0001236669,15036,0540,00000,0,00000,0000,00000,0,0,04973,1439,07159,1,0

0001236769,15036,0540,00000,0,00000,0000,00000,0,0,04968,1425,07078,1,0

0001236869,14998,0601,00000,0,00002,0000,00000,0,0,04974,1438,07153,1,0

0001236969,14998,0601,00000,0,00000,0000,00000,0,0,04971,1326,06592,1,0

0001237069,14998,0601,00000,0,00002,0003,00000,0,0,04975,1412,07023,1,0

0001237169,15014,0565,00000,0,00000,0000,00000,0,0,04981,1375,06851,1,0

0001237269,15014,0565,00000,0,00002,0000,00000,0,0,04973,1363,06779,1,0

0001237369,15014,0565,00000,0,00000,0002,00000,0,0,04982,1312,06534,1,0

0001237469,15020,0535,00000,0,00000,0004,00000,0,0,04972,1375,06838,1,0

0001237569,15020,0535,00000,0,00000,0001,00000,0,0,04974,1367,06802,1,0

0001237669,15020,0535,00000,0,00003,0000,00000,0,0,04967,1409,06996,1,0

0001237769,15033,0528,00000,0,00001,0000,00000,0,0,04974,1434,07130,1,0

0001237869,15033,0528,00000,0,00000,0000,00000,0,0,04969,1700,08448,1,0

0001237969,15033,0528,00000,0,00001,0003,00000,0,0,04968,1542,07659,1,0

0001238069,15033,0528,00000,0,00000,0000,00000,0,0,04970,1459,07253,1,0

0001238169,15005,0559,00000,0,00000,0000,00000,0,0,04976,1349,06715,1,0

0001238269,15005,0559,00000,0,00007,0001,00000,0,0,04975,1397,06951,1,0

0001238369,15005,0559,00000,0,00000,0001,00000,0,0,04984,1356,06762,1,0

0001238469,15028,0513,00000,0,00000,0000,00000,0,0,04974,1430,07115,1,0

0001238569,15028,0513,00000,0,00000,0000,00000,0,0,04988,1303,06500,1,0

0001238669,15028,0513,00000,0,00005,0000,00000,0,0,04980,1441,07180,1,0

0001238769,15015,0581,00000,0,00004,0001,00000,0,0,04983,1378,06866,1,0

0001238869,15015,0581,00000,0,00000,0006,00000,0,0,04983,1369,06819,1,0

0001238969,15015,0581,00000,0,00002,0007,00000,0,0,04969,1241,06167,1,0

0001239069,15029,0606,00000,0,00000,0000,00000,0,0,04969,1426,07089,1,0

0001239169,15029,0606,00000,0,00000,0002,00000,0,0,04971,1458,07248,1,0

0001239269,15029,0606,00000,0,00000,0000,00000,0,0,04984,1446,07212,1,0

0001239369,15031,0589,00000,0,00000,0000,00000,0,0,04975,1444,07181,1,0

0001239469,15031,0589,00000,0,00000,0007,00000,0,0,04976,1390,06917,1,0

0001239569,15031,0589,00000,0,00000,0000,00000,0,0,04975,1438,07151,1,0

0001239669,15058,0582,00000,0,00000,0001,00000,0,0,04978,1365,06793,1,0

0001239769,15058,0582,00000,0,00000,0000,00000,0,0,04979,1333,06636,1,0

0001239869,15058,0582,00000,0,00000,0004,00000,0,0,04951,2046,10128,1,0

0001239969,15016,0550,00000,0,00000,0000,00000,0,0,04977,1350,06719,1,0

0001240069,15016,0550,00000,0,00000,0003,00000,0,0,04971,1354,06729,1,0

0001240169,15016,0550,00000,0,00005,0003,00000,0,0,04977,1423,07085,1,0

0001240269,15039,0561,00000,0,00000,0002,00000,0,0,04971,1407,06995,1,0

0001240369,15039,0561,00000,0,00000,0000,00000,0,0,04981,1383,06889,1,0

0001240469,15039,0561,00000,0,00000,0000,00000,0,0,04982,1349,06722,1,0

0001240569,15025,0568,00000,0,00000,0000,00000,0,0,04974,1394,06932,1,0

0001240669,15025,0568,00000,0,00001,0000,00000,0,0,04978,1349,06715,1,0

0001240769,15025,0568,00000,0,00001,0000,00000,0,0,04966,1392,06913,1,0

0001240869,15006,0588,00000,0,00002,0000,00000,0,0,04964,1398,06941,1,0

0001240969,15006,0588,00000,0,00000,0000,00000,0,0,04970,1383,06873,1,0

0001241069,15006,0588,00000,0,00000,0002,00000,0,0,04973,1435,07139,1,0

0001241169,15008,0550,00000,0,00000,0000,00000,0,0,04970,1385,06884,1,0

0001241269,15008,0550,00000,0,00002,0000,00000,0,0,04973,1451,07218,1,0

0001241369,15008,0550,00000,0,00000,0000,00000,0,0,04967,1395,06928,1,0

0001241469,15044,0529,00000,0,00000,0009,00000,0,0,04970,1506,07487,1,0

0001241569,15044,0529,00000,0,00000,0000,00000,0,0,04971,1347,06696,1,0

0001241669,15044,0529,00000,0,00000,0006,00000,0,0,04974,1382,06872,1,0

0001241769,15034,0543,00000,0,00000,0006,00000,0,0,04970,1387,06892,1,0

0001241869,15034,0543,00000,0,00000,0004,00000,0,0,04969,1396,06939,1,0

0001241969,15034,0543,00000,0,00006,0000,00000,0,0,04975,1542,07672,1,0

0001242069,15028,0526,00000,0,00001,0000,00000,0,0,04974,1486,07389,1,0

0001242169,15028,0526,00000,0,00002,0000,00000,0,0,04971,1396,06937,1,0

0001242269,15028,0526,00000,0,00000,0000,00000,0,0,04971,1477,07339,1,0

0001242369,15014,0556,00000,0,00002,0000,00000,0,0,04972,1425,07086,1,0

0001242469,15014,0556,00000,0,00000,0000,00000,0,0,04966,1392,06914,1,0

0001242569,15014,0556,00000,0,00004,0003,00000,0,0,04980,1254,06247,1,0

0001242669,15072,0536,00000,0,00003,0000,00000,0,0,04980,1353,06738,1,0

0001242769,15072,0536,00000,0,00000,0000,00000,0,0,04976,1397,06947,1,0

0001242869,15072,0536,00000,0,00000,0000,00000,0,0,04965,1443,07169,1,0

0001242969,15034,0525,00000,0,00000,0000,00000,0,0,04974,1484,07381,1,0

0001243069,15034,0525,00000,0,00000,0007,00000,0,0,04964,1351,06703,1,0

0001243169,15034,0525,00000,0,00000,0000,00000,0,0,04974,1448,07201,1,0

0001243269,15000,0739,00000,0,00003,0007,00000,0,0,04968,1389,06896,1,0

0001243369,15000,0739,00000,0,00000,0005,00000,0,0,04966,1825,09064,1,0

0001243469,15000,0739,00000,0,00001,0000,00000,0,0,04979,1320,06571,1,0

0001243569,15030,0518,00000,0,00006,0000,00000,0,0,04983,1365,06802,1,0

0001243669,15030,0518,00000,0,00001,0003,00000,0,0,04979,1323,06585,1,0

0001243769,15030,0518,00000,0,00002,0001,00000,0,0,04981,1428,07112,1,0

0001243869,15007,0572,00000,0,00000,0000,00000,0,0,04987,0981,04890,1,0

0001243969,15007,0572,00000,0,00000,0000,00000,0,0,04969,0953,04736,1,0

0001244069,15007,0572,00000,0,00001,0000,00000,0,0,04979,0962,04790,1,0

0001244169,15032,0394,00000,0,00000,0002,00000,0,0,04980,0980,04881,1,0

0001244269,15032,0394,00000,0,00000,0003,00000,0,0,04984,0927,04624,1,0

0001244369,15032,0394,00000,0,00000,0003,00000,0,0,04974,0938,04667,1,0

0001244469,15038,0392,00000,0,00000,0000,00000,0,0,04982,0942,04696,1,0

0001244569,15038,0392,00000,0,00006,0000,00000,0,0,04990,0950,04741,1,0

0001244669,15038,0392,00000,0,00000,0000,00000,0,0,04975,0927,04610,1,0

0001244769,15046,0455,00000,0,00000,0000,00000,0,0,04970,0944,04692,1,0

0001244869,15046,0455,00000,0,00000,0002,00000,0,0,04979,0923,04596,1,0

0001244969,15046,0455,00000,0,00000,0001,00000,0,0,04978,0921,04586,1,0

0001245069,15061,0412,00000,0,00000,0000,00000,0,0,04981,0942,04692,1,0

0001245169,15061,0412,00000,0,00000,0000,00000,0,0,04985,0935,04661,1,0

0001245269,15061,0412,00000,0,00000,0000,00000,0,0,04970,0946,04704,1,0

0001245369,15050,0449,00000,0,00000,0000,00000,0,0,04971,0951,04726,1,0

0001245469,15050,0449,00000,0,00000,0003,00000,0,0,04979,0943,04695,1,0

0001245569,15050,0449,00000,0,00000,0000,00000,0,0,04981,0925,04611,1,0

0001245669,15065,0392,00000,0,00004,0003,00000,0,0,04979,0943,04695,1,0

0001245769,15065,0392,00000,0,00000,0000,00000,0,0,04986,0929,04635,1,0

0001245869,15065,0392,00000,0,00000,0001,00000,0,0,04979,0937,04664,1,0

0001245969,15038,0364,00000,0,00000,0002,00000,0,0,04980,0964,04801,1,0

0001246069,15038,0364,00000,0,00000,0000,00000,0,0,04985,0954,04760,1,0

0001246169,15038,0364,00000,0,00000,0000,00000,0,0,04976,1288,06410,1,0

0001246269,15054,0371,00000,0,00001,0000,00000,0,0,04980,0898,04472,1,0

0001246369,15054,0371,00000,0,00000,0000,00000,0,0,04972,0954,04748,1,0

0001246469,15054,0371,00000,0,00000,0000,00000,0,0,04978,0908,04523,1,0

0001246569,15051,0365,00000,0,00000,0006,00000,0,0,04976,0960,04779,1,0

0001246669,15051,0365,00000,0,00000,0000,00000,0,0,04980,0920,04585,1,0

0001246769,15051,0365,00000,0,00000,0002,00000,0,0,04984,0948,04727,1,0

0001246869,15032,0384,00000,0,00000,0006,00000,0,0,04970,0911,04530,1,0

0001246969,15032,0384,00000,0,00003,0000,00000,0,0,04972,0931,04629,1,0

0001247069,15032,0384,00000,0,00004,0002,00000,0,0,04990,0909,04536,1,0

0001247169,15037,0392,00000,0,00000,0002,00000,0,0,04986,0908,04527,1,0

0001247269,15037,0392,00000,0,00003,0000,00000,0,0,04977,0930,04632,1,0

0001247369,15037,0392,00000,0,00000,0000,00000,0,0,04971,1043,05186,1,0

0001247469,15040,0385,00000,0,00000,0007,00000,0,0,04979,0911,04535,1,0

0001247569,15040,0385,00000,0,00003,0000,00000,0,0,04984,0914,04558,1,0

0001247669,15040,0385,00000,0,00000,0000,00000,0,0,04983,0941,04690,1,0

0001247769,15056,0368,00000,0,00000,0000,00000,0,0,04975,0932,04634,1,0

0001247869,15056,0368,00000,0,00000,0000,00000,0,0,04980,0888,04424,1,0

0001247969,15056,0368,00000,0,00001,0000,00000,0,0,04982,0927,04620,1,0

0001248069,15051,0346,00000,0,00004,0001,00000,0,0,04985,0947,04722,1,0

0001248169,15051,0346,00000,0,00003,0000,00000,0,0,04982,0917,04570,1,0

0001248269,15051,0346,00000,0,00000,0001,00000,0,0,04985,0934,04658,1,0

0001248369,15039,0374,00000,0,00000,0001,00000,0,0,04989,0922,04600,1,0

0001248469,15039,0374,00000,0,00001,0000,00000,0,0,04983,0941,04688,1,0

0001248569,15039,0374,00000,0,00000,0000,00000,0,0,04982,0962,04795,1,0

0001248669,15043,0413,00000,0,00000,0001,00000,0,0,04977,0930,04630,1,0

0001248769,15043,0413,00000,0,00000,0000,00000,0,0,04982,0945,04708,1,0

0001248869,15043,0413,00000,0,00001,0003,00000,0,0,04984,1230,06135,1,0

0001248969,15020,0556,00000,0,00003,0000,00000,0,0,04983,1236,06160,1,0

0001249069,15020,0556,00000,0,00000,0006,00000,0,0,04971,1531,07610,1,0

0001249169,15020,0556,00000,0,00000,0001,00000,0,0,04965,1529,07594,1,0

0001249269,15032,0441,00000,0,00000,0000,00000,0,0,04983,1210,06030,1,0

0001249369,15032,0441,00000,0,00002,0000,00000,0,0,04971,1435,07130,1,0

0001249469,15032,0441,00000,0,00000,0000,00000,0,0,04969,1604,07970,1,0

0001249569,15043,0474,00000,0,00000,0000,00000,0,0,04982,1242,06190,1,0

0001249669,15043,0474,00000,0,00000,0000,00000,0,0,04979,1228,06112,1,0

0001249769,15043,0474,00000,0,00000,0001,00000,0,0,04981,1195,05956,1,0

0001249869,15043,0476,00000,0,00001,0003,00000,0,0,04971,1217,06051,1,0

0001249969,15043,0476,00000,0,00000,0000,00000,0,0,04975,1235,06145,1,0

0001250069,15043,0476,00000,0,00000,0003,00000,0,0,04976,1178,05865,1,0

0001250169,15043,0476,00000,0,00000,0000,00000,0,0,04969,1335,06636,1,0

0001250269,15075,0527,00000,0,00003,0000,00000,0,0,04966,1821,09042,1,0

0001250369,15075,0527,00000,0,00000,0000,00000,0,0,04981,1196,05960,1,0

0001250469,15075,0527,00000,0,00000,0002,00000,0,0,04969,1529,07599,1,0

0001250569,15038,0456,00000,0,00000,0007,00000,0,0,04976,1219,06062,1,0

0001250669,15038,0456,00000,0,00000,0002,00000,0,0,04986,1257,06266,1,0

0001250769,15038,0456,00000,0,00000,0000,00000,0,0,04972,1215,06041,1,0

0001250869,15025,0484,00000,0,00000,0001,00000,0,0,04967,1205,05984,1,0

0001250969,15025,0484,00000,0,00000,0000,00000,0,0,04958,1778,08815,1,0

0001251069,15025,0484,00000,0,00002,0000,00000,0,0,04979,1223,06087,1,0

0001251169,15046,0432,00000,0,00000,0001,00000,0,0,04989,1243,06203,1,0

0001251269,15046,0432,00000,0,00000,0000,00000,0,0,04979,1307,06508,1,0

0001251369,15046,0432,00000,0,00000,0002,00000,0,0,04962,1602,07949,1,0

0001251469,15011,0680,00000,0,00000,0003,00000,0,0,04985,1195,05959,1,0

0001251569,15011,0680,00000,0,00000,0000,00000,0,0,04972,1304,06486,1,0

0001251669,15011,0680,00000,0,00000,0002,00000,0,0,04977,1186,05906,1,0

0001251769,15024,0465,00000,0,00000,0004,00000,0,0,04972,1283,06380,1,0

0001251869,15024,0465,00000,0,00000,0000,00000,0,0,04990,0989,04936,1,0

0001251969,15024,0465,00000,0,00001,0000,00000,0,0,04960,1391,06903,1,0

0001252069,15039,0490,00000,0,00000,0000,00000,0,0,04978,1212,06031,1,0

0001252169,15039,0490,00000,0,00000,0000,00000,0,0,04983,1222,06087,1,0

0001252269,15039,0490,00000,0,00000,0002,00000,0,0,04973,1259,06261,1,0

0001252369,15031,0501,00000,0,00000,0000,00000,0,0,04974,1680,08355,1,0

0001252469,15031,0501,00000,0,00002,0000,00000,0,0,04968,1161,05771,1,0

0001252569,15031,0501,00000,0,00000,0002,00000,0,0,04976,1210,06021,1,0

0001252669,15033,0504,00000,0,00003,0000,00000,0,0,04977,1322,06580,1,0

0001252769,15033,0504,00000,0,00001,0000,00000,0,0,04974,1204,05988,1,0

0001252869,15033,0504,00000,0,00000,0000,00000,0,0,04980,1485,07397,1,0

0001252969,15024,0493,00000,0,00000,0000,00000,0,0,04972,1291,06422,1,0

0001253069,15024,0493,00000,0,00004,0000,00000,0,0,04982,1197,05963,1,0

0001253169,15024,0493,00000,0,00000,0000,00000,0,0,04979,1218,06065,1,0

0001253269,15027,0470,00000,0,00002,0000,00000,0,0,04979,1225,06097,1,0

0001253369,15027,0470,00000,0,00000,0004,00000,0,0,04981,1210,06029,1,0

0001253469,15027,0470,00000,0,00000,0006,00000,0,0,04982,1227,06111,1,0

0001253569,15060,0421,00000,0,00002,0000,00000,0,0,04980,1186,05908,1,0

0001253669,15060,0421,00000,0,00000,0000,00000,0,0,04979,1239,06169,1,0

0001253769,15060,0421,00000,0,00000,0000,00000,0,0,04975,1214,06037,1,0

0001253869,15049,0456,00000,0,00000,0002,00000,0,0,04971,1250,06213,1,0

0001253969,15049,0456,00000,0,00000,0000,00000,0,0,04970,1276,06344,1,0

0001254069,15049,0456,00000,0,00000,0001,00000,0,0,04972,1225,06091,1,0

0001254169,15017,0501,00000,0,00001,0000,00000,0,0,04968,1049,05209,1,0

0001254269,15017,0501,00000,0,00000,0001,00000,0,0,04979,1222,06085,1,0

0001254369,15017,0501,00000,0,00000,0000,00000,0,0,04975,1260,06266,1,0

0001254469,15014,0511,00000,0,00000,0000,00000,0,0,04968,1217,06048,1,0

0001254569,15014,0511,00000,0,00002,0001,00000,0,0,04971,1240,06163,1,0

0001254669,15014,0511,00000,0,00000,0000,00000,0,0,04977,1236,06152,1,0

0001254769,15018,0478,00000,0,00000,0000,00000,0,0,04979,1224,06094,1,0

0001254869,15018,0478,00000,0,00000,0004,00000,0,0,04977,1198,05966,1,0

0001254969,15018,0478,00000,0,00000,0000,00000,0,0,04968,1203,05978,1,0

0001255069,15029,0500,00000,0,00000,0000,00000,0,0,04972,1216,06051,1,0

0001255169,15029,0500,00000,0,00000,0000,00000,0,0,04969,1220,06062,1,0

0001255269,15029,0500,00000,0,00002,0004,00000,0,0,04980,1115,05553,1,0

0001255369,15027,0537,00000,0,00000,0000,00000,0,0,04982,1310,06526,1,0

0001255469,15027,0537,00000,0,00003,0003,00000,0,0,04978,1264,06291,1,0

0001255569,15027,0537,00000,0,00000,0005,00000,0,0,04970,1608,07990,1,0

0001255669,15041,0461,00000,0,00004,0003,00000,0,0,04975,1266,06298,1,0

0001255769,15041,0461,00000,0,00000,0000,00000,0,0,04978,1219,06067,1,0

0001255869,15041,0461,00000,0,00000,0002,00000,0,0,04967,1194,05932,1,0

0001255969,15029,0478,00000,0,00000,0003,00000,0,0,04983,1227,06112,1,0

0001256069,15029,0478,00000,0,00000,0000,00000,0,0,04963,1605,07964,1,0

0001256169,15029,0478,00000,0,00001,0000,00000,0,0,04978,1294,06443,1,0

0001256269,15043,0476,00000,0,00009,0000,00000,0,0,04968,1217,06042,1,0

0001256369,15043,0476,00000,0,00000,0000,00000,0,0,04976,1247,06202,1,0

0001256469,15043,0476,00000,0,00000,0003,00000,0,0,04972,1212,06030,1,0

0001256569,15022,0473,00000,0,00000,0000,00000,0,0,04973,1220,06068,1,0

0001256669,15022,0473,00000,0,00000,0000,00000,0,0,04970,1725,08575,1,0

0001256769,15022,0473,00000,0,00000,0000,00000,0,0,04977,1213,06038,1,0

0001256869,15040,0467,00000,0,00004,0000,00000,0,0,04982,1226,06110,1,0

0001256969,15040,0467,00000,0,00003,0000,00000,0,0,04969,1222,06073,1,0

0001257069,15040,0467,00000,0,00001,0000,00000,0,0,04981,1046,05210,1,0

0001257169,15012,0514,00000,0,00000,0000,00000,0,0,04979,1284,06391,1,0

0001257269,15012,0514,00000,0,00000,0000,00000,0,0,04966,1594,07915,1,0

0001257369,15012,0514,00000,0,00001,0000,00000,0,0,04964,1433,07113,1,0

0001257469,15022,0496,00000,0,00001,0000,00000,0,0,04979,1211,06030,1,0

0001257569,15022,0496,00000,0,00002,0008,00000,0,0,04972,1218,06053,1,0

0001257669,15022,0496,00000,0,00000,0000,00000,0,0,04976,1205,05996,1,0

0001257769,15032,0487,00000,0,00000,0002,00000,0,0,04958,1572,07792,1,0

0001257869,15032,0487,00000,0,00001,0000,00000,0,0,04980,1225,06101,1,0

0001257969,15032,0487,00000,0,00000,0002,00000,0,0,04976,1205,05992,1,0

0001258069,15041,0457,00000,0,00000,0000,00000,0,0,04964,1607,07976,1,0

0001258169,15041,0457,00000,0,00000,0004,00000,0,0,04976,1219,06066,1,0

0001258269,15041,0457,00000,0,00000,0001,00000,0,0,04973,1237,06155,1,0

0001258369,15025,0482,00000,0,00000,0000,00000,0,0,04977,1196,05954,1,0

0001258469,15025,0482,00000,0,00002,0000,00000,0,0,04984,1269,06326,1,0

0001258569,15025,0482,00000,0,00002,0008,00000,0,0,04978,1220,06073,1,0

0001258669,15031,0480,00000,0,00003,0003,00000,0,0,04985,1294,06454,1,0

0001258769,15031,0480,00000,0,00000,0007,00000,0,0,04978,1216,06052,1,0

0001258869,15031,0480,00000,0,00000,0000,00000,0,0,04979,1290,06421,1,0

0001258969,15021,0518,00000,0,00002,0001,00000,0,0,04983,1204,05996,1,0

0001259069,15021,0518,00000,0,00001,0007,00000,0,0,04981,1235,06152,1,0

0001259169,15021,0518,00000,0,00000,0004,00000,0,0,04970,1201,05971,1,0

0001259269,15023,0476,00000,0,00000,0002,00000,0,0,04982,1182,05891,1,0

0001259369,15023,0476,00000,0,00000,0007,00000,0,0,04978,1203,05987,1,0

0001259469,15023,0476,00000,0,00000,0001,00000,0,0,04971,1275,06337,1,0

0001259569,15021,0509,00000,0,00000,0006,00000,0,0,04956,1721,08527,1,0

0001259669,15021,0509,00000,0,00001,0000,00000,0,0,04982,1211,06032,1,0

0001259769,15021,0509,00000,0,00000,0000,00000,0,0,04967,1431,07105,1,0

0001259869,15038,0481,00000,0,00000,0006,00000,0,0,04971,1209,06007,1,0

0001259969,15038,0481,00000,0,00000,0009,00000,0,0,04967,1506,07479,1,0

0001260069,15038,0481,00000,0,00000,0000,00000,0,0,04968,1218,06048,1,0

0001260169,15019,0472,00000,0,00000,0002,00000,0,0,04965,1820,09040,1,0

0001260269,15019,0472,00000,0,00004,0002,00000,0,0,04972,1373,06823,1,0

0001260369,15019,0472,00000,0,00000,0000,00000,0,0,04977,1213,06037,1,0

0001260469,15044,0479,00000,0,00000,0000,00000,0,0,04972,1852,09210,1,0

0001260569,15044,0479,00000,0,00001,0000,00000,0,0,04973,1209,06012,1,0

0001260669,15044,0479,00000,0,00000,0000,00000,0,0,04975,1244,06188,1,0

0001260769,14985,0683,00000,0,00000,0005,00000,0,0,04959,1616,08011,1,0

0001260869,14985,0683,00000,0,00000,0001,00000,0,0,04980,1223,06095,1,0

0001260969,14985,0683,00000,0,00001,0000,00000,0,0,04964,1488,07390,1,0

0001261069,15039,0494,00000,0,00001,0000,00000,0,0,04985,1271,06337,1,0

0001261169,15039,0494,00000,0,00000,0002,00000,0,0,04980,1271,06333,1,0

0001261269,15039,0494,00000,0,00000,0000,00000,0,0,04968,1371,06812,1,0

0001261369,15030,0497,00000,0,00000,0001,00000,0,0,04978,1218,06065,1,0

0001261469,15030,0497,00000,0,00001,0004,00000,0,0,04967,1337,06642,1,0

0001261569,15030,0497,00000,0,00004,0004,00000,0,0,04977,1204,05993,1,0

0001261669,15051,0432,00000,0,00000,0000,00000,0,0,04976,1219,06070,1,0

0001261769,15051,0432,00000,0,00001,0002,00000,0,0,04974,1002,04983,1,0

0001261869,15051,0432,00000,0,00000,0003,00000,0,0,04977,1217,06058,1,0

0001261969,15004,0632,00000,0,00000,0005,00000,0,0,04976,1216,06049,1,0

0001262069,15004,0632,00000,0,00000,0000,00000,0,0,04958,1967,09751,1,0

0001262169,15004,0632,00000,0,00000,0000,00000,0,0,04970,1669,08295,1,0

0001262269,14985,0631,00000,0,00000,0000,00000,0,0,04982,1270,06327,1,0

0001262369,14985,0631,00000,0,00004,0001,00000,0,0,04976,1275,06348,1,0

0001262469,14985,0631,00000,0,00000,0003,00000,0,0,04963,1513,07509,1,0

0001262569,15040,0468,00000,0,00002,0000,00000,0,0,04975,1211,06025,1,0

0001262669,15040,0468,00000,0,00000,0000,00000,0,0,04969,1334,06628,1,0

0001262769,15040,0468,00000,0,00000,0001,00000,0,0,04973,1207,06003,1,0

0001262869,15040,0468,00000,0,00000,0003,00000,0,0,04976,1215,06042,1,0

0001262969,15062,0474,00000,0,00002,0006,00000,0,0,04978,1275,06346,1,0

0001263069,15062,0474,00000,0,00000,0000,00000,0,0,04973,1231,06121,1,0

0001263169,15062,0474,00000,0,00000,0003,00000,0,0,04987,1267,06316,1,0

0001263269,15020,0553,00000,0,00001,0001,00000,0,0,04967,1525,07572,1,0

0001263369,15020,0553,00000,0,00000,0000,00000,0,0,04979,1239,06169,1,0

0001263469,15020,0553,00000,0,00001,0003,00000,0,0,04983,1218,06070,1,0

0001263569,15040,0502,00000,0,00000,0005,00000,0,0,04976,1258,06264,1,0

0001263669,15040,0502,00000,0,00000,0000,00000,0,0,04981,1307,06509,1,0

0001263769,15040,0502,00000,0,00002,0000,00000,0,0,04976,1256,06254,1,0

0001263869,15051,0571,00000,0,00001,0004,00000,0,0,04981,1233,06144,1,0

0001263969,15051,0571,00000,0,00000,0000,00000,0,0,04981,1212,06039,1,0

0001264069,15051,0571,00000,0,00000,0005,00000,0,0,04971,1005,04998,1,0

0001264169,15044,0579,00000,0,00000,0001,00000,0,0,04973,1159,05765,1,0

0001264269,15044,0579,00000,0,00001,0002,00000,0,0,04959,1727,08561,1,0

0001264369,15044,0579,00000,0,00000,0000,00000,0,0,04979,1283,06389,1,0

0001264469,15050,0470,00000,0,00000,0000,00000,0,0,04975,1225,06094,1,0

0001264569,15050,0470,00000,0,00003,0002,00000,0,0,04971,1242,06173,1,0

0001264669,15050,0470,00000,0,00000,0000,00000,0,0,04974,1061,05277,1,0

0001264769,15047,0536,00000,0,00004,0005,00000,0,0,04979,1429,07114,1,0

0001264869,15047,0536,00000,0,00005,0000,00000,0,0,04980,1844,09186,1,0

0001264969,15047,0536,00000,0,00000,0000,00000,0,0,04976,1224,06086,1,0

0001265069,15042,0475,00000,0,00000,0000,00000,0,0,04966,1371,06811,1,0

0001265169,15042,0475,00000,0,00005,0000,00000,0,0,04979,1223,06089,1,0

0001265269,15042,0475,00000,0,00000,0002,00000,0,0,04967,1626,08076,1,0

0001265369,15023,0537,00000,0,00000,0000,00000,0,0,04968,1239,06152,1,0

0001265469,15023,0537,00000,0,00000,0005,00000,0,0,04963,1763,08749,1,0

0001265569,15023,0537,00000,0,00000,0002,00000,0,0,04965,1553,07715,1,0

0001265669,15025,0505,00000,0,00000,0000,00000,0,0,04977,1204,05994,1,0

0001265769,15025,0505,00000,0,00004,0001,00000,0,0,04970,1508,07497,1,0

0001265869,15025,0505,00000,0,00005,0000,00000,0,0,04974,1315,06540,1,0

0001265969,15029,0489,00000,0,00000,0001,00000,0,0,04968,1295,06433,1,0

0001266069,15029,0489,00000,0,00002,0000,00000,0,0,04977,1338,06662,1,0

0001266169,15029,0489,00000,0,00000,0000,00000,0,0,04963,1645,08162,1,0

0001266269,15040,0460,00000,0,00005,0000,00000,0,0,04967,1331,06612,1,0

0001266369,15040,0460,00000,0,00000,0005,00000,0,0,04975,1297,06454,1,0

0001266469,15040,0460,00000,0,00000,0000,00000,0,0,04972,1237,06149,1,0

0001266569,15020,0526,00000,0,00000,0000,00000,0,0,04976,1258,06261,1,0

0001266669,15020,0526,00000,0,00003,0000,00000,0,0,04974,0951,04730,1,0

0001266769,15020,0526,00000,0,00003,0002,00000,0,0,04978,1204,05996,1,0

0001266869,15033,0445,00000,0,00001,0000,00000,0,0,04974,1279,06361,1,0

0001266969,15033,0445,00000,0,00000,0004,00000,0,0,04979,0962,04788,1,0

0001267069,15033,0445,00000,0,00000,0005,00000,0,0,04984,0925,04615,1,0

0001267169,15034,0398,00000,0,00000,0000,00000,0,0,04981,0954,04755,1,0

0001267269,15034,0398,00000,0,00000,0000,00000,0,0,04980,0950,04733,1,0

0001267369,15034,0398,00000,0,00000,0000,00000,0,0,04982,0960,04785,1,0

0001267469,15029,0418,00000,0,00001,0000,00000,0,0,04985,0947,04724,1,0

0001267569,15029,0418,00000,0,00000,0002,00000,0,0,04979,0938,04671,1,0

0001267669,15029,0418,00000,0,00000,0000,00000,0,0,04988,0942,04703,1,0

0001267769,15055,0348,00000,0,00000,0000,00000,0,0,04980,0912,04546,1,0

0001267869,15055,0348,00000,0,00001,0000,00000,0,0,04977,1518,07555,1,0

0001267969,15055,0348,00000,0,00000,0000,00000,0,0,04982,0969,04827,1,0

0001268069,15025,0397,00000,0,00000,0000,00000,0,0,04982,0934,04654,1,0

0001268169,15025,0397,00000,0,00000,0005,00000,0,0,04976,0937,04667,1,0

0001268269,15025,0397,00000,0,00002,0001,00000,0,0,04986,0929,04632,1,0

0001268369,15079,0355,00000,0,00000,0000,00000,0,0,04982,0969,04827,1,0

0001268469,15079,0355,00000,0,00002,0003,00000,0,0,04977,0930,04632,1,0

0001268569,15079,0355,00000,0,00000,0006,00000,0,0,04980,0974,04851,1,0

0001268669,15037,0364,00000,0,00003,0002,00000,0,0,04981,0940,04681,1,0

0001268769,15037,0364,00000,0,00000,0002,00000,0,0,04986,0923,04602,1,0

0001268869,15037,0364,00000,0,00000,0004,00000,0,0,04979,0925,04603,1,0

0001268969,15040,0376,00000,0,00003,0002,00000,0,0,04981,0935,04659,1,0

0001269069,15040,0376,00000,0,00000,0003,00000,0,0,04961,1857,09213,1,0

0001269169,15040,0376,00000,0,00000,0000,00000,0,0,04976,1215,06049,1,0

0001269269,15032,0590,00000,0,00002,0001,00000,0,0,04981,1476,07351,1,0

0001269369,15032,0590,00000,0,00000,0000,00000,0,0,04972,1201,05975,1,0

0001269469,15032,0590,00000,0,00002,0000,00000,0,0,04978,1434,07137,1,0

0001269569,15063,0440,00000,0,00000,0000,00000,0,0,04976,1433,07135,1,0

0001269669,15063,0440,00000,0,00000,0002,00000,0,0,04965,1564,07769,1,0

0001269769,15063,0440,00000,0,00000,0000,00000,0,0,04964,1565,07768,1,0

0001269869,15020,0480,00000,0,00000,0000,00000,0,0,04973,1220,06068,1,0

0001269969,15020,0480,00000,0,00000,0000,00000,0,0,04974,1220,06069,1,0

0001270069,15020,0480,00000,0,00000,0000,00000,0,0,04979,1006,05008,1,0

0001270169,15047,0476,00000,0,00000,0004,00000,0,0,04979,1159,05769,1,0

0001270269,15047,0476,00000,0,00001,0001,00000,0,0,04977,1583,07879,1,0

0001270369,15047,0476,00000,0,00000,0000,00000,0,0,04973,1227,06105,1,0

0001270469,15058,0456,00000,0,00000,0000,00000,0,0,04975,1430,07114,1,0

0001270569,15058,0456,00000,0,00000,0000,00000,0,0,04974,1199,05966,1,0

0001270669,15058,0456,00000,0,00002,0000,00000,0,0,04983,1214,06048,1,0

0001270769,15020,0495,00000,0,00001,0000,00000,0,0,04981,1215,06053,1,0

0001270869,15020,0495,00000,0,00000,0003,00000,0,0,04976,1220,06071,1,0

0001270969,15020,0495,00000,0,00000,0000,00000,0,0,04973,1270,06316,1,0

0001271069,15003,0626,00000,0,00000,0004,00000,0,0,04973,1229,06111,1,0

0001271169,15003,0626,00000,0,00000,0006,00000,0,0,04978,1219,06070,1,0

0001271269,15003,0626,00000,0,00000,0000,00000,0,0,04975,0982,04886,1,0

0001271369,15032,0540,00000,0,00003,0001,00000,0,0,04977,1244,06194,1,0

0001271469,15032,0540,00000,0,00001,0000,00000,0,0,04977,1267,06305,1,0

0001271569,15032,0540,00000,0,00000,0003,00000,0,0,04976,1217,06053,1,0

0001271669,15036,0486,00000,0,00001,0003,00000,0,0,04978,1271,06327,1,0

0001271769,15036,0486,00000,0,00001,0000,00000,0,0,04983,1215,06055,1,0

0001271869,15036,0486,00000,0,00000,0000,00000,0,0,04980,1227,06115,1,0

0001271969,15030,0492,00000,0,00000,0001,00000,0,0,04977,1218,06066,1,0

0001272069,15030,0492,00000,0,00000,0000,00000,0,0,04969,1224,06083,1,0

0001272169,15030,0492,00000,0,00000,0000,00000,0,0,04973,1219,06064,1,0

0001272269,15029,0468,00000,0,00000,0000,00000,0,0,04983,1212,06040,1,0

0001272369,15029,0468,00000,0,00001,0000,00000,0,0,04972,1231,06121,1,0

0001272469,15029,0468,00000,0,00000,0000,00000,0,0,04982,1242,06188,1,0

0001272569,15019,0500,00000,0,00000,0000,00000,0,0,04981,1227,06113,1,0

0001272669,15019,0500,00000,0,00004,0006,00000,0,0,04980,1233,06144,1,0

0001272769,15019,0500,00000,0,00000,0000,00000,0,0,04975,1200,05967,1,0

0001272869,15052,0547,00000,0,00000,0000,00000,0,0,04972,1296,06446,1,0

0001272969,15052,0547,00000,0,00000,0000,00000,0,0,04977,1214,06046,1,0

0001273069,15052,0547,00000,0,00000,0003,00000,0,0,04974,1209,06013,1,0

0001273169,15020,0491,00000,0,00002,0000,00000,0,0,04976,1266,06298,1,0

0001273269,15020,0491,00000,0,00000,0000,00000,0,0,04983,1296,06459,1,0

0001273369,15020,0491,00000,0,00005,0000,00000,0,0,04973,1293,06433,1,0

0001273469,15048,0461,00000,0,00000,0000,00000,0,0,04977,1184,05893,1,0

0001273569,15048,0461,00000,0,00000,0000,00000,0,0,04978,1201,05981,1,0

0001273669,15048,0461,00000,0,00000,0003,00000,0,0,04970,1231,06119,1,0

0001273769,15018,0610,00000,0,00000,0003,00000,0,0,04961,1561,07747,1,0

0001273869,15018,0610,00000,0,00002,0000,00000,0,0,04982,1246,06210,1,0

0001273969,15018,0610,00000,0,00004,0000,00000,0,0,04975,1272,06327,1,0

0001274069,15018,0610,00000,0,00001,0004,00000,0,0,04977,1179,05871,1,0

0001274169,15048,0467,00000,0,00000,0000,00000,0,0,04965,1272,06316,1,0

0001274269,15048,0467,00000,0,00002,0000,00000,0,0,04971,1236,06143,1,0

0001274369,15048,0467,00000,0,00004,0000,00000,0,0,04973,1219,06062,1,0

0001274469,15036,0509,00000,0,00000,0001,00000,0,0,04973,1235,06144,1,0

0001274569,15036,0509,00000,0,00000,0001,00000,0,0,04979,1235,06149,1,0

0001274669,15036,0509,00000,0,00000,0006,00000,0,0,04983,1229,06123,1,0

0001274769,15050,0484,00000,0,00001,0003,00000,0,0,04984,1511,07535,1,0

0001274869,15050,0484,00000,0,00000,0001,00000,0,0,04975,1268,06309,1,0

0001274969,15050,0484,00000,0,00004,0000,00000,0,0,04964,1504,07462,1,0

0001275069,15034,0473,00000,0,00000,0000,00000,0,0,04973,1312,06526,1,0

0001275169,15034,0473,00000,0,00000,0000,00000,0,0,04976,0898,04470,1,0

0001275269,15034,0473,00000,0,00000,0000,00000,0,0,04973,1386,06894,1,0

0001275369,15039,0484,00000,0,00000,0003,00000,0,0,04980,1194,05948,1,0

0001275469,15039,0484,00000,0,00000,0000,00000,0,0,04975,1207,06005,1,0

0001275569,15039,0484,00000,0,00004,0000,00000,0,0,04972,0895,04454,1,0

0001275669,15037,0459,00000,0,00006,0002,00000,0,0,04979,0906,04511,1,0

0001275769,15037,0459,00000,0,00005,0000,00000,0,0,04987,0888,04426,1,0

0001275869,15037,0459,00000,0,00000,0000,00000,0,0,04972,0891,04427,1,0

0001275969,15061,0354,00000,0,00000,0000,00000,0,0,04984,0881,04392,1,0

0001276069,15061,0354,00000,0,00000,0000,00000,0,0,04979,0880,04381,1,0

0001276169,15061,0354,00000,0,00001,0000,00000,0,0,04988,0878,04382,1,0

0001276269,15055,0370,00000,0,00004,0001,00000,0,0,04983,0860,04284,1,0

