0037976368,15066,0320,00000,0,00000,0003,00000,0,0,04984,1581,07881,1,0

0037976468,15066,0320,00000,0,00003,0000,00000,0,0,04966,1782,08848,1,0

0037976568,15043,0545,00000,0,00000,0000,00000,0,0,04967,1341,06662,1,0

0037976668,15043,0545,00000,0,00000,0002,00000,0,0,04980,1319,06572,1,0

0037976768,15043,0545,00000,0,00000,0003,00000,0,0,04974,1480,07359,1,0

0037976868,15047,0374,00000,0,00001,0001,00000,0,0,04982,0963,04796,1,0

0037976968,15047,0374,00000,0,00000,0008,00000,0,0,04971,1262,06274,1,0

0037977068,15047,0374,00000,0,00000,0000,00000,0,0,04968,1291,06418,1,0

0037977168,15041,0480,00000,0,00001,0000,00000,0,0,04978,0932,04639,1,0

0037977268,15041,0480,00000,0,00000,0000,00000,0,0,04976,1326,06602,1,0

0037977368,15041,0480,00000,0,00000,0000,00000,0,0,04981,0880,04385,1,0

0037977468,15035,0368,00000,0,00001,0000,00000,0,0,04985,0864,04310,1,0

0037977568,15035,0368,00000,0,00002,0000,00000,0,0,04963,1538,07631,1,0

0037977668,15035,0368,00000,0,00000,0002,00000,0,0,04979,1376,06848,1,0

0037977768,15008,0505,00000,0,00000,0000,00000,0,0,04975,1384,06884,1,0

0037977868,15008,0505,00000,0,00000,0000,00000,0,0,04958,1946,09647,1,0

0037977968,15008,0505,00000,0,00000,0000,00000,0,0,04962,1684,08359,1,0

0037978068,15002,0716,00000,0,00000,0004,00000,0,0,04968,1635,08125,1,0

0037978168,15002,0716,00000,0,00000,0001,00000,0,0,04971,1381,06861,1,0

0037978268,15002,0716,00000,0,00000,0000,00000,0,0,04964,1740,08636,1,0

0037978368,14995,0692,00000,0,00001,0000,00000,0,0,04980,1003,04995,1,0

0037978468,14995,0692,00000,0,00002,0000,00000,0,0,04985,0974,04857,1,0

0037978568,14995,0692,00000,0,00001,0000,00000,0,0,04979,0986,04911,1,0

0037978668,15030,0409,00000,0,00000,0000,00000,0,0,04980,0977,04870,1,0

0037978768,15030,0409,00000,0,00000,0000,00000,0,0,04982,0989,04929,1,0

0037978868,15030,0409,00000,0,00000,0006,00000,0,0,04981,0992,04942,1,0

0037978968,15039,0389,00000,0,00004,0000,00000,0,0,04978,0964,04800,1,0

0037979068,15039,0389,00000,0,00000,0000,00000,0,0,04985,0979,04879,1,0

0037979168,15039,0389,00000,0,00000,0000,00000,0,0,04981,0962,04795,1,0

0037979268,15047,0396,00000,0,00000,0000,00000,0,0,04985,0968,04825,1,0

0037979368,15047,0396,00000,0,00000,0000,00000,0,0,04974,1374,06832,1,0

0037979468,15047,0396,00000,0,00000,0000,00000,0,0,04970,1372,06820,1,0

0037979568,15007,0544,00000,0,00000,0005,00000,0,0,04967,1380,06852,1,0

0037979668,15007,0544,00000,0,00000,0000,00000,0,0,04966,1689,08387,1,0

0037979768,15007,0544,00000,0,00006,0001,00000,0,0,04980,1365,06802,1,0

0037979868,15015,0564,00000,0,00000,0002,00000,0,0,04967,1390,06904,1,0

0037979968,15015,0564,00000,0,00000,0002,00000,0,0,04974,1399,06960,1,0

0037980068,15015,0564,00000,0,00001,0000,00000,0,0,04979,1352,06732,1,0

0037980168,15020,0537,00000,0,00000,0000,00000,0,0,04972,1636,08137,1,0

0037980268,15020,0537,00000,0,00000,0000,00000,0,0,04971,1355,06734,1,0

0037980368,15020,0537,00000,0,00003,0000,00000,0,0,04977,1353,06737,1,0

0037980468,15048,0500,00000,0,00000,0000,00000,0,0,04979,1358,06762,1,0

0037980568,15048,0500,00000,0,00003,0001,00000,0,0,04975,1341,06669,1,0

0037980668,15048,0500,00000,0,00003,0000,00000,0,0,04971,1358,06752,1,0

0037980768,15031,0515,00000,0,00000,0000,00000,0,0,04973,1370,06813,1,0

0037980868,15031,0515,00000,0,00000,0000,00000,0,0,04976,1346,06695,1,0

0037980968,15031,0515,00000,0,00003,0000,00000,0,0,04980,1342,06685,1,0

0037981068,15020,0523,00000,0,00000,0005,00000,0,0,04973,1348,06707,1,0

0037981168,15020,0523,00000,0,00000,0000,00000,0,0,04973,1343,06682,1,0

0037981268,15020,0523,00000,0,00000,0000,00000,0,0,04974,1359,06761,1,0

0037981368,15012,0595,00000,0,00000,0005,00000,0,0,04967,1342,06665,1,0

0037981468,15012,0595,00000,0,00000,0000,00000,0,0,04971,1407,06991,1,0

0037981568,15012,0595,00000,0,00000,0000,00000,0,0,04969,1441,07161,1,0

0037981668,15042,0518,00000,0,00003,0000,00000,0,0,04965,1649,08190,1,0

0037981768,15042,0518,00000,0,00001,0002,00000,0,0,04964,1686,08372,1,0

0037981868,15042,0518,00000,0,00003,0000,00000,0,0,04982,1392,06935,1,0

0037981968,15024,0551,00000,0,00000,0005,00000,0,0,04976,1382,06880,1,0

0037982068,15024,0551,00000,0,00000,0008,00000,0,0,04970,1337,06645,1,0

0037982168,15024,0551,00000,0,00000,0000,00000,0,0,04971,1404,06978,1,0

0037982268,15002,0585,00000,0,00002,0000,00000,0,0,04979,1358,06760,1,0

0037982368,15002,0585,00000,0,00003,0006,00000,0,0,04979,1339,06664,1,0

0037982468,15002,0585,00000,0,00000,0000,00000,0,0,04976,1406,07001,1,0

0037982568,15023,0541,00000,0,00000,0000,00000,0,0,04973,1342,06677,1,0

0037982668,15023,0541,00000,0,00000,0001,00000,0,0,04972,1364,06783,1,0

0037982768,15023,0541,00000,0,00000,0000,00000,0,0,04982,1345,06700,1,0

0037982868,15024,0537,00000,0,00004,0000,00000,0,0,04973,1656,08238,1,0

0037982968,15024,0537,00000,0,00000,0000,00000,0,0,04980,1349,06721,1,0

0037983068,15024,0537,00000,0,00001,0000,00000,0,0,04980,1356,06754,1,0

0037983168,15031,0522,00000,0,00005,0000,00000,0,0,04967,1564,07767,1,0

0037983268,15031,0522,00000,0,00003,0000,00000,0,0,04972,1593,07916,1,0

0037983368,15031,0522,00000,0,00000,0000,00000,0,0,04977,1373,06835,1,0

0037983468,15036,0573,00000,0,00001,0000,00000,0,0,04979,1358,06760,1,0

0037983568,15036,0573,00000,0,00000,0002,00000,0,0,04978,1353,06737,1,0

0037983668,15036,0573,00000,0,00000,0000,00000,0,0,04970,1363,06776,1,0

0037983768,14998,0598,00000,0,00001,0000,00000,0,0,04980,1422,07085,1,0

0037983868,14998,0598,00000,0,00000,0000,00000,0,0,04979,0997,04963,1,0

0037983968,14998,0598,00000,0,00001,0004,00000,0,0,04978,0996,04958,1,0

0037984068,15041,0392,00000,0,00000,0007,00000,0,0,04977,1001,04985,1,0

0037984168,15041,0392,00000,0,00000,0005,00000,0,0,04980,0997,04965,1,0

0037984268,15041,0392,00000,0,00000,0002,00000,0,0,04979,1016,05060,1,0

0037984368,15005,0512,00000,0,00002,0000,00000,0,0,04979,1002,04989,1,0

0037984468,15005,0512,00000,0,00000,0000,00000,0,0,04983,1007,05017,1,0

0037984568,15005,0512,00000,0,00000,0000,00000,0,0,04973,1030,05126,1,0

0037984668,15021,0563,00000,0,00001,0006,00000,0,0,04985,1015,05063,1,0

0037984768,15021,0563,00000,0,00000,0000,00000,0,0,04977,1246,06205,1,0

0037984868,15021,0563,00000,0,00000,0000,00000,0,0,04972,1236,06147,1,0

0037984968,15013,0513,00000,0,00000,0000,00000,0,0,04968,1262,06273,1,0

0037985068,15013,0513,00000,0,00000,0000,00000,0,0,04981,0997,04966,1,0

0037985168,15013,0513,00000,0,00002,0006,00000,0,0,04970,1386,06888,1,0

0037985268,15041,0510,00000,0,00001,0006,00000,0,0,04965,1455,07225,1,0

0037985368,15041,0510,00000,0,00000,0002,00000,0,0,04979,1323,06588,1,0

0037985468,15041,0510,00000,0,00000,0000,00000,0,0,04968,1468,07289,1,0

0037985568,15037,0530,00000,0,00002,0000,00000,0,0,04967,1552,07706,1,0

0037985668,15037,0530,00000,0,00001,0000,00000,0,0,04978,1063,05293,1,0

0037985768,15037,0530,00000,0,00000,0000,00000,0,0,04975,1486,07390,1,0

0037985868,15052,0379,00000,0,00000,0005,00000,0,0,04972,1181,05875,1,0

0037985968,15052,0379,00000,0,00000,0006,00000,0,0,04976,1062,05286,1,0

0037986068,15052,0379,00000,0,00003,0000,00000,0,0,04975,1185,05896,1,0

0037986168,15052,0379,00000,0,00000,0000,00000,0,0,04980,1349,06721,1,0

0037986268,15024,0504,00000,0,00000,0005,00000,0,0,04970,1373,06823,1,0

0037986368,15024,0504,00000,0,00000,0002,00000,0,0,04973,1441,07166,1,0

0037986468,15024,0504,00000,0,00000,0000,00000,0,0,04981,1156,05758,1,0

0037986568,15027,0478,00000,0,00000,0000,00000,0,0,04980,0996,04961,1,0

0037986668,15027,0478,00000,0,00000,0000,00000,0,0,04978,1384,06889,1,0

0037986768,15027,0478,00000,0,00003,0003,00000,0,0,04973,1155,05746,1,0

0037986868,15030,0453,00000,0,00000,0000,00000,0,0,04970,1283,06377,1,0

0037986968,15030,0453,00000,0,00004,0000,00000,0,0,04978,1018,05070,1,0

0037987068,15030,0453,00000,0,00000,0000,00000,0,0,04976,1507,07495,1,0

0037987168,15011,0558,00000,0,00000,0000,00000,0,0,04981,1349,06721,1,0

0037987268,15011,0558,00000,0,00000,0006,00000,0,0,04977,1246,06200,1,0

0037987368,15011,0558,00000,0,00001,0000,00000,0,0,04963,1522,07554,1,0

0037987468,15024,0594,00000,0,00000,0001,00000,0,0,04965,1549,07693,1,0

0037987568,15024,0594,00000,0,00003,0000,00000,0,0,04962,1484,07362,1,0

0037987668,15024,0594,00000,0,00000,0000,00000,0,0,04960,1829,09068,1,0

0037987768,15009,0596,00000,0,00000,0000,00000,0,0,04962,1690,08384,1,0

0037987868,15009,0596,00000,0,00000,0003,00000,0,0,04985,0877,04375,1,0

0037987968,15009,0596,00000,0,00000,0000,00000,0,0,04978,0883,04398,1,0

0037988068,15047,0350,00000,0,00000,0000,00000,0,0,04981,0878,04373,1,0

0037988168,15047,0350,00000,0,00000,0000,00000,0,0,04979,0871,04335,1,0

0037988268,15047,0350,00000,0,00000,0000,00000,0,0,04987,0876,04367,1,0

0037988368,15047,0339,00000,0,00002,0000,00000,0,0,04980,0854,04257,1,0

