0031789669,14975,0502,00000,0,00000,0000,00000,0,0,04979,1198,05965,1,0

0031789769,14975,0502,00000,0,00000,0000,00000,0,0,04971,1443,07173,1,0

0031789869,15030,0413,00000,0,00000,0000,00000,0,0,04976,0867,04315,1,0

0031789969,15030,0413,00000,0,00000,0000,00000,0,0,04982,0874,04355,1,0

0031790469,15031,0347,00000,0,00000,0000,00000,0,0,04978,0848,04224,1,0

0031790569,15031,0347,00000,0,00000,0000,00000,0,0,04985,0861,04293,1,0

0031790669,15031,0347,00000,0,00000,0001,00000,0,0,04983,0862,04294,1,0

0031790769,15015,0351,00000,0,00000,0001,00000,0,0,04980,0861,04291,1,0

0031790869,15015,0351,00000,0,00002,0000,00000,0,0,04982,0868,04327,1,0

0031790969,15015,0351,00000,0,00000,0003,00000,0,0,04979,0870,04330,1,0

0031791069,15021,0336,00000,0,00000,0000,00000,0,0,04979,0852,04240,1,0

0031791169,15021,0336,00000,0,00003,0004,00000,0,0,04985,0867,04325,1,0

0031791269,15021,0336,00000,0,00001,0000,00000,0,0,04980,0843,04202,1,0

0031791369,15020,0354,00000,0,00000,0002,00000,0,0,04980,0874,04357,1,0

0031791469,15020,0354,00000,0,00002,0003,00000,0,0,04974,0863,04295,1,0

0031791569,15020,0354,00000,0,00003,0000,00000,0,0,04985,0877,04371,1,0

0031791669,15004,0348,00000,0,00000,0004,00000,0,0,04977,0863,04294,1,0

0031791769,15004,0348,00000,0,00000,0000,00000,0,0,04982,0847,04222,1,0

0031791869,15004,0348,00000,0,00000,0000,00000,0,0,04970,0860,04274,1,0

0031791969,15014,0364,00000,0,00000,0002,00000,0,0,04975,0880,04379,1,0

0031792069,15014,0364,00000,0,00000,0000,00000,0,0,04981,0850,04234,1,0

0031792169,15014,0364,00000,0,00000,0000,00000,0,0,04975,0877,04365,1,0

0031792269,15035,0406,00000,0,00003,0002,00000,0,0,04982,0860,04283,1,0

0031792369,15035,0406,00000,0,00003,0000,00000,0,0,04985,0864,04309,1,0

0031792469,15035,0406,00000,0,00000,0004,00000,0,0,04978,0853,04245,1,0

0031792569,15015,0354,00000,0,00000,0001,00000,0,0,04979,0857,04268,1,0

0031792669,15015,0354,00000,0,00000,0004,00000,0,0,04979,0859,04279,1,0

0031792769,15015,0354,00000,0,00000,0005,00000,0,0,04977,0867,04317,1,0

0031792869,15016,0344,00000,0,00008,0003,00000,0,0,04985,0860,04287,1,0

0031792969,15016,0344,00000,0,00000,0002,00000,0,0,04977,0859,04279,1,0

0031793069,15016,0344,00000,0,00004,0000,00000,0,0,04988,0861,04297,1,0

0031793169,15020,0355,00000,0,00002,0000,00000,0,0,04978,0856,04263,1,0

0031793269,15020,0355,00000,0,00000,0001,00000,0,0,04980,0857,04272,1,0

0031793369,15020,0355,00000,0,00000,0000,00000,0,0,04985,0860,04288,1,0

0031793469,15025,0359,00000,0,00002,0000,00000,0,0,04979,0865,04309,1,0

0031793569,15025,0359,00000,0,00001,0000,00000,0,0,04987,0854,04260,1,0

0031793669,15025,0359,00000,0,00000,0000,00000,0,0,04981,0879,04380,1,0

0031793769,15022,0339,00000,0,00001,0000,00000,0,0,04982,0862,04295,1,0

0031793869,15022,0339,00000,0,00000,0000,00000,0,0,04983,0861,04291,1,0

0031793969,15022,0339,00000,0,00001,0004,00000,0,0,04979,0853,04246,1,0

0031794069,15027,0350,00000,0,00001,0000,00000,0,0,04982,0852,04247,1,0

0031794169,15027,0350,00000,0,00005,0000,00000,0,0,04990,0884,04410,1,0

0031794269,15027,0350,00000,0,00000,0006,00000,0,0,04973,0878,04366,1,0

0031794369,15014,0373,00000,0,00007,0001,00000,0,0,04976,0857,04269,1,0

0031794469,15014,0373,00000,0,00000,0002,00000,0,0,04982,0866,04315,1,0

0031794569,15014,0373,00000,0,00000,0000,00000,0,0,04981,0840,04184,1,0

0031794669,15010,0355,00000,0,00000,0000,00000,0,0,04983,0868,04326,1,0

0031794769,15010,0355,00000,0,00000,0007,00000,0,0,04979,1215,06048,1,0

0031794869,15010,0355,00000,0,00000,0000,00000,0,0,04976,0921,04585,1,0

0031794969,15013,0460,00000,0,00003,0000,00000,0,0,04976,1241,06175,1,0

0031795069,15013,0460,00000,0,00002,0000,00000,0,0,04981,1243,06195,1,0

0031795169,15013,0460,00000,0,00000,0005,00000,0,0,04984,0940,04689,1,0

0031795269,15025,0372,00000,0,00000,0001,00000,0,0,04976,0873,04343,1,0

0031795369,15025,0372,00000,0,00003,0000,00000,0,0,04976,0862,04290,1,0

0031795469,15025,0372,00000,0,00002,0000,00000,0,0,04983,0875,04359,1,0

0031795569,15024,0328,00000,0,00001,0000,00000,0,0,04980,0856,04264,1,0

0031795669,15024,0328,00000,0,00001,0004,00000,0,0,04987,0882,04397,1,0

0031795769,15024,0328,00000,0,00000,0000,00000,0,0,04978,0858,04273,1,0

0031795869,15030,0351,00000,0,00003,0001,00000,0,0,04981,0875,04358,1,0

0031795969,15030,0351,00000,0,00000,0000,00000,0,0,04986,0848,04231,1,0

0031796069,15030,0351,00000,0,00000,0000,00000,0,0,04983,0853,04252,1,0

0031796169,15026,0338,00000,0,00002,0001,00000,0,0,04977,0852,04240,1,0

0031796269,15026,0338,00000,0,00000,0000,00000,0,0,04975,0864,04300,1,0

0031796369,15026,0338,00000,0,00002,0000,00000,0,0,04982,0860,04285,1,0

0031796469,15021,0339,00000,0,00003,0001,00000,0,0,04977,0870,04333,1,0

0031796569,15021,0339,00000,0,00004,0000,00000,0,0,04987,0846,04220,1,0

0031796669,15021,0339,00000,0,00000,0000,00000,0,0,04976,0876,04357,1,0

0031796769,15022,0342,00000,0,00000,0005,00000,0,0,04976,0863,04299,1,0

0031796869,15022,0342,00000,0,00000,0000,00000,0,0,04977,0850,04232,1,0

0031796969,15022,0342,00000,0,00005,0000,00000,0,0,04978,0861,04285,1,0

0031797069,15019,0338,00000,0,00000,0000,00000,0,0,04971,0866,04303,1,0

0031797169,15019,0338,00000,0,00000,0002,00000,0,0,04976,0863,04295,1,0

0031797269,15019,0338,00000,0,00000,0000,00000,0,0,04978,0846,04214,1,0

0031797369,15019,0344,00000,0,00001,0000,00000,0,0,04979,0840,04185,1,0

0031797469,15019,0344,00000,0,00001,0000,00000,0,0,04981,0868,04327,1,0

0031797569,15019,0344,00000,0,00003,0000,00000,0,0,04980,0851,04239,1,0

0031797669,15032,0389,00000,0,00004,0002,00000,0,0,04979,0844,04202,1,0

0031797769,15032,0389,00000,0,00000,0000,00000,0,0,04977,0866,04314,1,0

0031797869,15032,0389,00000,0,00001,0000,00000,0,0,04980,0851,04239,1,0

0031797969,15025,0333,00000,0,00000,0000,00000,0,0,04978,0862,04292,1,0

0031798069,15025,0333,00000,0,00000,0000,00000,0,0,04980,0867,04319,1,0

0031798169,15025,0333,00000,0,00003,0002,00000,0,0,04985,0855,04262,1,0

0031798269,15019,0364,00000,0,00000,0003,00000,0,0,04975,0941,04682,1,0

0031798369,15019,0364,00000,0,00005,0000,00000,0,0,04976,0858,04268,1,0

0031798469,15019,0364,00000,0,00003,0000,00000,0,0,04984,0863,04302,1,0

0031798569,15021,0344,00000,0,00004,0003,00000,0,0,04984,0857,04276,1,0

0031798669,15021,0344,00000,0,00000,0000,00000,0,0,04983,0867,04321,1,0

0031798769,15021,0344,00000,0,00001,0000,00000,0,0,04981,0859,04280,1,0

0031798869,15029,0339,00000,0,00000,0004,00000,0,0,04979,0871,04339,1,0

0031798969,15029,0339,00000,0,00003,0002,00000,0,0,04991,0848,04235,1,0

0031799069,15029,0339,00000,0,00000,0000,00000,0,0,04976,1219,06066,1,0

0031799169,15029,0338,00000,0,00000,0002,00000,0,0,04982,0858,04278,1,0

0031799269,15029,0338,00000,0,00000,0004,00000,0,0,04979,1261,06276,1,0

0031799369,15029,0338,00000,0,00000,0002,00000,0,0,04985,0858,04280,1,0

0031799469,15018,0361,00000,0,00000,0002,00000,0,0,04984,0865,04313,1,0

0031799569,15018,0361,00000,0,00001,0000,00000,0,0,04983,0851,04242,1,0

0031799669,15018,0361,00000,0,00000,0000,00000,0,0,04983,0850,04237,1,0

0031799769,15011,0364,00000,0,00007,0001,00000,0,0,04979,0877,04365,1,0

0031799869,15011,0364,00000,0,00000,0006,00000,0,0,04979,0873,04345,1,0

0031799969,15011,0364,00000,0,00000,0000,00000,0,0,04979,0841,04185,1,0

0031800069,15021,0350,00000,0,00000,0000,00000,0,0,04979,0873,04346,1,0

0031800169,15021,0350,00000,0,00000,0002,00000,0,0,04978,0906,04513,1,0

0031800269,15021,0350,00000,0,00000,0005,00000,0,0,04979,0864,04300,1,0

0031800369,15022,0331,00000,0,00000,0003,00000,0,0,04977,0863,04299,1,0

0031800469,15022,0331,00000,0,00000,0000,00000,0,0,04979,0851,04236,1,0

0031800569,15022,0331,00000,0,00000,0002,00000,0,0,04979,0862,04290,1,0

0031800669,15032,0338,00000,0,00001,0001,00000,0,0,04979,0872,04341,1,0

0031800769,15032,0338,00000,0,00002,0006,00000,0,0,04979,0870,04333,1,0

0031800869,15032,0338,00000,0,00000,0000,00000,0,0,04979,0855,04256,1,0

0031800969,15030,0391,00000,0,00005,0000,00000,0,0,04980,0846,04216,1,0

0031801069,15030,0391,00000,0,00005,0001,00000,0,0,04980,0867,04318,1,0

0031801169,15030,0391,00000,0,00000,0000,00000,0,0,04981,0848,04225,1,0

0031801269,15034,0392,00000,0,00000,0000,00000,0,0,04979,0868,04319,1,0

0031801369,15034,0392,00000,0,00000,0001,00000,0,0,04976,0862,04293,1,0

0031801469,15034,0392,00000,0,00000,0000,00000,0,0,04976,0862,04288,1,0

0031801569,15001,0359,00000,0,00000,0000,00000,0,0,04978,0865,04305,1,0

0031801669,15001,0359,00000,0,00002,0000,00000,0,0,04983,0863,04298,1,0

0031801769,15001,0359,00000,0,00000,0000,00000,0,0,04979,0847,04217,1,0

0031801869,15040,0368,00000,0,00000,0002,00000,0,0,04982,0865,04312,1,0

0031801969,15040,0368,00000,0,00001,0000,00000,0,0,04977,0862,04293,1,0

0031802069,15040,0368,00000,0,00004,0000,00000,0,0,04990,0846,04224,1,0

0031802169,15017,0352,00000,0,00000,0000,00000,0,0,04980,0852,04246,1,0

0031802269,15017,0352,00000,0,00000,0001,00000,0,0,04982,0863,04302,1,0

0031802369,15017,0352,00000,0,00000,0000,00000,0,0,04979,0863,04299,1,0

0031802469,15017,0352,00000,0,00000,0000,00000,0,0,04983,0872,04343,1,0

0031802569,15037,0346,00000,0,00000,0000,00000,0,0,04983,0851,04239,1,0

0031802669,15037,0346,00000,0,00000,0005,00000,0,0,04977,0866,04314,1,0

0031802769,15037,0346,00000,0,00000,0000,00000,0,0,04977,0855,04258,1,0

0031802869,15034,0330,00000,0,00002,0001,00000,0,0,04985,0858,04278,1,0

0031802969,15034,0330,00000,0,00000,0000,00000,0,0,04982,0860,04284,1,0

0031803069,15034,0330,00000,0,00000,0000,00000,0,0,04984,0841,04196,1,0

0031803169,15023,0355,00000,0,00001,0000,00000,0,0,04986,0857,04274,1,0

0031803269,15023,0355,00000,0,00004,0000,00000,0,0,04985,0861,04292,1,0

0031803369,15023,0355,00000,0,00002,0000,00000,0,0,04979,0931,04636,1,0

0031803469,15039,0322,00000,0,00001,0000,00000,0,0,04983,0867,04320,1,0

0031803569,15039,0322,00000,0,00000,0003,00000,0,0,04983,0854,04257,1,0

0031803669,15039,0322,00000,0,00000,0000,00000,0,0,04981,0861,04292,1,0

0031803769,15020,0335,00000,0,00000,0000,00000,0,0,04978,0851,04235,1,0

0031803869,15020,0335,00000,0,00000,0003,00000,0,0,04984,0862,04300,1,0

0031803969,15020,0335,00000,0,00004,0002,00000,0,0,04980,0842,04195,1,0

0031804069,15023,0351,00000,0,00000,0001,00000,0,0,04977,0866,04314,1,0

0031804169,15023,0351,00000,0,00000,0000,00000,0,0,04977,0859,04277,1,0

0031804269,15023,0351,00000,0,00000,0000,00000,0,0,04976,0869,04325,1,0

0031804369,15030,0363,00000,0,00000,0000,00000,0,0,04980,0860,04284,1,0

0031804469,15030,0363,00000,0,00000,0002,00000,0,0,04986,0855,04264,1,0

0031804569,15030,0363,00000,0,00000,0000,00000,0,0,04979,0860,04280,1,0

0031804669,15021,0353,00000,0,00002,0000,00000,0,0,04985,0864,04308,1,0

0031804769,15021,0353,00000,0,00000,0000,00000,0,0,04984,0856,04269,1,0

0031804869,15021,0353,00000,0,00000,0000,00000,0,0,04974,0872,04340,1,0

0031804969,15027,0389,00000,0,00002,0000,00000,0,0,04979,0837,04168,1,0

0031805069,15027,0389,00000,0,00000,0000,00000,0,0,04983,0865,04310,1,0

0031805169,15027,0389,00000,0,00002,0000,00000,0,0,04977,0846,04211,1,0

0031805269,15023,0350,00000,0,00000,0000,00000,0,0,04984,0852,04249,1,0

0031805369,15023,0350,00000,0,00000,0000,00000,0,0,04979,0864,04302,1,0

0031805469,15023,0350,00000,0,00001,0007,00000,0,0,04979,0858,04274,1,0

0031805569,15023,0357,00000,0,00000,0001,00000,0,0,04980,0848,04227,1,0

0031805669,15023,0357,00000,0,00000,0004,00000,0,0,04979,0858,04271,1,0

0031805769,15023,0357,00000,0,00000,0000,00000,0,0,04976,0855,04256,1,0

0031805869,15031,0352,00000,0,00000,0001,00000,0,0,04982,0860,04287,1,0

0031805969,15031,0352,00000,0,00001,0003,00000,0,0,04974,0851,04234,1,0

0031806069,15031,0352,00000,0,00000,0000,00000,0,0,04973,0865,04305,1,0

0031806169,15032,0332,00000,0,00000,0000,00000,0,0,04979,0859,04275,1,0

0031806269,15032,0332,00000,0,00000,0000,00000,0,0,04985,0851,04243,1,0

0031806369,15032,0332,00000,0,00000,0001,00000,0,0,04981,0855,04258,1,0

0031806469,15002,0350,00000,0,00000,0000,00000,0,0,04978,0864,04300,1,0

0031806569,15002,0350,00000,0,00005,0001,00000,0,0,04981,0865,04311,1,0

0031806669,15002,0350,00000,0,00000,0000,00000,0,0,04977,0876,04359,1,0

0031806769,15005,0362,00000,0,00003,0000,00000,0,0,04979,0851,04236,1,0

0031806869,15005,0362,00000,0,00000,0000,00000,0,0,04982,0877,04372,1,0

0031806969,15005,0362,00000,0,00005,0000,00000,0,0,04982,0857,04271,1,0

0031807069,15027,0377,00000,0,00000,0000,00000,0,0,04976,0859,04276,1,0

0031807169,15027,0377,00000,0,00000,0000,00000,0,0,04982,0863,04301,1,0

0031807269,15027,0377,00000,0,00000,0000,00000,0,0,04979,0878,04370,1,0

0031807369,15042,0333,00000,0,00003,0000,00000,0,0,04977,0860,04283,1,0

0031807469,15042,0333,00000,0,00000,0000,00000,0,0,04979,0865,04308,1,0

0031807569,15042,0333,00000,0,00000,0000,00000,0,0,04979,0848,04222,1,0

0031807669,15036,0338,00000,0,00000,0001,00000,0,0,04983,0866,04316,1,0

0031807769,15036,0338,00000,0,00000,0000,00000,0,0,04981,0855,04260,1,0

0031807869,15036,0338,00000,0,00000,0000,00000,0,0,04989,0857,04276,1,0

0031807969,15032,0346,00000,0,00000,0003,00000,0,0,04981,0848,04226,1,0

0031808069,15032,0346,00000,0,00001,0003,00000,0,0,04978,0845,04209,1,0

0031808169,15032,0346,00000,0,00000,0000,00000,0,0,04985,0854,04260,1,0

0031808269,15010,0346,00000,0,00000,0003,00000,0,0,04986,0860,04288,1,0

0031808369,15010,0346,00000,0,00000,0000,00000,0,0,04978,0853,04245,1,0

0031808469,15010,0346,00000,0,00000,0000,00000,0,0,04980,0877,04369,1,0

0031808569,15027,0354,00000,0,00002,0004,00000,0,0,04981,0857,04272,1,0

0031808669,15027,0354,00000,0,00000,0005,00000,0,0,04985,0862,04300,1,0

0031808769,15027,0354,00000,0,00001,0000,00000,0,0,04985,0845,04213,1,0

0031808869,15007,0378,00000,0,00001,0000,00000,0,0,04987,0867,04321,1,0

0031808969,15007,0378,00000,0,00000,0000,00000,0,0,04978,0855,04259,1,0

0031809069,15007,0378,00000,0,00000,0000,00000,0,0,04979,0856,04263,1,0

0031809169,15024,0338,00000,0,00000,0004,00000,0,0,04979,0855,04258,1,0

0031809269,15024,0338,00000,0,00000,0000,00000,0,0,04984,0858,04280,1,0

0031809369,15024,0338,00000,0,00000,0000,00000,0,0,04985,0847,04226,1,0

0031809469,15025,0375,00000,0,00000,0000,00000,0,0,04979,0870,04331,1,0

0031809569,15025,0375,00000,0,00000,0000,00000,0,0,04976,0862,04291,1,0

0031809669,15025,0375,00000,0,00002,0002,00000,0,0,04985,0847,04223,1,0

0031809769,15033,0344,00000,0,00000,0002,00000,0,0,04988,0849,04239,1,0

0031809869,15033,0344,00000,0,00000,0000,00000,0,0,04980,0868,04325,1,0

0031809969,15033,0344,00000,0,00000,0000,00000,0,0,04978,0855,04255,1,0

0031810069,15042,0374,00000,0,00002,0000,00000,0,0,04979,0850,04232,1,0

0031810169,15042,0374,00000,0,00000,0000,00000,0,0,04983,0916,04565,1,0

0031810269,15042,0374,00000,0,00002,0002,00000,0,0,04977,0860,04284,1,0

0031810369,15022,0407,00000,0,00000,0000,00000,0,0,04978,0842,04190,1,0

0031810469,15022,0407,00000,0,00000,0000,00000,0,0,04978,0855,04257,1,0

0031810569,15022,0407,00000,0,00003,0000,00000,0,0,04978,0846,04210,1,0

0031810669,15023,0337,00000,0,00000,0000,00000,0,0,04973,0947,04712,1,0

0031810769,15023,0337,00000,0,00000,0000,00000,0,0,04981,0859,04280,1,0

0031810869,15023,0337,00000,0,00001,0000,00000,0,0,04981,0845,04211,1,0

0031810969,15022,0347,00000,0,00000,0000,00000,0,0,04979,0862,04289,1,0

0031811069,15022,0347,00000,0,00000,0000,00000,0,0,04978,0882,04391,1,0

0031811169,15022,0347,00000,0,00000,0000,00000,0,0,04980,0869,04331,1,0

0031811269,15022,0342,00000,0,00000,0003,00000,0,0,04985,0873,04353,1,0

0031811369,15022,0342,00000,0,00000,0000,00000,0,0,04974,0857,04264,1,0

0031811469,15022,0342,00000,0,00000,0000,00000,0,0,04982,0864,04303,1,0

0031811569,15020,0354,00000,0,00003,0000,00000,0,0,04985,0844,04210,1,0

0031811669,15020,0354,00000,0,00000,0003,00000,0,0,04978,0880,04382,1,0

0031811769,15020,0354,00000,0,00000,0000,00000,0,0,04979,0857,04269,1,0

0031811869,15022,0382,00000,0,00001,0000,00000,0,0,04984,0865,04314,1,0

0031811969,15022,0382,00000,0,00000,0000,00000,0,0,04983,0857,04272,1,0

0031812069,15022,0382,00000,0,00000,0000,00000,0,0,04983,0855,04258,1,0

0031812169,15035,0355,00000,0,00000,0006,00000,0,0,04985,0851,04242,1,0

0031812269,15035,0355,00000,0,00000,0000,00000,0,0,04979,0853,04245,1,0

0031812369,15035,0355,00000,0,00001,0003,00000,0,0,04982,0868,04323,1,0

0031812469,15010,0369,00000,0,00000,0000,00000,0,0,04984,0862,04296,1,0

0031812569,15010,0369,00000,0,00005,0000,00000,0,0,04982,0860,04284,1,0

0031812669,15010,0369,00000,0,00004,0000,00000,0,0,04986,0861,04293,1,0

0031812769,15003,0413,00000,0,00000,0000,00000,0,0,04985,0855,04266,1,0

0031812869,15003,0413,00000,0,00000,0000,00000,0,0,04980,1284,06398,1,0

0031812969,15003,0413,00000,0,00001,0000,00000,0,0,04979,0858,04273,1,0

0031813069,15010,0368,00000,0,00000,0000,00000,0,0,04980,0849,04229,1,0

0031813169,15010,0368,00000,0,00000,0000,00000,0,0,04978,0860,04283,1,0

0031813269,15010,0368,00000,0,00000,0000,00000,0,0,04990,0864,04314,1,0

0031813369,15033,0355,00000,0,00000,0002,00000,0,0,04986,0854,04261,1,0

0031813469,15033,0355,00000,0,00000,0000,00000,0,0,04980,0855,04261,1,0

0031813569,15033,0355,00000,0,00002,0000,00000,0,0,04983,0849,04231,1,0

0031813669,15001,0362,00000,0,00000,0000,00000,0,0,04980,0866,04314,1,0

0031813769,15001,0362,00000,0,00000,0000,00000,0,0,04985,0857,04272,1,0

0031813869,15001,0362,00000,0,00000,0000,00000,0,0,04978,0866,04313,1,0

0031813969,15029,0328,00000,0,00000,0001,00000,0,0,04975,0846,04209,1,0

0031814069,15029,0328,00000,0,00001,0000,00000,0,0,04982,0857,04270,1,0

0031814169,15029,0328,00000,0,00002,0002,00000,0,0,04979,0838,04170,1,0

0031814269,15025,0335,00000,0,00000,0000,00000,0,0,04993,0854,04266,1,0

0031814369,15025,0335,00000,0,00002,0000,00000,0,0,04978,0850,04230,1,0

0031814469,15025,0335,00000,0,00000,0000,00000,0,0,04979,0863,04298,1,0

0031814569,15036,0332,00000,0,00000,0000,00000,0,0,04978,0843,04195,1,0

0031814669,15036,0332,00000,0,00000,0003,00000,0,0,04976,0890,04426,1,0

0031814769,15036,0332,00000,0,00001,0001,00000,0,0,04977,0848,04222,1,0

0031814869,15027,0357,00000,0,00000,0004,00000,0,0,04983,0865,04310,1,0

0031814969,15027,0357,00000,0,00000,0000,00000,0,0,04973,0867,04311,1,0

0031815069,15027,0357,00000,0,00000,0000,00000,0,0,04980,0873,04351,1,0

0031815169,15034,0391,00000,0,00000,0000,00000,0,0,04976,0853,04248,1,0

0031815269,15034,0391,00000,0,00000,0005,00000,0,0,04979,0873,04347,1,0

0031815369,15034,0391,00000,0,00000,0006,00000,0,0,04978,0859,04277,1,0

0031815469,15026,0352,00000,0,00001,0000,00000,0,0,04979,0865,04306,1,0

0031815569,15026,0352,00000,0,00000,0000,00000,0,0,04979,0853,04245,1,0

0031815669,15026,0352,00000,0,00000,0000,00000,0,0,04976,0860,04283,1,0

0031815769,15026,0352,00000,0,00000,0003,00000,0,0,04967,1531,07602,1,0

0031815869,14983,0504,00000,0,00000,0000,00000,0,0,04969,1157,05752,1,0

0031815969,14983,0504,00000,0,00000,0000,00000,0,0,04981,1180,05878,1,0

0031816069,14983,0504,00000,0,00000,0000,00000,0,0,04960,1526,07566,1,0

0031816169,15002,0470,00000,0,00000,0000,00000,0,0,04979,0881,04386,1,0

0031816269,15002,0470,00000,0,00000,0003,00000,0,0,04973,1288,06409,1,0

0031816369,15002,0470,00000,0,00000,0000,00000,0,0,04978,1314,06539,1,0

0031816469,15016,0516,00000,0,00000,0000,00000,0,0,04970,1276,06344,1,0

0031816569,15016,0516,00000,0,00000,0000,00000,0,0,04978,1232,06131,1,0

0031816669,15016,0516,00000,0,00000,0000,00000,0,0,04970,1242,06175,1,0

0031816769,15025,0514,00000,0,00002,0004,00000,0,0,04973,1390,06912,1,0

0031816869,15025,0514,00000,0,00000,0000,00000,0,0,04969,1408,06996,1,0

0031816969,15025,0514,00000,0,00003,0001,00000,0,0,04979,1283,06386,1,0

0031817069,14987,0514,00000,0,00000,0004,00000,0,0,04976,1447,07203,1,0

0031817169,14987,0514,00000,0,00000,0002,00000,0,0,04976,1443,07179,1,0

0031817269,14987,0514,00000,0,00002,0000,00000,0,0,04984,1304,06502,1,0

0031817369,15000,0472,00000,0,00000,0002,00000,0,0,04976,1433,07125,1,0

0031817469,15000,0472,00000,0,00002,0000,00000,0,0,04985,1405,07004,1,0

0031817569,15000,0472,00000,0,00000,0000,00000,0,0,04968,1428,07092,1,0

0031817669,14975,0563,00000,0,00000,0000,00000,0,0,04973,1412,07023,1,0

0031817769,14975,0563,00000,0,00000,0001,00000,0,0,04975,1297,06452,1,0

0031817869,14975,0563,00000,0,00000,0000,00000,0,0,04977,1310,06522,1,0

0031817969,15003,0480,00000,0,00000,0001,00000,0,0,04967,1416,07032,1,0

0031818069,15003,0480,00000,0,00000,0000,00000,0,0,04964,1443,07165,1,0

0031818169,15003,0480,00000,0,00000,0001,00000,0,0,04972,1465,07288,1,0

0031818269,14992,0553,00000,0,00000,0007,00000,0,0,04973,1440,07164,1,0

0031818369,14992,0553,00000,0,00000,0001,00000,0,0,04967,1442,07162,1,0

0031818469,14992,0553,00000,0,00000,0000,00000,0,0,04982,1402,06986,1,0

0031818569,15005,0491,00000,0,00000,0000,00000,0,0,04979,1251,06228,1,0

0031818669,15005,0491,00000,0,00000,0001,00000,0,0,04975,1271,06320,1,0

0031818769,15005,0491,00000,0,00000,0000,00000,0,0,04973,1387,06899,1,0

0031818869,15008,0465,00000,0,00000,0000,00000,0,0,04975,1407,06997,1,0

0031818969,15008,0465,00000,0,00001,0005,00000,0,0,04977,1395,06946,1,0

0031819069,15008,0465,00000,0,00000,0005,00000,0,0,04973,1269,06311,1,0

0031819169,15007,0503,00000,0,00000,0003,00000,0,0,04975,1291,06423,1,0

0031819269,15007,0503,00000,0,00000,0000,00000,0,0,04976,1282,06384,1,0

0031819369,15007,0503,00000,0,00000,0000,00000,0,0,04974,1191,05926,1,0

0031819469,14994,0528,00000,0,00000,0000,00000,0,0,04973,1284,06385,1,0

0031819569,14994,0528,00000,0,00002,0000,00000,0,0,04981,1218,06069,1,0

0031819669,14994,0528,00000,0,00001,0000,00000,0,0,04979,1321,06576,1,0

0031819769,15005,0479,00000,0,00000,0000,00000,0,0,04969,1389,06902,1,0

0031819869,15005,0479,00000,0,00000,0000,00000,0,0,04971,1312,06519,1,0

0031819969,15005,0479,00000,0,00000,0001,00000,0,0,04971,1337,06646,1,0

0031820069,14989,0527,00000,0,00000,0000,00000,0,0,04978,1322,06583,1,0

0031820169,14989,0527,00000,0,00001,0000,00000,0,0,04972,1327,06603,1,0

0031820269,14989,0527,00000,0,00001,0002,00000,0,0,04978,1349,06718,1,0

0031820369,15017,0566,00000,0,00000,0000,00000,0,0,04969,1287,06398,1,0

0031820469,15017,0566,00000,0,00000,0000,00000,0,0,04977,1274,06340,1,0

0031820569,15017,0566,00000,0,00000,0000,00000,0,0,04972,1305,06485,1,0

0031820669,15002,0554,00000,0,00000,0007,00000,0,0,04974,1331,06620,1,0

0031820769,15002,0554,00000,0,00003,0004,00000,0,0,04963,1778,08821,1,0

0031820869,15002,0554,00000,0,00000,0000,00000,0,0,04975,1348,06704,1,0

0031820969,15022,0561,00000,0,00000,0006,00000,0,0,04976,1334,06640,1,0

0031821069,15022,0561,00000,0,00004,0006,00000,0,0,04972,1322,06572,1,0

0031821169,15022,0561,00000,0,00004,0000,00000,0,0,04979,1309,06518,1,0

0031821269,15007,0556,00000,0,00001,0000,00000,0,0,04973,1332,06626,1,0

0031821369,15007,0556,00000,0,00001,0000,00000,0,0,04967,1350,06703,1,0

0031821469,15007,0556,00000,0,00000,0000,00000,0,0,04980,1357,06763,1,0

0031821569,15004,0499,00000,0,00000,0000,00000,0,0,04982,1317,06559,1,0

0031821669,15004,0499,00000,0,00000,0000,00000,0,0,04975,1347,06702,1,0

0031821769,15004,0499,00000,0,00001,0004,00000,0,0,04980,1319,06573,1,0

0031821869,14985,0489,00000,0,00002,0000,00000,0,0,04973,1350,06714,1,0

0031821969,14985,0489,00000,0,00000,0000,00000,0,0,04975,1309,06512,1,0

0031822069,14985,0489,00000,0,00000,0003,00000,0,0,04977,1339,06665,1,0

0031822169,15010,0474,00000,0,00000,0000,00000,0,0,04983,1287,06411,1,0

0031822269,15010,0474,00000,0,00000,0000,00000,0,0,04981,1324,06598,1,0

0031822369,15010,0474,00000,0,00000,0000,00000,0,0,04977,1312,06531,1,0

0031822469,14986,0516,00000,0,00001,0000,00000,0,0,04984,1324,06600,1,0

0031822569,14986,0516,00000,0,00000,0003,00000,0,0,04977,1344,06689,1,0

0031822669,14986,0516,00000,0,00000,0006,00000,0,0,04970,1509,07499,1,0

0031822769,14962,0622,00000,0,00003,0001,00000,0,0,04958,1667,08267,1,0

0031822869,14962,0622,00000,0,00002,0000,00000,0,0,04964,1746,08662,1,0

0031822969,14962,0622,00000,0,00004,0004,00000,0,0,04966,1845,09162,1,0

0031823069,14940,0719,00000,0,00000,0000,00000,0,0,04970,1872,09302,1,0

0031823169,14940,0719,00000,0,00003,0004,00000,0,0,04962,1849,09177,1,0

0031823269,14940,0719,00000,0,00003,0000,00000,0,0,04968,1876,09318,1,0

0031823369,14976,0638,00000,0,00000,0000,00000,0,0,04960,1794,08901,1,0

0031823469,14976,0638,00000,0,00000,0007,00000,0,0,04960,1734,08597,1,0

0031823569,14976,0638,00000,0,00003,0000,00000,0,0,04970,1647,08185,1,0

0031823669,14967,0568,00000,0,00000,0007,00000,0,0,04970,1561,07760,1,0

0031823769,14967,0568,00000,0,00000,0002,00000,0,0,04965,1727,08575,1,0

0031823869,14967,0568,00000,0,00001,0004,00000,0,0,04964,1399,06949,1,0

0031823969,14986,0567,00000,0,00000,0000,00000,0,0,04963,1393,06912,1,0

0031824069,14986,0567,00000,0,00000,0000,00000,0,0,04972,1323,06580,1,0

0031824169,14986,0567,00000,0,00000,0000,00000,0,0,04972,1378,06852,1,0

0031824269,15000,0514,00000,0,00000,0001,00000,0,0,04970,1344,06681,1,0

0031824369,15000,0514,00000,0,00003,0000,00000,0,0,04976,1317,06558,1,0

0031824469,15000,0514,00000,0,00000,0000,00000,0,0,04971,1351,06716,1,0

0031824569,14992,0542,00000,0,00000,0005,00000,0,0,04973,1341,06673,1,0

0031824669,14992,0542,00000,0,00000,0004,00000,0,0,04974,1335,06639,1,0

0031824769,14992,0542,00000,0,00001,0000,00000,0,0,04980,1328,06617,1,0

0031824869,14972,0556,00000,0,00000,0004,00000,0,0,04968,1359,06751,1,0

0031824969,14972,0556,00000,0,00000,0003,00000,0,0,04970,1294,06431,1,0

0031825069,14972,0556,00000,0,00001,0000,00000,0,0,04977,1316,06553,1,0

0031825169,15017,0450,00000,0,00000,0000,00000,0,0,04979,1326,06599,1,0

0031825269,15017,0450,00000,0,00002,0002,00000,0,0,04982,1333,06643,1,0

0031825369,15017,0450,00000,0,00000,0000,00000,0,0,04973,1340,06664,1,0

0031825469,15002,0572,00000,0,00000,0000,00000,0,0,04972,1608,08000,1,0

0031825569,15002,0572,00000,0,00000,0003,00000,0,0,04963,1564,07763,1,0

0031825669,15002,0572,00000,0,00002,0000,00000,0,0,04978,1354,06742,1,0

0031825769,15000,0521,00000,0,00000,0000,00000,0,0,04969,1325,06587,1,0

0031825869,15000,0521,00000,0,00003,0000,00000,0,0,04976,1368,06809,1,0

0031825969,15000,0521,00000,0,00003,0000,00000,0,0,04979,1400,06969,1,0

0031826069,14986,0509,00000,0,00000,0000,00000,0,0,04983,1330,06628,1,0

0031826169,14986,0509,00000,0,00000,0000,00000,0,0,04968,1188,05901,1,0

0031826269,14986,0509,00000,0,00000,0000,00000,0,0,04977,1271,06326,1,0

0031826369,15004,0497,00000,0,00004,0000,00000,0,0,04980,1408,07016,1,0

0031826469,15004,0497,00000,0,00000,0000,00000,0,0,04965,1357,06740,1,0

0031826569,15004,0497,00000,0,00000,0000,00000,0,0,04978,1262,06282,1,0

0031826669,14980,0516,00000,0,00000,0000,00000,0,0,04980,1255,06250,1,0

0031826769,14980,0516,00000,0,00000,0004,00000,0,0,04971,1207,05999,1,0

0031826869,14980,0516,00000,0,00001,0000,00000,0,0,04977,1317,06554,1,0

0031826969,15000,0507,00000,0,00000,0002,00000,0,0,04969,1336,06638,1,0

0031827069,15000,0507,00000,0,00000,0000,00000,0,0,04977,1345,06696,1,0

0031827169,15000,0507,00000,0,00006,0002,00000,0,0,04977,1325,06594,1,0

0031827269,14994,0521,00000,0,00000,0002,00000,0,0,04980,1329,06620,1,0

0031827369,14994,0521,00000,0,00000,0002,00000,0,0,04975,1323,06580,1,0

0031827469,14994,0521,00000,0,00000,0004,00000,0,0,04976,1336,06646,1,0

0031827569,14981,0520,00000,0,00000,0003,00000,0,0,04978,1321,06577,1,0

0031827669,14981,0520,00000,0,00002,0000,00000,0,0,04982,1341,06680,1,0

0031827769,14981,0520,00000,0,00000,0000,00000,0,0,04971,1331,06615,1,0

0031827869,14981,0522,00000,0,00001,0002,00000,0,0,04974,1459,07255,1,0

0031827969,14981,0522,00000,0,00002,0000,00000,0,0,04985,1273,06346,1,0

0031828069,14981,0522,00000,0,00000,0004,00000,0,0,04984,1328,06621,1,0

0031828169,14981,0646,00000,0,00000,0003,00000,0,0,04975,1322,06576,1,0

0031828269,14981,0646,00000,0,00000,0001,00000,0,0,04968,1354,06729,1,0

0031828369,14981,0646,00000,0,00000,0000,00000,0,0,04973,1363,06782,1,0

0031828469,15004,0498,00000,0,00005,0001,00000,0,0,04979,1339,06667,1,0

0031828569,15004,0498,00000,0,00006,0000,00000,0,0,04967,1709,08488,1,0

0031828669,15004,0498,00000,0,00000,0000,00000,0,0,04969,1348,06702,1,0

0031828769,14974,0530,00000,0,00000,0001,00000,0,0,04963,1294,06421,1,0

0031828869,14974,0530,00000,0,00003,0001,00000,0,0,04972,1307,06498,1,0

0031828969,14974,0530,00000,0,00000,0000,00000,0,0,04969,1498,07447,1,0

0031829069,14986,0530,00000,0,00001,0000,00000,0,0,04970,1412,07020,1,0

0031829169,14986,0530,00000,0,00000,0002,00000,0,0,04972,1418,07056,1,0

0031829269,14986,0530,00000,0,00001,0003,00000,0,0,04974,1264,06285,1,0

0031829369,14940,0683,00000,0,00000,0000,00000,0,0,04967,1440,07149,1,0

0031829469,14940,0683,00000,0,00000,0003,00000,0,0,04976,1200,05974,1,0

0031829569,14940,0683,00000,0,00000,0000,00000,0,0,04976,1349,06712,1,0

0031829669,14940,0683,00000,0,00002,0000,00000,0,0,04979,1350,06720,1,0

0031829769,14984,0538,00000,0,00000,0000,00000,0,0,04958,1795,08901,1,0

0031829869,14984,0538,00000,0,00000,0000,00000,0,0,04972,1400,06962,1,0

0031829969,14984,0538,00000,0,00006,0008,00000,0,0,04977,1331,06626,1,0

0031830069,15018,0568,00000,0,00003,0000,00000,0,0,04974,1315,06539,1,0

0031830169,15018,0568,00000,0,00002,0000,00000,0,0,04976,1315,06542,1,0

0031830269,15018,0568,00000,0,00005,0000,00000,0,0,04972,1351,06714,1,0

0031830369,14997,0503,00000,0,00000,0001,00000,0,0,04972,1351,06719,1,0

0031830469,14997,0503,00000,0,00002,0004,00000,0,0,04982,1337,06660,1,0

0031830569,14997,0503,00000,0,00001,0000,00000,0,0,04970,1331,06615,1,0

0031830669,14995,0524,00000,0,00005,0000,00000,0,0,04966,1341,06662,1,0

0031830769,14995,0524,00000,0,00004,0000,00000,0,0,04979,1317,06554,1,0

0031830869,14995,0524,00000,0,00000,0002,00000,0,0,04973,1350,06714,1,0

0031830969,14996,0534,00000,0,00000,0000,00000,0,0,04985,1291,06439,1,0

0031831069,14996,0534,00000,0,00000,0000,00000,0,0,04970,1352,06719,1,0

0031831169,14996,0534,00000,0,00001,0000,00000,0,0,04979,1312,06530,1,0

0031831269,14996,0545,00000,0,00000,0000,00000,0,0,04976,1315,06542,1,0

0031831369,14996,0545,00000,0,00001,0005,00000,0,0,04981,1309,06519,1,0

0031831469,14996,0545,00000,0,00003,0000,00000,0,0,04971,1331,06617,1,0

0031831569,14990,0479,00000,0,00002,0000,00000,0,0,04976,1320,06565,1,0

0031831669,14990,0479,00000,0,00000,0000,00000,0,0,04978,1351,06723,1,0

0031831769,14990,0479,00000,0,00000,0000,00000,0,0,04981,1314,06548,1,0

0031831869,14981,0537,00000,0,00000,0000,00000,0,0,04974,1371,06819,1,0

0031831969,14981,0537,00000,0,00000,0003,00000,0,0,04972,1354,06730,1,0

0031832069,14981,0537,00000,0,00000,0000,00000,0,0,04980,1365,06800,1,0

0031832169,14982,0542,00000,0,00003,0000,00000,0,0,04975,1379,06857,1,0

0031832269,14982,0542,00000,0,00000,0004,00000,0,0,04975,1439,07156,1,0

0031832369,14982,0542,00000,0,00001,0003,00000,0,0,04979,1308,06513,1,0

0031832469,15008,0452,00000,0,00000,0000,00000,0,0,04971,1490,07407,1,0

0031832569,15008,0452,00000,0,00000,0003,00000,0,0,04962,1683,08349,1,0

0031832669,15008,0452,00000,0,00000,0000,00000,0,0,04974,1303,06483,1,0

0031832769,15010,0539,00000,0,00000,0008,00000,0,0,04969,1416,07037,1,0

0031832869,15010,0539,00000,0,00002,0004,00000,0,0,04967,1643,08159,1,0

0031832969,15010,0539,00000,0,00001,0000,00000,0,0,04979,1315,06545,1,0

0031833069,15013,0488,00000,0,00000,0000,00000,0,0,04986,1481,07382,1,0

0031833169,15013,0488,00000,0,00001,0000,00000,0,0,04971,1407,06991,1,0

0031833269,15013,0488,00000,0,00004,0000,00000,0,0,04976,1400,06967,1,0

0031833369,15004,0485,00000,0,00000,0000,00000,0,0,04976,1308,06509,1,0

0031833469,15004,0485,00000,0,00000,0007,00000,0,0,04970,1286,06393,1,0

0031833569,15004,0485,00000,0,00000,0000,00000,0,0,04963,1345,06674,1,0

0031833669,14998,0550,00000,0,00000,0003,00000,0,0,04981,1198,05969,1,0

0031833769,14998,0550,00000,0,00004,0008,00000,0,0,04974,1529,07603,1,0

0031833869,14998,0550,00000,0,00000,0001,00000,0,0,04975,1242,06178,1,0

0031833969,14999,0515,00000,0,00000,0001,00000,0,0,04980,1280,06378,1,0

0031834069,14999,0515,00000,0,00000,0002,00000,0,0,04973,1240,06170,1,0

0031834169,14999,0515,00000,0,00004,0000,00000,0,0,04965,1250,06207,1,0

0031834269,15017,0441,00000,0,00000,0000,00000,0,0,04961,1252,06212,1,0

0031834369,15017,0441,00000,0,00000,0002,00000,0,0,04981,1323,06591,1,0

0031834469,15017,0441,00000,0,00000,0002,00000,0,0,04978,1281,06375,1,0

0031834569,15008,0464,00000,0,00000,0003,00000,0,0,04976,1251,06222,1,0

0031834669,15008,0464,00000,0,00001,0005,00000,0,0,04976,1289,06413,1,0

0031834769,15008,0464,00000,0,00001,0002,00000,0,0,04974,1247,06202,1,0

0031834869,14993,0525,00000,0,00004,0007,00000,0,0,04975,1317,06550,1,0

0031834969,14993,0525,00000,0,00000,0000,00000,0,0,04980,1217,06061,1,0

0031835069,14993,0525,00000,0,00002,0004,00000,0,0,04979,1219,06069,1,0

0031835169,15000,0492,00000,0,00000,0000,00000,0,0,04969,1606,07982,1,0

0031835269,15000,0492,00000,0,00001,0000,00000,0,0,04973,1240,06169,1,0

0031835369,15000,0492,00000,0,00007,0002,00000,0,0,04988,1227,06121,1,0

0031835469,14995,0539,00000,0,00003,0000,00000,0,0,04973,1251,06223,1,0

0031835569,14995,0539,00000,0,00000,0003,00000,0,0,04979,1243,06189,1,0

0031835669,14995,0539,00000,0,00000,0000,00000,0,0,04973,1289,06411,1,0

0031835769,14998,0484,00000,0,00003,0001,00000,0,0,04983,1250,06228,1,0

0031835869,14998,0484,00000,0,00000,0001,00000,0,0,04974,1234,06139,1,0

0031835969,14998,0484,00000,0,00000,0004,00000,0,0,04977,1231,06126,1,0

0031836069,15025,0446,00000,0,00000,0001,00000,0,0,04983,1259,06274,1,0

0031836169,15025,0446,00000,0,00000,0000,00000,0,0,04981,1221,06081,1,0

0031836269,15025,0446,00000,0,00005,0000,00000,0,0,04977,1223,06089,1,0

0031836369,14985,0494,00000,0,00003,0000,00000,0,0,04975,1416,07042,1,0

0031836469,14985,0494,00000,0,00000,0000,00000,0,0,04979,1428,07107,1,0

0031836569,14985,0494,00000,0,00000,0006,00000,0,0,04970,1252,06221,1,0

0031836669,15001,0501,00000,0,00000,0000,00000,0,0,04978,1235,06149,1,0

0031836769,15001,0501,00000,0,00000,0004,00000,0,0,04981,1250,06226,1,0

0031836869,15001,0501,00000,0,00000,0003,00000,0,0,04977,1269,06319,1,0

0031836969,14986,0500,00000,0,00000,0002,00000,0,0,04988,1261,06292,1,0

0031837069,14986,0500,00000,0,00000,0001,00000,0,0,04966,1281,06363,1,0

0031837169,14986,0500,00000,0,00002,0000,00000,0,0,04975,1269,06313,1,0

0031837269,15005,0499,00000,0,00000,0001,00000,0,0,04975,1295,06442,1,0

0031837369,15005,0499,00000,0,00000,0001,00000,0,0,04974,1250,06219,1,0

0031837469,15005,0499,00000,0,00001,0000,00000,0,0,04977,1290,06421,1,0

0031837569,14999,0485,00000,0,00000,0001,00000,0,0,04986,1239,06176,1,0

0031837669,14999,0485,00000,0,00000,0000,00000,0,0,04977,1019,05071,1,0

0031837769,14999,0485,00000,0,00000,0000,00000,0,0,04976,1067,05312,1,0

0031837869,14993,0500,00000,0,00000,0003,00000,0,0,04977,1248,06214,1,0

0031837969,14993,0500,00000,0,00003,0000,00000,0,0,04981,1289,06423,1,0

0031838069,14993,0500,00000,0,00000,0005,00000,0,0,04969,1404,06978,1,0

0031838169,15000,0486,00000,0,00000,0000,00000,0,0,04970,1258,06252,1,0

0031838269,15000,0486,00000,0,00001,0000,00000,0,0,04980,1262,06286,1,0

0031838369,15000,0486,00000,0,00002,0005,00000,0,0,04977,1237,06158,1,0

0031838469,14984,0522,00000,0,00003,0000,00000,0,0,04973,1301,06473,1,0

0031838569,14984,0522,00000,0,00002,0002,00000,0,0,04978,1250,06224,1,0

0031838669,14984,0522,00000,0,00000,0007,00000,0,0,04976,1276,06351,1,0

0031838769,15025,0484,00000,0,00000,0000,00000,0,0,04971,1254,06232,1,0

0031838869,15025,0484,00000,0,00000,0003,00000,0,0,04972,1232,06122,1,0

0031838969,15025,0484,00000,0,00003,0003,00000,0,0,04976,1362,06782,1,0

0031839069,14972,0548,00000,0,00000,0000,00000,0,0,04983,1245,06205,1,0

0031839169,14972,0548,00000,0,00003,0000,00000,0,0,04977,1383,06882,1,0

0031839269,14972,0548,00000,0,00006,0000,00000,0,0,04983,1243,06194,1,0

0031839369,15008,0467,00000,0,00000,0000,00000,0,0,04972,1333,06629,1,0

0031839469,15008,0467,00000,0,00000,0000,00000,0,0,04969,1215,06037,1,0

0031839569,15008,0467,00000,0,00002,0000,00000,0,0,04974,1314,06538,1,0

0031839669,14977,0485,00000,0,00002,0000,00000,0,0,04976,1259,06266,1,0

0031839769,14977,0485,00000,0,00005,0000,00000,0,0,04964,1405,06975,1,0

0031839869,14977,0485,00000,0,00000,0000,00000,0,0,04966,1249,06203,1,0

0031839969,14987,0491,00000,0,00000,0000,00000,0,0,04977,1246,06202,1,0

0031840069,14987,0491,00000,0,00004,0000,00000,0,0,04979,1200,05972,1,0

0031840169,14987,0491,00000,0,00002,0005,00000,0,0,04980,1254,06248,1,0

0031840269,14991,0486,00000,0,00000,0004,00000,0,0,04975,1217,06052,1,0

0031840369,14991,0486,00000,0,00006,0001,00000,0,0,04984,1284,06402,1,0

0031840469,14991,0486,00000,0,00000,0000,00000,0,0,04985,1238,06173,1,0

0031840569,15010,0478,00000,0,00000,0000,00000,0,0,04985,1270,06333,1,0

0031840669,15010,0478,00000,0,00000,0003,00000,0,0,04976,1227,06109,1,0

0031840769,15010,0478,00000,0,00000,0000,00000,0,0,04979,1248,06213,1,0

0031840869,15004,0464,00000,0,00000,0000,00000,0,0,04976,1251,06221,1,0

0031840969,15004,0464,00000,0,00000,0000,00000,0,0,04968,1352,06713,1,0

0031841069,15004,0464,00000,0,00000,0002,00000,0,0,04976,1233,06133,1,0

0031841169,14993,0510,00000,0,00000,0000,00000,0,0,04979,1324,06591,1,0

0031841269,14993,0510,00000,0,00000,0004,00000,0,0,04970,1293,06427,1,0

0031841369,14993,0510,00000,0,00001,0005,00000,0,0,04951,1766,08744,1,0

0031841469,14980,0518,00000,0,00000,0006,00000,0,0,04974,1264,06285,1,0

0031841569,14980,0518,00000,0,00000,0001,00000,0,0,04977,1217,06061,1,0

0031841669,14980,0518,00000,0,00000,0003,00000,0,0,04971,1321,06568,1,0

0031841769,14996,0465,00000,0,00000,0000,00000,0,0,04975,1176,05852,1,0

0031841869,14996,0465,00000,0,00000,0000,00000,0,0,04979,1377,06854,1,0

0031841969,14996,0465,00000,0,00000,0004,00000,0,0,04971,1230,06113,1,0

0031842069,14999,0479,00000,0,00001,0000,00000,0,0,04981,1220,06078,1,0

0031842169,14999,0479,00000,0,00000,0000,00000,0,0,04979,1215,06049,1,0

0031842269,14999,0479,00000,0,00000,0000,00000,0,0,04973,1215,06044,1,0

0031842369,15016,0483,00000,0,00002,0005,00000,0,0,04975,1279,06364,1,0

0031842469,15016,0483,00000,0,00001,0000,00000,0,0,04982,1231,06132,1,0

0031842569,15016,0483,00000,0,00000,0002,00000,0,0,04968,1241,06164,1,0

0031842669,15016,0483,00000,0,00000,0001,00000,0,0,04966,1257,06245,1,0

0031842769,14982,0505,00000,0,00000,0001,00000,0,0,04977,1301,06476,1,0

0031842869,14982,0505,00000,0,00000,0000,00000,0,0,04980,1235,06155,1,0

0031842969,14982,0505,00000,0,00000,0002,00000,0,0,04970,1249,06209,1,0

0031843069,14987,0490,00000,0,00000,0000,00000,0,0,04972,1235,06145,1,0

0031843169,14987,0490,00000,0,00000,0000,00000,0,0,04965,1457,07237,1,0

0031843269,14987,0490,00000,0,00000,0003,00000,0,0,04986,1234,06152,1,0

0031843369,15014,0461,00000,0,00004,0002,00000,0,0,04976,1189,05914,1,0

0031843469,15014,0461,00000,0,00001,0000,00000,0,0,04970,1299,06459,1,0

0031843569,15014,0461,00000,0,00002,0000,00000,0,0,04976,1226,06099,1,0

0031843669,14984,0573,00000,0,00000,0000,00000,0,0,04972,1294,06436,1,0

0031843769,14984,0573,00000,0,00000,0002,00000,0,0,04967,1226,06090,1,0

0031843869,14984,0573,00000,0,00000,0000,00000,0,0,04976,1503,07481,1,0

0031843969,15000,0484,00000,0,00002,0000,00000,0,0,04977,1250,06220,1,0

0031844069,15000,0484,00000,0,00000,0002,00000,0,0,04967,1346,06683,1,0

0031844169,15000,0484,00000,0,00000,0007,00000,0,0,04966,1260,06259,1,0

0031844269,15013,0482,00000,0,00000,0004,00000,0,0,04979,1233,06140,1,0

0031844369,15013,0482,00000,0,00000,0003,00000,0,0,04969,1262,06272,1,0

0031844469,15013,0482,00000,0,00000,0000,00000,0,0,04983,1257,06264,1,0

0031844569,14953,0689,00000,0,00000,0000,00000,0,0,04980,1278,06369,1,0

0031844669,14953,0689,00000,0,00005,0008,00000,0,0,04974,1217,06054,1,0

0031844769,14953,0689,00000,0,00000,0000,00000,0,0,04972,1520,07555,1,0

0031844869,15016,0464,00000,0,00000,0003,00000,0,0,04980,1224,06099,1,0

0031844969,15016,0464,00000,0,00002,0000,00000,0,0,04981,1262,06288,1,0

0031845069,15016,0464,00000,0,00000,0001,00000,0,0,04974,1233,06135,1,0

0031845169,14989,0494,00000,0,00002,0004,00000,0,0,04979,1230,06121,1,0

0031845269,14989,0494,00000,0,00000,0000,00000,0,0,04979,1262,06281,1,0

0031845369,14989,0494,00000,0,00000,0004,00000,0,0,04972,1357,06746,1,0

0031845469,14980,0599,00000,0,00000,0000,00000,0,0,04976,1249,06219,1,0

0031845569,14980,0599,00000,0,00000,0000,00000,0,0,04970,1320,06562,1,0

0031845669,14980,0599,00000,0,00000,0000,00000,0,0,04979,1279,06367,1,0

0031845769,15017,0489,00000,0,00002,0000,00000,0,0,04981,1233,06141,1,0

0031845869,15017,0489,00000,0,00000,0002,00000,0,0,04978,1219,06071,1,0

0031845969,15017,0489,00000,0,00000,0006,00000,0,0,04977,1321,06578,1,0

0031846069,14995,0515,00000,0,00001,0000,00000,0,0,04979,1481,07372,1,0

0031846169,14995,0515,00000,0,00000,0000,00000,0,0,04972,1238,06157,1,0

0031846269,14995,0515,00000,0,00000,0001,00000,0,0,04974,1223,06082,1,0

0031846369,14976,0554,00000,0,00000,0000,00000,0,0,04971,1210,06016,1,0

0031846469,14976,0554,00000,0,00000,0000,00000,0,0,04973,1233,06133,1,0

0031846569,14976,0554,00000,0,00000,0000,00000,0,0,04967,1302,06464,1,0

0031846669,14998,0493,00000,0,00000,0005,00000,0,0,04956,1758,08711,1,0

0031846769,14998,0493,00000,0,00000,0009,00000,0,0,04958,1822,09032,1,0

0031846869,14998,0493,00000,0,00000,0000,00000,0,0,04962,1402,06958,1,0

0031846969,14953,0662,00000,0,00003,0008,00000,0,0,04961,1609,07986,1,0

0031847069,14953,0662,00000,0,00001,0000,00000,0,0,04973,1384,06886,1,0

0031847169,14953,0662,00000,0,00000,0000,00000,0,0,04968,1607,07978,1,0

0031847269,14960,0687,00000,0,00000,0000,00000,0,0,04962,1767,08767,1,0

0031847369,14960,0687,00000,0,00001,0000,00000,0,0,04968,1649,08194,1,0

0031847469,14960,0687,00000,0,00000,0005,00000,0,0,04966,1791,08894,1,0

0031847569,14966,0691,00000,0,00006,0002,00000,0,0,04967,1880,09336,1,0

0031847669,14966,0691,00000,0,00000,0009,00000,0,0,04944,2176,10756,1,0

0031847769,14966,0691,00000,0,00000,0000,00000,0,0,04964,1626,08068,1,0

0031847869,14943,0797,00000,0,00000,0000,00000,0,0,04961,1796,08912,1,0

0031847969,14943,0797,00000,0,00000,0000,00000,0,0,04957,1825,09046,1,0

0031848069,14943,0797,00000,0,00001,0002,00000,0,0,04969,1479,07350,1,0

0031848169,14970,0786,00000,0,00000,0000,00000,0,0,04956,1859,09208,1,0

0031848269,14970,0786,00000,0,00002,0000,00000,0,0,04961,1868,09270,1,0

0031848369,14970,0786,00000,0,00001,0000,00000,0,0,04961,1860,09230,1,0

0031848469,14923,0758,00000,0,00001,0000,00000,0,0,04951,1898,09396,1,0

0031848569,14923,0758,00000,0,00001,0001,00000,0,0,04965,1850,09187,1,0

0031848669,14923,0758,00000,0,00001,0000,00000,0,0,04963,1867,09264,1,0

0031848769,14956,0740,00000,0,00000,0002,00000,0,0,04966,1759,08734,1,0

0031848869,14956,0740,00000,0,00000,0009,00000,0,0,04949,2116,10477,1,0

0031848969,14956,0740,00000,0,00000,0001,00000,0,0,04965,1856,09218,1,0

0031849069,14935,0746,00000,0,00000,0000,00000,0,0,04965,1846,09166,1,0

0031849169,14935,0746,00000,0,00000,0006,00000,0,0,04956,1926,09544,1,0

0031849269,14935,0746,00000,0,00002,0003,00000,0,0,04964,1815,09014,1,0

0031849369,14933,0730,00000,0,00000,0000,00000,0,0,04956,1952,09672,1,0

0031849469,14933,0730,00000,0,00002,0000,00000,0,0,04964,1824,09053,1,0

0031849569,14933,0730,00000,0,00000,0001,00000,0,0,04966,1846,09168,1,0

0031849669,14957,0704,00000,0,00000,0000,00000,0,0,04964,1946,09658,1,0

0031849769,14957,0704,00000,0,00001,0000,00000,0,0,04961,1711,08492,1,0

0031849869,14957,0704,00000,0,00006,0000,00000,0,0,04974,1827,09085,1,0

0031849969,14973,0716,00000,0,00000,0004,00000,0,0,04966,1716,08519,1,0

0031850069,14973,0716,00000,0,00000,0004,00000,0,0,04984,1047,05219,1,0

0031850169,14973,0716,00000,0,00003,0008,00000,0,0,04973,1235,06143,1,0

0031850269,15002,0488,00000,0,00002,0000,00000,0,0,04975,1243,06184,1,0

0031850369,15002,0488,00000,0,00002,0003,00000,0,0,04983,1337,06659,1,0

0031850469,15002,0488,00000,0,00000,0000,00000,0,0,04977,1284,06390,1,0

0031850569,15023,0478,00000,0,00005,0002,00000,0,0,04986,1277,06366,1,0

0031850669,15023,0478,00000,0,00003,0001,00000,0,0,04980,1262,06289,1,0

0031850769,15023,0478,00000,0,00000,0000,00000,0,0,04976,1441,07173,1,0

0031850869,14996,0498,00000,0,00000,0002,00000,0,0,04969,1263,06278,1,0

0031850969,14996,0498,00000,0,00000,0000,00000,0,0,04978,1241,06179,1,0

0031851069,14996,0498,00000,0,00000,0005,00000,0,0,04970,1341,06664,1,0

0031851169,14998,0587,00000,0,00000,0007,00000,0,0,04972,1337,06649,1,0

0031851269,14998,0587,00000,0,00001,0002,00000,0,0,04964,1581,07843,1,0

0031851369,14998,0587,00000,0,00001,0000,00000,0,0,04964,1254,06225,1,0

0031851469,14977,0569,00000,0,00000,0000,00000,0,0,04972,1336,06641,1,0

0031851569,14977,0569,00000,0,00002,0000,00000,0,0,04972,1220,06067,1,0

0031851669,14977,0569,00000,0,00002,0000,00000,0,0,04974,1239,06165,1,0

0031851769,15015,0485,00000,0,00002,0002,00000,0,0,04974,1288,06406,1,0

0031851869,15015,0485,00000,0,00000,0000,00000,0,0,04974,1242,06180,1,0

0031851969,15015,0485,00000,0,00000,0002,00000,0,0,04976,1326,06599,1,0

0031852069,14997,0489,00000,0,00000,0000,00000,0,0,04967,1263,06271,1,0

0031852169,14997,0489,00000,0,00000,0006,00000,0,0,04970,1215,06037,1,0

0031852269,14997,0489,00000,0,00003,0006,00000,0,0,04978,1295,06448,1,0

0031852369,14985,0491,00000,0,00000,0002,00000,0,0,04975,1224,06090,1,0

0031852469,14985,0491,00000,0,00000,0006,00000,0,0,04979,1275,06348,1,0

0031852569,14985,0491,00000,0,00000,0000,00000,0,0,04977,1256,06253,1,0

0031852669,14989,0534,00000,0,00000,0000,00000,0,0,04979,1416,07050,1,0

0031852769,14989,0534,00000,0,00002,0000,00000,0,0,04979,1261,06279,1,0

0031852869,14989,0534,00000,0,00001,0001,00000,0,0,04968,1331,06618,1,0

0031852969,14975,0493,00000,0,00001,0000,00000,0,0,04980,1224,06096,1,0

0031853069,14975,0493,00000,0,00000,0000,00000,0,0,04978,1325,06597,1,0

0031853169,14975,0493,00000,0,00000,0001,00000,0,0,04963,1251,06207,1,0

0031853269,14999,0480,00000,0,00000,0000,00000,0,0,04985,1245,06206,1,0

0031853369,14999,0480,00000,0,00000,0006,00000,0,0,04974,1244,06187,1,0

0031853469,14999,0480,00000,0,00000,0000,00000,0,0,04981,1210,06029,1,0

0031853569,14985,0526,00000,0,00001,0001,00000,0,0,04982,1316,06558,1,0

0031853669,14985,0526,00000,0,00000,0003,00000,0,0,04971,1237,06150,1,0

0031853769,14985,0526,00000,0,00003,0003,00000,0,0,04983,1301,06482,1,0

0031853869,15007,0472,00000,0,00000,0000,00000,0,0,04972,1265,06289,1,0

0031853969,15007,0472,00000,0,00004,0000,00000,0,0,04991,1243,06203,1,0

0031854069,15007,0472,00000,0,00002,0000,00000,0,0,04973,1239,06163,1,0

0031854169,15011,0495,00000,0,00000,0001,00000,0,0,04985,1265,06307,1,0

0031854269,15011,0495,00000,0,00000,0000,00000,0,0,04979,1171,05829,1,0

0031854369,15011,0495,00000,0,00000,0003,00000,0,0,04981,1269,06320,1,0

0031854469,15011,0495,00000,0,00000,0003,00000,0,0,04965,1283,06371,1,0

0031854569,15005,0491,00000,0,00001,0006,00000,0,0,04975,1238,06158,1,0

0031854669,15005,0491,00000,0,00002,0000,00000,0,0,04982,1283,06391,1,0

0031854769,15005,0491,00000,0,00000,0000,00000,0,0,04977,1289,06416,1,0

0031854869,14977,0506,00000,0,00003,0000,00000,0,0,04980,1226,06108,1,0

0031854969,14977,0506,00000,0,00002,0000,00000,0,0,04976,1322,06582,1,0

0031855069,14977,0506,00000,0,00001,0008,00000,0,0,04971,1282,06374,1,0

0031855169,14996,0501,00000,0,00003,0000,00000,0,0,04977,1222,06083,1,0

0031855269,14996,0501,00000,0,00000,0002,00000,0,0,04975,1241,06172,1,0

0031855369,14996,0501,00000,0,00003,0002,00000,0,0,04976,1237,06152,1,0

0031855469,15006,0456,00000,0,00000,0000,00000,0,0,04962,1643,08153,1,0

0031855569,15006,0456,00000,0,00000,0001,00000,0,0,04979,1248,06215,1,0

0031855669,15006,0456,00000,0,00000,0000,00000,0,0,04979,1192,05936,1,0

0031855769,14979,0502,00000,0,00000,0003,00000,0,0,04979,1222,06086,1,0

0031855869,14979,0502,00000,0,00000,0002,00000,0,0,04971,1241,06167,1,0

0031855969,14979,0502,00000,0,00001,0006,00000,0,0,04966,1524,07569,1,0

0031856069,14995,0525,00000,0,00000,0000,00000,0,0,04969,1286,06391,1,0

0031856169,14995,0525,00000,0,00000,0000,00000,0,0,04986,1209,06029,1,0

0031856269,14995,0525,00000,0,00000,0003,00000,0,0,04982,1245,06202,1,0

0031856369,14987,0505,00000,0,00000,0001,00000,0,0,04979,1234,06145,1,0

0031856469,14987,0505,00000,0,00002,0001,00000,0,0,04975,1303,06481,1,0

0031856569,14987,0505,00000,0,00000,0002,00000,0,0,04971,1237,06149,1,0

0031856669,15006,0458,00000,0,00003,0000,00000,0,0,04978,1294,06441,1,0

0031856769,15006,0458,00000,0,00000,0000,00000,0,0,04976,1074,05344,1,0

0031856869,15006,0458,00000,0,00000,0004,00000,0,0,04975,1210,06021,1,0

0031856969,15001,0482,00000,0,00002,0003,00000,0,0,04981,1241,06182,1,0

0031857069,15001,0482,00000,0,00000,0008,00000,0,0,04956,2262,11208,1,0

0031857169,15001,0482,00000,0,00000,0000,00000,0,0,04977,1218,06063,1,0

0031857269,15029,0554,00000,0,00000,0000,00000,0,0,04973,1205,05995,1,0

0031857369,15029,0554,00000,0,00000,0000,00000,0,0,04987,1227,06115,1,0

0031857469,15029,0554,00000,0,00003,0001,00000,0,0,04979,1217,06059,1,0

0031857569,15017,0471,00000,0,00000,0000,00000,0,0,04976,1247,06207,1,0

0031857669,15017,0471,00000,0,00002,0000,00000,0,0,04976,1313,06533,1,0

0031857769,15017,0471,00000,0,00000,0000,00000,0,0,04979,1247,06206,1,0

0031857869,14982,0525,00000,0,00000,0000,00000,0,0,04976,1257,06255,1,0

0031857969,14982,0525,00000,0,00000,0007,00000,0,0,04976,1264,06294,1,0

0031858069,14982,0525,00000,0,00000,0000,00000,0,0,04976,1255,06242,1,0

0031858169,15010,0449,00000,0,00000,0000,00000,0,0,04977,1214,06041,1,0

0031858269,15010,0449,00000,0,00000,0004,00000,0,0,04970,1209,06011,1,0

0031858369,15010,0449,00000,0,00003,0000,00000,0,0,04984,1240,06184,1,0

0031858469,15004,0470,00000,0,00001,0000,00000,0,0,04978,1249,06216,1,0

0031858569,15004,0470,00000,0,00000,0000,00000,0,0,04979,1245,06199,1,0

0031858669,15004,0470,00000,0,00000,0000,00000,0,0,04974,1224,06089,1,0

0031858769,15023,0457,00000,0,00000,0000,00000,0,0,04979,1264,06291,1,0

0031858869,15023,0457,00000,0,00000,0000,00000,0,0,04983,1175,05856,1,0

0031858969,15023,0457,00000,0,00000,0003,00000,0,0,04975,1248,06207,1,0

0031859069,15007,0465,00000,0,00000,0009,00000,0,0,04977,1288,06413,1,0

0031859169,15007,0465,00000,0,00000,0000,00000,0,0,04970,1442,07165,1,0

0031859269,15007,0465,00000,0,00004,0000,00000,0,0,04979,1319,06565,1,0

0031859369,14994,0498,00000,0,00000,0000,00000,0,0,04982,1241,06184,1,0

0031859469,14994,0498,00000,0,00000,0006,00000,0,0,04976,1378,06858,1,0

0031859569,14994,0498,00000,0,00002,0000,00000,0,0,04972,1154,05742,1,0

0031859669,14994,0480,00000,0,00000,0006,00000,0,0,04984,1321,06587,1,0

0031859769,14994,0480,00000,0,00000,0000,00000,0,0,04980,1206,06007,1,0

0031859869,14994,0480,00000,0,00003,0000,00000,0,0,04986,1225,06108,1,0

0031859969,14983,0497,00000,0,00004,0000,00000,0,0,04972,1265,06293,1,0

0031860069,14983,0497,00000,0,00000,0000,00000,0,0,04975,1324,06588,1,0

0031860169,14983,0497,00000,0,00003,0000,00000,0,0,04980,1220,06076,1,0

0031860269,15005,0483,00000,0,00003,0000,00000,0,0,04980,1242,06190,1,0

0031860369,15005,0483,00000,0,00000,0004,00000,0,0,04972,1229,06109,1,0

0031860469,15005,0483,00000,0,00000,0004,00000,0,0,04976,1240,06166,1,0

0031860569,14998,0485,00000,0,00005,0003,00000,0,0,04984,1291,06437,1,0

0031860669,14998,0485,00000,0,00005,0000,00000,0,0,04981,1260,06278,1,0

0031860769,14998,0485,00000,0,00000,0000,00000,0,0,04977,1245,06197,1,0

0031860869,14995,0489,00000,0,00000,0001,00000,0,0,04975,1351,06718,1,0

0031860969,14995,0489,00000,0,00004,0000,00000,0,0,04976,1216,06048,1,0

0031861069,14995,0489,00000,0,00000,0000,00000,0,0,04967,1246,06189,1,0

0031861169,14995,0483,00000,0,00000,0002,00000,0,0,04973,1261,06272,1,0

0031861269,14995,0483,00000,0,00003,0004,00000,0,0,04973,1271,06324,1,0

0031861369,14995,0483,00000,0,00002,0000,00000,0,0,04972,1442,07172,1,0

0031861469,15021,0477,00000,0,00000,0000,00000,0,0,04970,1289,06408,1,0

0031861569,15021,0477,00000,0,00000,0000,00000,0,0,04975,1229,06114,1,0

0031861669,15021,0477,00000,0,00000,0000,00000,0,0,04974,1244,06187,1,0

0031861769,15002,0475,00000,0,00002,0007,00000,0,0,04971,0889,04419,1,0

0031861869,15002,0475,00000,0,00000,0002,00000,0,0,04975,0893,04442,1,0

0031861969,15002,0475,00000,0,00000,0003,00000,0,0,04979,0878,04369,1,0

0031862069,15003,0365,00000,0,00005,0002,00000,0,0,04986,0876,04367,1,0

0031862169,15003,0365,00000,0,00001,0001,00000,0,0,04979,0856,04262,1,0

0031862269,15003,0365,00000,0,00000,0000,00000,0,0,04979,0867,04315,1,0

