0030331569,15016,0348,00000,0,00000,0001,00000,0,0,04968,1544,07675,1,0

0030331669,15016,0348,00000,0,00000,0006,00000,0,0,04965,1532,07608,1,0

0030331769,15014,0494,00000,0,00000,0000,00000,0,0,04973,1263,06282,1,0

0030331869,15014,0494,00000,0,00000,0000,00000,0,0,04976,1253,06235,1,0

0030331969,15014,0494,00000,0,00000,0004,00000,0,0,04973,1360,06763,1,0

0030332069,14998,0503,00000,0,00000,0000,00000,0,0,04966,1406,06981,1,0

0030332169,14998,0503,00000,0,00003,0000,00000,0,0,04976,1414,07035,1,0

0030332269,14998,0503,00000,0,00000,0000,00000,0,0,04970,1416,07039,1,0

0030332369,15003,0510,00000,0,00000,0000,00000,0,0,04975,1454,07231,1,0

0030332469,15003,0510,00000,0,00002,0004,00000,0,0,04981,1357,06761,1,0

0030332569,15003,0510,00000,0,00003,0000,00000,0,0,04980,1277,06362,1,0

0030332669,14986,0540,00000,0,00002,0002,00000,0,0,04983,1381,06880,1,0

0030332769,14986,0540,00000,0,00000,0009,00000,0,0,04961,1605,07964,1,0

0030332869,14986,0540,00000,0,00001,0000,00000,0,0,04969,1451,07210,1,0

0030332969,14986,0540,00000,0,00003,0000,00000,0,0,04983,1353,06742,1,0

0030333069,14993,0542,00000,0,00000,0002,00000,0,0,04984,1415,07057,1,0

0030333169,14993,0542,00000,0,00000,0009,00000,0,0,04970,1283,06379,1,0

0030333269,14993,0542,00000,0,00000,0000,00000,0,0,04971,1382,06868,1,0

0030333369,14996,0539,00000,0,00000,0000,00000,0,0,04973,1454,07234,1,0

0030333469,14996,0539,00000,0,00004,0000,00000,0,0,04980,1414,07043,1,0

0030333569,14996,0539,00000,0,00001,0000,00000,0,0,04965,1652,08203,1,0

0030333669,14938,0678,00000,0,00000,0000,00000,0,0,04971,1434,07128,1,0

0030333769,14938,0678,00000,0,00003,0000,00000,0,0,04970,1420,07057,1,0

0030333869,14938,0678,00000,0,00000,0000,00000,0,0,04973,1265,06291,1,0

0030333969,14958,0633,00000,0,00000,0002,00000,0,0,04974,1379,06860,1,0

0030334069,14958,0633,00000,0,00001,0001,00000,0,0,04975,1390,06913,1,0

0030334169,14958,0633,00000,0,00000,0000,00000,0,0,04982,1236,06159,1,0

0030334269,15002,0574,00000,0,00002,0004,00000,0,0,04978,1251,06226,1,0

0030334369,15002,0574,00000,0,00000,0005,00000,0,0,04969,1295,06438,1,0

0030334469,15002,0574,00000,0,00000,0001,00000,0,0,04975,1265,06293,1,0

0030334569,14990,0508,00000,0,00002,0000,00000,0,0,04974,1287,06401,1,0

0030334669,14990,0508,00000,0,00000,0002,00000,0,0,04969,1239,06160,1,0

0030334769,14990,0508,00000,0,00000,0000,00000,0,0,04980,1308,06517,1,0

0030334869,15018,0478,00000,0,00003,0000,00000,0,0,04977,1264,06292,1,0

0030334969,15018,0478,00000,0,00000,0000,00000,0,0,04979,1259,06265,1,0

0030335069,15018,0478,00000,0,00002,0000,00000,0,0,04982,1246,06209,1,0

0030335169,14998,0503,00000,0,00001,0000,00000,0,0,04979,1406,06997,1,0

0030335269,14998,0503,00000,0,00000,0003,00000,0,0,04977,1216,06053,1,0

0030335369,14998,0503,00000,0,00000,0000,00000,0,0,04971,1248,06204,1,0

0030335469,15005,0469,00000,0,00000,0000,00000,0,0,04969,1396,06938,1,0

0030335569,15005,0469,00000,0,00000,0000,00000,0,0,04978,1248,06212,1,0

0030335669,15005,0469,00000,0,00000,0000,00000,0,0,04978,1237,06160,1,0

0030335769,15010,0468,00000,0,00000,0000,00000,0,0,04975,1387,06897,1,0

0030335869,15010,0468,00000,0,00000,0000,00000,0,0,04977,1252,06235,1,0

0030335969,15010,0468,00000,0,00000,0003,00000,0,0,04973,1230,06117,1,0

0030336069,15000,0498,00000,0,00000,0003,00000,0,0,04973,1231,06123,1,0

0030336169,15000,0498,00000,0,00000,0003,00000,0,0,04963,1851,09183,1,0

0030336269,15000,0498,00000,0,00000,0000,00000,0,0,04979,1221,06076,1,0

0030336369,15032,0451,00000,0,00000,0002,00000,0,0,04981,1223,06093,1,0

0030336469,15032,0451,00000,0,00000,0000,00000,0,0,04972,1226,06099,1,0

0030336569,15032,0451,00000,0,00000,0004,00000,0,0,04981,1220,06077,1,0

0030336669,15003,0488,00000,0,00001,0002,00000,0,0,04981,1227,06112,1,0

0030336769,15003,0488,00000,0,00001,0000,00000,0,0,04982,1237,06164,1,0

0030336869,15003,0488,00000,0,00000,0003,00000,0,0,04976,1251,06225,1,0

0030336969,15020,0433,00000,0,00000,0000,00000,0,0,04973,1232,06126,1,0

0030337069,15020,0433,00000,0,00003,0000,00000,0,0,04978,1417,07053,1,0

0030337169,15020,0433,00000,0,00000,0000,00000,0,0,04979,1264,06292,1,0

0030337269,15009,0480,00000,0,00002,0007,00000,0,0,04979,1282,06382,1,0

0030337369,15009,0480,00000,0,00000,0000,00000,0,0,04964,1856,09217,1,0

0030337469,15009,0480,00000,0,00000,0000,00000,0,0,04979,1228,06111,1,0

0030337569,14998,0505,00000,0,00000,0000,00000,0,0,04974,1246,06199,1,0

0030337669,14998,0505,00000,0,00000,0000,00000,0,0,04984,1238,06172,1,0

0030337769,14998,0505,00000,0,00000,0000,00000,0,0,04972,1228,06108,1,0

0030337869,15002,0469,00000,0,00000,0005,00000,0,0,04973,1215,06045,1,0

0030337969,15002,0469,00000,0,00000,0004,00000,0,0,04973,1221,06072,1,0

0030338069,15002,0469,00000,0,00000,0000,00000,0,0,04979,1241,06177,1,0

0030338169,15026,0453,00000,0,00000,0004,00000,0,0,04971,1236,06143,1,0

0030338269,15026,0453,00000,0,00000,0000,00000,0,0,04978,1370,06821,1,0

0030338369,15026,0453,00000,0,00000,0000,00000,0,0,04963,1429,07090,1,0

0030338469,14991,0524,00000,0,00000,0000,00000,0,0,04977,1280,06372,1,0

0030338569,14991,0524,00000,0,00000,0001,00000,0,0,04959,1689,08375,1,0

0030338669,14991,0524,00000,0,00000,0003,00000,0,0,04978,1251,06226,1,0

0030338769,15014,0529,00000,0,00005,0005,00000,0,0,04977,1246,06200,1,0

0030338869,15014,0529,00000,0,00000,0000,00000,0,0,04983,1241,06182,1,0

0030338969,15014,0529,00000,0,00000,0002,00000,0,0,04970,1238,06152,1,0

0030339069,14986,0504,00000,0,00000,0005,00000,0,0,04966,1229,06103,1,0

0030339169,14986,0504,00000,0,00000,0000,00000,0,0,04977,1238,06164,1,0

0030339269,14986,0504,00000,0,00000,0004,00000,0,0,04980,1230,06127,1,0

0030339369,15019,0460,00000,0,00002,0000,00000,0,0,04979,1220,06071,1,0

0030339469,15019,0460,00000,0,00002,0000,00000,0,0,04976,1234,06136,1,0

0030339569,15019,0460,00000,0,00000,0005,00000,0,0,04952,2007,09935,1,0

0030339669,14990,0541,00000,0,00000,0006,00000,0,0,04953,1878,09303,1,0

0030339769,14990,0541,00000,0,00000,0000,00000,0,0,04977,1309,06516,1,0

0030339869,14990,0541,00000,0,00000,0000,00000,0,0,04976,1234,06143,1,0

0030339969,15002,0488,00000,0,00004,0000,00000,0,0,04981,1229,06121,1,0

0030340069,15002,0488,00000,0,00000,0000,00000,0,0,04976,1242,06182,1,0

0030340169,15002,0488,00000,0,00000,0000,00000,0,0,04981,1225,06102,1,0

0030340269,15006,0472,00000,0,00000,0000,00000,0,0,04980,1242,06187,1,0

0030340369,15006,0472,00000,0,00003,0000,00000,0,0,04976,1245,06196,1,0

0030340469,15006,0472,00000,0,00000,0000,00000,0,0,04972,1252,06228,1,0

0030340569,14989,0492,00000,0,00000,0005,00000,0,0,04983,1229,06123,1,0

0030340669,14989,0492,00000,0,00000,0000,00000,0,0,04979,1239,06170,1,0

0030340769,14989,0492,00000,0,00000,0000,00000,0,0,04978,1295,06445,1,0

0030340869,14953,0783,00000,0,00008,0005,00000,0,0,04986,1316,06561,1,0

0030340969,14953,0783,00000,0,00000,0000,00000,0,0,04982,1271,06335,1,0

0030341069,14953,0783,00000,0,00002,0005,00000,0,0,04968,1309,06501,1,0

0030341169,14985,0593,00000,0,00000,0003,00000,0,0,04966,1571,07802,1,0

0030341269,14985,0593,00000,0,00000,0000,00000,0,0,04956,2154,10672,1,0

0030341369,14985,0593,00000,0,00000,0000,00000,0,0,04963,1626,08071,1,0

0030341469,14968,0781,00000,0,00000,0000,00000,0,0,04962,1559,07735,1,0

0030341569,14968,0781,00000,0,00000,0002,00000,0,0,04976,1242,06181,1,0

0030341669,14968,0781,00000,0,00002,0000,00000,0,0,04971,1585,07876,1,0

0030341769,14972,0706,00000,0,00000,0000,00000,0,0,04960,1890,09373,1,0

0030341869,14972,0706,00000,0,00000,0000,00000,0,0,04937,2505,12369,1,0

0030341969,14972,0706,00000,0,00002,0000,00000,0,0,04964,1640,08142,1,0

0030342069,14930,0864,00000,0,00002,0004,00000,0,0,04975,1530,07609,1,0

0030342169,14930,0864,00000,0,00006,0004,00000,0,0,04987,1216,06065,1,0

0030342269,14930,0864,00000,0,00001,0000,00000,0,0,04966,1504,07468,1,0

0030342369,14913,0960,00000,0,00000,0008,00000,0,0,04944,2266,11198,1,0

0030342469,14913,0960,00000,0,00001,0000,00000,0,0,04965,1525,07573,1,0

0030342569,14913,0960,00000,0,00000,0005,00000,0,0,04963,1619,08032,1,0

0030342669,15013,0493,00000,0,00002,0000,00000,0,0,04976,1266,06302,1,0

0030342769,15013,0493,00000,0,00000,0000,00000,0,0,04891,2937,14364,1,0

0030342869,15013,0493,00000,0,00001,0000,00000,0,0,04938,2349,11601,1,0

0030342969,14973,0737,00000,0,00000,0007,00000,0,0,04970,1894,09414,1,0

0030343069,14973,0737,00000,0,00000,0000,00000,0,0,04953,2148,10643,1,0

0030343169,14973,0737,00000,0,00000,0000,00000,0,0,04967,1593,07911,1,0

0030343269,14980,0520,00000,0,00000,0005,00000,0,0,04974,1284,06387,1,0

0030343369,14980,0520,00000,0,00000,0000,00000,0,0,04889,2985,14589,1,0

0030343469,14980,0520,00000,0,00011,0000,00000,0,0,04970,1351,06715,1,0

0030343569,14987,0753,00000,0,00000,0005,00000,0,0,04956,2323,11507,1,0

0030343669,14987,0753,00000,0,00000,0000,00000,0,0,04933,2377,11721,1,0

0030343769,14987,0753,00000,0,00001,0000,00000,0,0,04984,1280,06381,1,0

0030343869,14795,1276,00000,0,00000,0000,00000,0,0,04943,2285,11291,1,0

0030343969,14795,1276,00000,0,00000,0000,00000,0,0,04939,2333,11520,1,0

0030344069,14795,1276,00000,0,00002,0008,00000,0,0,04952,2093,10362,1,0

0030344169,14944,0921,00000,0,00002,0000,00000,0,0,04972,1591,07914,1,0

0030344269,14944,0921,00000,0,00000,0003,00000,0,0,04977,1398,06960,1,0

0030344369,14944,0921,00000,0,00000,0001,00000,0,0,04975,1225,06094,1,0

0030344469,14940,0710,00000,0,00000,0007,00000,0,0,04942,2478,12249,1,0

0030344569,14940,0710,00000,0,00004,0000,00000,0,0,04966,1474,07320,1,0

0030344669,14940,0710,00000,0,00000,0000,00000,0,0,04955,2190,10849,1,0

0030344769,14913,0927,00000,0,00001,0003,00000,0,0,04971,1640,08149,1,0

0030344869,14913,0927,00000,0,00000,0001,00000,0,0,04981,1284,06395,1,0

0030344969,14913,0927,00000,0,00000,0000,00000,0,0,04964,2332,11578,1,0

0030345069,14930,1101,00000,0,00000,0000,00000,0,0,04890,2873,14043,1,0

0030345169,14930,1101,00000,0,00000,0000,00000,0,0,04944,2378,11751,1,0

0030345269,14930,1101,00000,0,00007,0000,00000,0,0,04952,2347,11618,1,0

0030345369,14961,0637,00000,0,00000,0000,00000,0,0,04966,2110,10476,1,0

0030345469,14961,0637,00000,0,00000,0000,00000,0,0,04978,1239,06166,1,0

0030345569,14961,0637,00000,0,00000,0000,00000,0,0,04941,2292,11327,1,0

0030345669,14916,0854,00000,0,00001,0000,00000,0,0,04973,1458,07252,1,0

0030345769,14916,0854,00000,0,00002,0010,00000,0,0,04897,2802,13716,1,0

0030345869,14916,0854,00000,0,00000,0003,00000,0,0,04966,1605,07972,1,0

0030345969,14991,0520,00000,0,00000,0000,00000,0,0,04983,1309,06520,1,0

0030346069,14991,0520,00000,0,00000,0007,00000,0,0,04938,2416,11930,1,0

0030346169,14991,0520,00000,0,00000,0006,00000,0,0,04870,2736,13317,1,0

0030346269,14843,1131,00000,0,00000,0000,00000,0,0,04937,2401,11846,1,0

0030346369,14843,1131,00000,0,00000,0006,00000,0,0,04970,1653,08217,1,0

0030346469,14843,1131,00000,0,00002,0000,00000,0,0,04966,1592,07904,1,0

0030346569,15006,0514,00000,0,00000,0000,00000,0,0,04979,1335,06646,1,0

0030346669,15006,0514,00000,0,00005,0001,00000,0,0,04957,1586,07865,1,0

0030346769,15006,0514,00000,0,00004,0011,00000,0,0,04945,2268,11217,1,0

0030346869,15006,0514,00000,0,00000,0000,00000,0,0,04928,2459,12114,1,0

0030346969,14921,0983,00000,0,00000,0000,00000,0,0,04937,2364,11673,1,0

0030347069,14921,0983,00000,0,00000,0000,00000,0,0,04973,1289,06411,1,0

0030347169,14921,0983,00000,0,00000,0009,00000,0,0,04931,2411,11889,1,0

0030347269,14933,0738,00000,0,00000,0000,00000,0,0,04946,2248,11121,1,0

0030347369,14933,0738,00000,0,00003,0007,00000,0,0,04954,2330,11544,1,0

0030347469,14933,0738,00000,0,00000,0000,00000,0,0,04946,2420,11972,1,0

0030347569,14926,0997,00000,0,00000,0000,00000,0,0,04977,1299,06465,1,0

0030347669,14926,0997,00000,0,00000,0000,00000,0,0,04976,1304,06492,1,0

0030347769,14926,0997,00000,0,00000,0000,00000,0,0,04885,3159,15426,1,0

0030347869,14937,0849,00000,0,00000,0006,00000,0,0,04930,2495,12301,1,0

0030347969,14937,0849,00000,0,00002,0000,00000,0,0,04914,2800,13759,1,0

0030348069,14937,0849,00000,0,00000,0002,00000,0,0,04968,1585,07869,1,0

0030348169,14948,0644,00000,0,00000,0000,00000,0,0,04971,1237,06150,1,0

0030348269,14948,0644,00000,0,00000,0001,00000,0,0,04956,2006,09938,1,0

0030348369,14948,0644,00000,0,00000,0006,00000,0,0,04968,1400,06954,1,0

0030348469,14833,1222,00000,0,00000,0000,00000,0,0,04922,2555,12578,1,0

0030348569,14833,1222,00000,0,00000,0007,00000,0,0,04928,2484,12238,1,0

0030348669,14833,1222,00000,0,00002,0002,00000,0,0,04984,1262,06290,1,0

0030348769,14972,0532,00000,0,00003,0002,00000,0,0,04889,2483,12133,1,0

0030348869,14972,0532,00000,0,00000,0000,00000,0,0,04962,1946,09655,1,0

0030348969,14972,0532,00000,0,00000,0000,00000,0,0,04910,3175,15591,1,0

0030349069,14881,1051,00000,0,00000,0000,00000,0,0,04940,2283,11276,1,0

0030349169,14881,1051,00000,0,00000,0000,00000,0,0,04944,2240,11072,1,0

0030349269,14881,1051,00000,0,00003,0000,00000,0,0,04975,1294,06437,1,0

0030349369,15017,0534,00000,0,00002,0000,00000,0,0,04945,2242,11088,1,0

0030349469,15017,0534,00000,0,00002,0000,00000,0,0,04980,1514,07540,1,0

0030349569,15017,0534,00000,0,00000,0008,00000,0,0,04948,2246,11108,1,0

0030349669,14950,0879,00000,0,00000,0000,00000,0,0,04961,1655,08211,1,0

0030349769,14950,0879,00000,0,00001,0000,00000,0,0,04979,1333,06634,1,0

0030349869,14950,0879,00000,0,00000,0003,00000,0,0,04974,1302,06476,1,0

0030349969,14845,1193,00000,0,00000,0011,00000,0,0,04949,2371,11735,1,0

0030350069,14845,1193,00000,0,00000,0010,00000,0,0,04958,1919,09514,1,0

0030350169,14845,1193,00000,0,00002,0000,00000,0,0,04912,2792,13713,1,0

0030350269,14981,0581,00000,0,00000,0006,00000,0,0,04975,1649,08202,1,0

0030350369,14981,0581,00000,0,00000,0000,00000,0,0,04976,1299,06463,1,0

0030350469,14981,0581,00000,0,00000,0004,00000,0,0,04954,2480,12285,1,0

0030350569,14992,0682,00000,0,00000,0000,00000,0,0,04967,1519,07542,1,0

0030350669,14992,0682,00000,0,00000,0000,00000,0,0,04960,1418,07036,1,0

0030350769,14992,0682,00000,0,00002,0000,00000,0,0,04962,1775,08807,1,0

0030350869,14970,0653,00000,0,00000,0000,00000,0,0,04977,1264,06292,1,0

0030350969,14970,0653,00000,0,00000,0000,00000,0,0,04916,2821,13864,1,0

0030351069,14970,0653,00000,0,00002,0000,00000,0,0,04882,3035,14811,1,0

0030351169,14948,0808,00000,0,00000,0003,00000,0,0,04933,2339,11544,1,0

0030351269,14948,0808,00000,0,00000,0005,00000,0,0,04944,2499,12348,1,0

0030351369,14948,0808,00000,0,00000,0000,00000,0,0,04926,2480,12218,1,0

0030351469,14989,0508,00000,0,00000,0000,00000,0,0,04971,1287,06395,1,0

0030351569,14989,0508,00000,0,00004,0000,00000,0,0,04961,1775,08806,1,0

0030351669,14989,0508,00000,0,00000,0000,00000,0,0,04883,3177,15515,1,0

0030351769,14892,1029,00000,0,00000,0000,00000,0,0,04969,1855,09217,1,0

0030351869,14892,1029,00000,0,00000,0006,00000,0,0,04967,1613,08010,1,0

0030351969,14892,1029,00000,0,00003,0000,00000,0,0,04978,1329,06618,1,0

0030352069,14997,0496,00000,0,00000,0002,00000,0,0,04970,1292,06420,1,0

0030352169,14997,0496,00000,0,00000,0000,00000,0,0,04969,1303,06474,1,0

0030352269,14997,0496,00000,0,00000,0000,00000,0,0,04983,0930,04635,1,0

0030352369,15018,0379,00000,0,00000,0000,00000,0,0,04981,0920,04585,1,0

0030352469,15018,0379,00000,0,00002,0000,00000,0,0,04974,0913,04543,1,0

0030352569,15018,0379,00000,0,00000,0000,00000,0,0,04973,0898,04466,1,0

0030352669,15027,0362,00000,0,00000,0004,00000,0,0,04980,0909,04530,1,0

0030352769,15027,0362,00000,0,00001,0000,00000,0,0,04988,0904,04514,1,0

