0033610768,15007,0535,00000,0,00000,0000,00000,0,0,04958,1637,08117,1,0

0033610869,15007,0535,00000,0,00000,0004,00000,0,0,04969,1294,06430,1,0

0033610969,14995,0508,00000,0,00000,0002,00000,0,0,04971,1309,06506,1,0

0033611068,14995,0508,00000,0,00000,0000,00000,0,0,04968,1300,06454,1,0

0033611168,14995,0508,00000,0,00000,0000,00000,0,0,04979,1237,06158,1,0

0033611269,14995,0508,00000,0,00003,0000,00000,0,0,04984,0982,04894,1,0

0033611369,15023,0378,00000,0,00001,0000,00000,0,0,04982,0969,04829,1,0

0033611468,15023,0378,00000,0,00000,0001,00000,0,0,04973,0988,04917,1,0

0033611568,15023,0378,00000,0,00002,0000,00000,0,0,04982,1000,04982,1,0

0033611669,15013,0408,00000,0,00000,0006,00000,0,0,04977,1040,05178,1,0

0033611768,15013,0408,00000,0,00000,0000,00000,0,0,04978,1029,05121,1,0

0033611868,15013,0408,00000,0,00000,0002,00000,0,0,04971,1026,05100,1,0

0033611969,15027,0379,00000,0,00000,0000,00000,0,0,04977,1017,05061,1,0

0033612069,15027,0379,00000,0,00000,0000,00000,0,0,04975,1006,05006,1,0

0033612168,15027,0379,00000,0,00001,0000,00000,0,0,04983,0980,04885,1,0

0033612269,15009,0406,00000,0,00000,0003,00000,0,0,04976,1300,06473,1,0

0033612368,15009,0406,00000,0,00000,0003,00000,0,0,04974,1084,05390,1,0

0033612469,15009,0406,00000,0,00000,0001,00000,0,0,04981,1021,05087,1,0

0033612569,15002,0433,00000,0,00003,0000,00000,0,0,04982,1022,05090,1,0

0033612669,15002,0433,00000,0,00004,0000,00000,0,0,04983,0967,04819,1,0

0033612769,15002,0433,00000,0,00000,0000,00000,0,0,04989,1222,06097,1,0

0033612869,15006,0455,00000,0,00000,0000,00000,0,0,04980,1279,06374,1,0

0033612969,15006,0455,00000,0,00000,0000,00000,0,0,04976,1146,05698,1,0

0033613069,15006,0455,00000,0,00000,0000,00000,0,0,04986,0986,04915,1,0

0033613169,15020,0377,00000,0,00002,0000,00000,0,0,04982,1086,05411,1,0

0033613268,15020,0377,00000,0,00001,0000,00000,0,0,04976,1177,05861,1,0

0033613368,15020,0377,00000,0,00001,0000,00000,0,0,04981,1107,05517,1,0

0033613468,15008,0432,00000,0,00000,0000,00000,0,0,04977,1063,05294,1,0

0033613569,15008,0432,00000,0,00000,0000,00000,0,0,04986,0901,04495,1,0

0033613668,15008,0432,00000,0,00000,0000,00000,0,0,04976,1057,05264,1,0

0033613768,15005,0456,00000,0,00000,0000,00000,0,0,04979,1008,05020,1,0

0033613869,15005,0456,00000,0,00005,0000,00000,0,0,04979,1078,05367,1,0

0033613969,15005,0456,00000,0,00000,0000,00000,0,0,04979,0984,04900,1,0

0033614068,15006,0403,00000,0,00000,0000,00000,0,0,04986,1185,05907,1,0

0033614169,15006,0403,00000,0,00003,0000,00000,0,0,04978,1013,05046,1,0

0033614268,15006,0403,00000,0,00002,0000,00000,0,0,04982,1203,05991,1,0

0033614369,15016,0394,00000,0,00000,0000,00000,0,0,04985,1035,05160,1,0

0033614468,15016,0394,00000,0,00000,0000,00000,0,0,04972,1166,05793,1,0

0033614568,15016,0394,00000,0,00000,0000,00000,0,0,04976,1186,05903,1,0

0033614668,15000,0448,00000,0,00000,0001,00000,0,0,04977,1201,05978,1,0

0033614769,15000,0448,00000,0,00000,0002,00000,0,0,04978,0951,04733,1,0

0033614869,15000,0448,00000,0,00000,0000,00000,0,0,04973,1188,05910,1,0

0033614968,15004,0456,00000,0,00000,0000,00000,0,0,04975,1188,05909,1,0

0033615068,15004,0456,00000,0,00000,0004,00000,0,0,04982,1192,05937,1,0

0033615169,15004,0456,00000,0,00000,0000,00000,0,0,04979,1038,05165,1,0

0033615268,14993,0434,00000,0,00000,0000,00000,0,0,04981,0917,04570,1,0

0033615368,14993,0434,00000,0,00000,0005,00000,0,0,04978,1176,05853,1,0

0033615468,14993,0434,00000,0,00000,0000,00000,0,0,04974,1137,05654,1,0

0033615569,14974,0500,00000,0,00000,0001,00000,0,0,04981,1018,05073,1,0

0033615668,14974,0500,00000,0,00000,0001,00000,0,0,04974,0948,04716,1,0

0033615768,14974,0500,00000,0,00000,0000,00000,0,0,04977,1180,05874,1,0

0033615868,14985,0494,00000,0,00000,0000,00000,0,0,04970,1138,05655,1,0

0033615969,14985,0494,00000,0,00000,0002,00000,0,0,04979,1043,05192,1,0

0033616068,14985,0494,00000,0,00006,0000,00000,0,0,04983,0974,04855,1,0

0033616168,15023,0415,00000,0,00000,0000,00000,0,0,04981,1201,05983,1,0

0033616268,15023,0415,00000,0,00001,0000,00000,0,0,04973,1043,05187,1,0

0033616369,15023,0415,00000,0,00000,0000,00000,0,0,04972,1075,05349,1,0

0033616468,15025,0391,00000,0,00000,0000,00000,0,0,04980,0976,04862,1,0

0033616568,15025,0391,00000,0,00000,0000,00000,0,0,04974,1209,06012,1,0

0033616668,15025,0391,00000,0,00000,0000,00000,0,0,04981,1129,05626,1,0

0033616769,14950,0612,00000,0,00000,0003,00000,0,0,04979,1184,05892,1,0

0033616868,14950,0612,00000,0,00000,0003,00000,0,0,04971,1043,05183,1,0

0033616968,14950,0612,00000,0,00000,0001,00000,0,0,04979,1248,06212,1,0

0033617069,15014,0520,00000,0,00000,0005,00000,0,0,04970,1196,05944,1,0

0033617169,15014,0520,00000,0,00003,0002,00000,0,0,04977,1077,05361,1,0

0033617268,15014,0520,00000,0,00000,0000,00000,0,0,04981,1057,05268,1,0

0033617368,15010,0430,00000,0,00003,0001,00000,0,0,04983,1028,05121,1,0

0033617468,15010,0430,00000,0,00000,0000,00000,0,0,04979,1211,06030,1,0

0033617569,15010,0430,00000,0,00000,0004,00000,0,0,04974,1181,05875,1,0

0033617669,15015,0453,00000,0,00000,0002,00000,0,0,04969,1028,05110,1,0

0033617768,15015,0453,00000,0,00000,0000,00000,0,0,04978,0959,04774,1,0

0033617868,15015,0453,00000,0,00000,0000,00000,0,0,04983,1224,06097,1,0

0033617969,14981,0504,00000,0,00000,0000,00000,0,0,04982,1123,05597,1,0

0033618068,14981,0504,00000,0,00000,0000,00000,0,0,04976,1111,05532,1,0

0033618168,14981,0504,00000,0,00000,0000,00000,0,0,04979,0948,04718,1,0

0033618268,15008,0445,00000,0,00002,0000,00000,0,0,04978,1248,06215,1,0

0033618369,15008,0445,00000,0,00003,0002,00000,0,0,04978,1121,05578,1,0

0033618468,15008,0445,00000,0,00000,0001,00000,0,0,04982,1073,05347,1,0

0033618568,15013,0419,00000,0,00000,0000,00000,0,0,04983,1021,05087,1,0

0033618668,15013,0419,00000,0,00000,0000,00000,0,0,04981,0983,04900,1,0

0033618769,15013,0419,00000,0,00000,0003,00000,0,0,04988,1057,05275,1,0

0033618869,15028,0389,00000,0,00000,0000,00000,0,0,04979,1127,05611,1,0

0033618968,15028,0389,00000,0,00000,0006,00000,0,0,04978,0995,04956,1,0

0033619068,15028,0389,00000,0,00000,0000,00000,0,0,04978,1186,05904,1,0

0033619169,14997,0496,00000,0,00004,0000,00000,0,0,04986,1172,05845,1,0

0033619268,14997,0496,00000,0,00000,0000,00000,0,0,04968,1203,05981,1,0

0033619368,14997,0496,00000,0,00000,0005,00000,0,0,04975,1034,05143,1,0

0033619468,15025,0439,00000,0,00000,0000,00000,0,0,04976,0974,04848,1,0

0033619569,15025,0439,00000,0,00006,0000,00000,0,0,04979,1188,05914,1,0

0033619668,15025,0439,00000,0,00002,0000,00000,0,0,04978,1163,05790,1,0

0033619768,15035,0386,00000,0,00000,0005,00000,0,0,04980,1029,05128,1,0

0033619868,15035,0386,00000,0,00000,0000,00000,0,0,04973,0955,04751,1,0

0033619969,15035,0386,00000,0,00000,0000,00000,0,0,04977,1188,05914,1,0

0033620069,15001,0464,00000,0,00000,0001,00000,0,0,04982,1228,06116,1,0

0033620168,15001,0464,00000,0,00000,0000,00000,0,0,04973,1050,05221,1,0

0033620268,15001,0464,00000,0,00003,0003,00000,0,0,04983,1001,04985,1,0

0033620369,15003,0382,00000,0,00000,0000,00000,0,0,04981,1182,05889,1,0

0033620468,15003,0382,00000,0,00000,0000,00000,0,0,04972,1190,05920,1,0

0033620568,15003,0382,00000,0,00000,0000,00000,0,0,04978,1198,05964,1,0

0033620668,15024,0393,00000,0,00000,0000,00000,0,0,04981,0948,04726,1,0

0033620769,15024,0393,00000,0,00000,0000,00000,0,0,04970,1242,06172,1,0

0033620868,15024,0393,00000,0,00002,0000,00000,0,0,04977,1122,05584,1,0

0033620968,14980,0497,00000,0,00002,0000,00000,0,0,04972,1177,05854,1,0

0033621068,14980,0497,00000,0,00000,0001,00000,0,0,04976,1047,05206,1,0

0033621169,14980,0497,00000,0,00000,0000,00000,0,0,04979,0998,04968,1,0

0033621269,15022,0388,00000,0,00000,0000,00000,0,0,04978,0871,04339,1,0

0033621368,15022,0388,00000,0,00000,0000,00000,0,0,04974,0873,04343,1,0

0033621468,15022,0388,00000,0,00000,0000,00000,0,0,04974,0868,04320,1,0

0033621569,15020,0370,00000,0,00000,0003,00000,0,0,04983,0867,04319,1,0

0033621668,15020,0370,00000,0,00000,0000,00000,0,0,04977,0874,04350,1,0

