0002678469,15048,0429,00000,0,00000,0000,00000,0,0,04967,1495,07422,1,0

0002678569,15048,0429,00000,0,00000,0000,00000,0,0,04976,1434,07139,1,0

0002678669,14990,0605,00000,0,00003,0000,00000,0,0,04977,1511,07522,1,0

0002678769,14990,0605,00000,0,00000,0000,00000,0,0,04974,1270,06319,1,0

0002678869,14990,0605,00000,0,00004,0004,00000,0,0,04969,1216,06046,1,0

0002678969,15019,0543,00000,0,00005,0000,00000,0,0,04966,1435,07126,1,0

0002679069,15019,0543,00000,0,00001,0001,00000,0,0,04971,1440,07159,1,0

0002679169,15019,0543,00000,0,00004,0001,00000,0,0,04981,1256,06256,1,0

0002679269,15013,0563,00000,0,00000,0000,00000,0,0,04972,1370,06815,1,0

0002679369,15013,0563,00000,0,00003,0002,00000,0,0,04973,1468,07301,1,0

0002679469,15013,0563,00000,0,00000,0000,00000,0,0,04980,1243,06192,1,0

0002679569,15037,0511,00000,0,00000,0000,00000,0,0,04980,1373,06842,1,0

0002679669,15037,0511,00000,0,00004,0000,00000,0,0,04975,1412,07024,1,0

0002679769,15037,0511,00000,0,00000,0000,00000,0,0,04976,1239,06169,1,0

0002679869,15021,0565,00000,0,00003,0000,00000,0,0,04980,1236,06159,1,0

0002679969,15021,0565,00000,0,00000,0001,00000,0,0,04969,1513,07520,1,0

0002680069,15021,0565,00000,0,00000,0007,00000,0,0,04976,1466,07298,1,0

0002680169,15031,0566,00000,0,00000,0000,00000,0,0,04974,1322,06576,1,0

0002680269,15031,0566,00000,0,00000,0000,00000,0,0,04977,1476,07346,1,0

0002680369,15031,0566,00000,0,00000,0000,00000,0,0,04975,1548,07702,1,0

0002680469,15004,0612,00000,0,00000,0003,00000,0,0,04985,1319,06575,1,0

0002680569,15004,0612,00000,0,00001,0001,00000,0,0,04977,1272,06331,1,0

0002680669,15004,0612,00000,0,00000,0002,00000,0,0,04973,1236,06150,1,0

0002680769,15008,0534,00000,0,00002,0003,00000,0,0,04971,1342,06669,1,0

0002680869,15008,0534,00000,0,00001,0003,00000,0,0,04973,1324,06588,1,0

0002680969,15008,0534,00000,0,00003,0000,00000,0,0,04981,1383,06891,1,0

0002681069,15031,0509,00000,0,00000,0001,00000,0,0,04981,1440,07175,1,0

0002681169,15031,0509,00000,0,00000,0000,00000,0,0,04974,1316,06546,1,0

0002681269,15031,0509,00000,0,00000,0000,00000,0,0,04975,1284,06386,1,0

0002681369,15024,0512,00000,0,00002,0003,00000,0,0,04970,1336,06639,1,0

0002681469,15024,0512,00000,0,00003,0002,00000,0,0,04982,1368,06816,1,0

0002681569,15024,0512,00000,0,00000,0000,00000,0,0,04975,1319,06559,1,0

0002681669,15018,0542,00000,0,00000,0006,00000,0,0,04983,1347,06710,1,0

0002681769,15018,0542,00000,0,00000,0000,00000,0,0,04977,1324,06592,1,0

0002681869,15018,0542,00000,0,00001,0001,00000,0,0,04972,1335,06634,1,0

0002681969,15018,0539,00000,0,00000,0000,00000,0,0,04974,1278,06356,1,0

0002682069,15018,0539,00000,0,00000,0000,00000,0,0,04973,1410,07013,1,0

0002682169,15018,0539,00000,0,00000,0000,00000,0,0,04979,1331,06627,1,0

0002682269,15019,0515,00000,0,00000,0000,00000,0,0,04979,1294,06440,1,0

0002682369,15019,0515,00000,0,00003,0000,00000,0,0,04972,1277,06351,1,0

0002682469,15019,0515,00000,0,00000,0000,00000,0,0,04971,1255,06239,1,0

0002682569,15060,0444,00000,0,00000,0000,00000,0,0,04977,1377,06854,1,0

0002682669,15060,0444,00000,0,00000,0000,00000,0,0,04978,1308,06511,1,0

0002682769,15060,0444,00000,0,00000,0003,00000,0,0,04964,1427,07088,1,0

0002682869,15041,0474,00000,0,00001,0000,00000,0,0,04973,1301,06470,1,0

0002682969,15041,0474,00000,0,00000,0000,00000,0,0,04973,1405,06989,1,0

0002683069,15041,0474,00000,0,00000,0003,00000,0,0,04971,1323,06574,1,0

0002683169,15021,0496,00000,0,00002,0003,00000,0,0,04976,1444,07187,1,0

0002683269,15021,0496,00000,0,00000,0000,00000,0,0,04984,1252,06242,1,0

0002683369,15021,0496,00000,0,00000,0008,00000,0,0,04952,1850,09159,1,0

0002683469,15041,0498,00000,0,00000,0000,00000,0,0,04969,1251,06218,1,0

0002683569,15041,0498,00000,0,00004,0000,00000,0,0,04974,1344,06687,1,0

0002683669,15041,0498,00000,0,00005,0000,00000,0,0,04971,1403,06974,1,0

0002683769,15022,0520,00000,0,00000,0004,00000,0,0,04976,1348,06707,1,0

0002683869,15022,0520,00000,0,00001,0005,00000,0,0,04976,1340,06670,1,0

0002683969,15022,0520,00000,0,00004,0001,00000,0,0,04979,1354,06741,1,0

0002684069,15015,0541,00000,0,00000,0000,00000,0,0,04971,1357,06746,1,0

0002684169,15015,0541,00000,0,00001,0000,00000,0,0,04971,1236,06145,1,0

0002684269,15015,0541,00000,0,00000,0000,00000,0,0,04977,1213,06036,1,0

0002684369,15040,0462,00000,0,00000,0000,00000,0,0,04963,1603,07954,1,0

0002684469,15040,0462,00000,0,00000,0000,00000,0,0,04971,1255,06239,1,0

0002684569,15040,0462,00000,0,00000,0000,00000,0,0,04967,1289,06403,1,0

0002684669,15031,0560,00000,0,00000,0001,00000,0,0,04970,1213,06028,1,0

0002684769,15031,0560,00000,0,00000,0002,00000,0,0,04980,1316,06557,1,0

0002684869,15031,0560,00000,0,00000,0000,00000,0,0,04972,1195,05939,1,0

0002684969,15030,0475,00000,0,00000,0003,00000,0,0,04982,1263,06290,1,0

0002685069,15030,0475,00000,0,00000,0000,00000,0,0,04981,1299,06470,1,0

0002685169,15030,0475,00000,0,00000,0000,00000,0,0,04974,1316,06546,1,0

0002685269,15007,0640,00000,0,00000,0001,00000,0,0,04977,1286,06400,1,0

0002685369,15007,0640,00000,0,00004,0004,00000,0,0,04980,1252,06238,1,0

0002685469,15007,0640,00000,0,00000,0000,00000,0,0,04976,1260,06269,1,0

0002685569,15051,0398,00000,0,00000,0003,00000,0,0,04967,1202,05971,1,0

0002685669,15051,0398,00000,0,00000,0000,00000,0,0,04982,1213,06041,1,0

0002685769,15051,0398,00000,0,00005,0000,00000,0,0,04984,1248,06223,1,0

0002685869,14999,0574,00000,0,00003,0003,00000,0,0,04986,1324,06603,1,0

0002685969,14999,0574,00000,0,00000,0004,00000,0,0,04945,1833,09068,1,0

0002686069,14999,0574,00000,0,00005,0004,00000,0,0,04982,1195,05954,1,0

0002686169,15044,0460,00000,0,00000,0000,00000,0,0,04979,1257,06259,1,0

0002686269,15044,0460,00000,0,00003,0000,00000,0,0,04988,1254,06258,1,0

0002686369,15044,0460,00000,0,00002,0000,00000,0,0,04980,1234,06149,1,0

0002686469,15041,0490,00000,0,00000,0000,00000,0,0,04981,1232,06137,1,0

0002686569,15041,0490,00000,0,00000,0000,00000,0,0,04971,1242,06174,1,0

0002686669,15041,0490,00000,0,00000,0000,00000,0,0,04982,1320,06577,1,0

0002686769,15026,0485,00000,0,00003,0000,00000,0,0,04981,1253,06242,1,0

0002686869,15026,0485,00000,0,00000,0000,00000,0,0,04970,1210,06012,1,0

0002686969,15026,0485,00000,0,00000,0007,00000,0,0,04972,1290,06410,1,0

0002687069,15001,0537,00000,0,00000,0000,00000,0,0,04982,1219,06072,1,0

0002687169,15001,0537,00000,0,00000,0005,00000,0,0,04979,1157,05759,1,0

0002687269,15001,0537,00000,0,00002,0003,00000,0,0,04975,1243,06185,1,0

0002687369,15042,0469,00000,0,00001,0002,00000,0,0,04981,1251,06231,1,0

0002687469,15042,0469,00000,0,00000,0004,00000,0,0,04981,1304,06496,1,0

0002687569,15042,0469,00000,0,00001,0005,00000,0,0,04978,1277,06355,1,0

0002687669,15037,0466,00000,0,00000,0004,00000,0,0,04969,1354,06730,1,0

0002687769,15037,0466,00000,0,00000,0004,00000,0,0,04975,1266,06296,1,0

0002687869,15037,0466,00000,0,00000,0000,00000,0,0,04974,1237,06155,1,0

0002687969,15026,0469,00000,0,00000,0000,00000,0,0,04974,1222,06079,1,0

0002688069,15026,0469,00000,0,00001,0000,00000,0,0,04976,1251,06223,1,0

0002688169,15026,0469,00000,0,00002,0000,00000,0,0,04980,0973,04847,1,0

0002688269,15058,0474,00000,0,00000,0000,00000,0,0,04978,1196,05954,1,0

0002688369,15058,0474,00000,0,00000,0000,00000,0,0,04977,1202,05984,1,0

0002688469,15058,0474,00000,0,00000,0000,00000,0,0,04973,1234,06140,1,0

0002688569,15034,0467,00000,0,00003,0005,00000,0,0,04981,1139,05672,1,0

0002688669,15034,0467,00000,0,00000,0000,00000,0,0,04962,1644,08158,1,0

0002688769,15034,0467,00000,0,00000,0000,00000,0,0,04975,1411,07019,1,0

0002688869,15063,0481,00000,0,00000,0000,00000,0,0,04975,1159,05765,1,0

0002688969,15063,0481,00000,0,00000,0000,00000,0,0,04978,1200,05974,1,0

0002689069,15063,0481,00000,0,00000,0000,00000,0,0,04975,1268,06307,1,0

0002689169,15037,0475,00000,0,00001,0000,00000,0,0,04983,1197,05961,1,0

0002689269,15037,0475,00000,0,00000,0000,00000,0,0,04976,1089,05421,1,0

0002689369,15037,0475,00000,0,00000,0000,00000,0,0,04980,1229,06125,1,0

0002689469,14983,0650,00000,0,00000,0000,00000,0,0,04974,1350,06714,1,0

0002689569,14983,0650,00000,0,00000,0000,00000,0,0,04980,1249,06225,1,0

0002689669,14983,0650,00000,0,00000,0000,00000,0,0,04980,1217,06065,1,0

0002689769,15051,0500,00000,0,00000,0000,00000,0,0,04981,1278,06365,1,0

0002689869,15051,0500,00000,0,00000,0000,00000,0,0,04972,1248,06205,1,0

0002689969,15051,0500,00000,0,00003,0000,00000,0,0,04981,1219,06073,1,0

0002690069,15035,0489,00000,0,00000,0000,00000,0,0,04974,1189,05915,1,0

0002690169,15035,0489,00000,0,00001,0000,00000,0,0,04984,1252,06244,1,0

0002690269,15035,0489,00000,0,00000,0000,00000,0,0,04978,1327,06605,1,0

0002690369,15055,0482,00000,0,00010,0000,00000,0,0,04983,1233,06144,1,0

0002690469,15055,0482,00000,0,00000,0000,00000,0,0,04977,1215,06049,1,0

0002690569,15055,0482,00000,0,00000,0004,00000,0,0,04981,1204,05998,1,0

0002690669,15065,0417,00000,0,00000,0003,00000,0,0,04986,1073,05349,1,0

0002690769,15065,0417,00000,0,00000,0000,00000,0,0,04974,1224,06089,1,0

0002690869,15065,0417,00000,0,00000,0000,00000,0,0,04974,1249,06211,1,0

0002690969,15065,0417,00000,0,00002,0000,00000,0,0,04973,1286,06399,1,0

0002691069,15032,0524,00000,0,00000,0003,00000,0,0,04971,1226,06095,1,0

0002691169,15032,0524,00000,0,00005,0005,00000,0,0,04975,1354,06735,1,0

0002691269,15032,0524,00000,0,00000,0000,00000,0,0,04974,1231,06122,1,0

0002691369,15003,0520,00000,0,00000,0000,00000,0,0,04986,1221,06088,1,0

0002691469,15003,0520,00000,0,00002,0000,00000,0,0,04975,1435,07137,1,0

0002691569,15003,0520,00000,0,00000,0000,00000,0,0,04977,1440,07167,1,0

0002691669,15010,0529,00000,0,00000,0000,00000,0,0,04976,1349,06714,1,0

0002691769,15010,0529,00000,0,00000,0002,00000,0,0,04977,1225,06099,1,0

0002691869,15010,0529,00000,0,00000,0002,00000,0,0,04969,1325,06583,1,0

0002691969,15020,0539,00000,0,00000,0000,00000,0,0,04970,1280,06364,1,0

0002692069,15020,0539,00000,0,00000,0000,00000,0,0,04980,1200,05977,1,0

0002692169,15020,0539,00000,0,00002,0007,00000,0,0,04979,1272,06333,1,0

0002692269,15037,0462,00000,0,00000,0000,00000,0,0,04979,1223,06089,1,0

0002692369,15037,0462,00000,0,00004,0010,00000,0,0,04976,1227,06108,1,0

0002692469,15037,0462,00000,0,00001,0004,00000,0,0,04980,1390,06923,1,0

0002692569,15000,0689,00000,0,00000,0001,00000,0,0,04979,1242,06181,1,0

0002692669,15000,0689,00000,0,00002,0001,00000,0,0,04982,1301,06480,1,0

0002692769,15000,0689,00000,0,00000,0000,00000,0,0,04976,1094,05449,1,0

0002692869,15039,0449,00000,0,00000,0002,00000,0,0,04972,1240,06169,1,0

0002692969,15039,0449,00000,0,00001,0001,00000,0,0,04978,1207,06008,1,0

0002693069,15039,0449,00000,0,00000,0001,00000,0,0,04976,1281,06374,1,0

0002693169,15009,0725,00000,0,00000,0000,00000,0,0,04969,1206,05994,1,0

0002693269,15009,0725,00000,0,00000,0000,00000,0,0,04961,1298,06439,1,0

0002693369,15009,0725,00000,0,00000,0000,00000,0,0,04964,1260,06259,1,0

0002693469,15026,0513,00000,0,00000,0000,00000,0,0,04967,1332,06616,1,0

0002693569,15026,0513,00000,0,00002,0004,00000,0,0,04974,1264,06289,1,0

0002693669,15026,0513,00000,0,00001,0000,00000,0,0,04984,1207,06016,1,0

0002693769,15033,0507,00000,0,00000,0000,00000,0,0,04974,1307,06502,1,0

0002693869,15033,0507,00000,0,00000,0000,00000,0,0,04978,1244,06191,1,0

0002693969,15033,0507,00000,0,00000,0000,00000,0,0,04968,1239,06154,1,0

0002694069,15041,0522,00000,0,00000,0004,00000,0,0,04976,1227,06103,1,0

0002694169,15041,0522,00000,0,00000,0007,00000,0,0,04973,1331,06621,1,0

0002694269,15041,0522,00000,0,00000,0004,00000,0,0,04982,1246,06209,1,0

0002694369,15033,0480,00000,0,00003,0000,00000,0,0,04979,1288,06413,1,0

0002694469,15033,0480,00000,0,00002,0000,00000,0,0,04976,1156,05752,1,0

0002694569,15033,0480,00000,0,00000,0000,00000,0,0,04979,1223,06090,1,0

0002694669,15041,0455,00000,0,00000,0000,00000,0,0,04983,1199,05975,1,0

0002694769,15041,0455,00000,0,00000,0000,00000,0,0,04974,1256,06245,1,0

0002694869,15041,0455,00000,0,00000,0000,00000,0,0,04965,1606,07976,1,0

0002694969,15046,0459,00000,0,00003,0006,00000,0,0,04979,1333,06635,1,0

0002695069,15046,0459,00000,0,00000,0006,00000,0,0,04982,1252,06240,1,0

0002695169,15046,0459,00000,0,00000,0006,00000,0,0,04975,0998,04965,1,0

0002695269,15026,0485,00000,0,00000,0001,00000,0,0,04979,1257,06255,1,0

0002695369,15026,0485,00000,0,00000,0004,00000,0,0,04978,0968,04818,1,0

0002695469,15026,0485,00000,0,00000,0000,00000,0,0,04978,1268,06312,1,0

0002695569,15048,0444,00000,0,00000,0000,00000,0,0,04984,1193,05949,1,0

0002695669,15048,0444,00000,0,00000,0000,00000,0,0,04969,1292,06420,1,0

0002695769,15048,0444,00000,0,00000,0000,00000,0,0,04976,1240,06173,1,0

0002695869,15037,0438,00000,0,00000,0007,00000,0,0,04973,1195,05945,1,0

0002695969,15037,0438,00000,0,00000,0005,00000,0,0,04983,1206,06006,1,0

0002696069,15037,0438,00000,0,00003,0000,00000,0,0,04981,1223,06094,1,0

0002696169,15020,0551,00000,0,00000,0000,00000,0,0,04983,1197,05965,1,0

0002696269,15020,0551,00000,0,00000,0000,00000,0,0,04968,1236,06143,1,0

0002696369,15020,0551,00000,0,00000,0000,00000,0,0,04974,1203,05982,1,0

0002696469,15037,0489,00000,0,00003,0000,00000,0,0,04981,1298,06468,1,0

0002696569,15037,0489,00000,0,00002,0000,00000,0,0,04973,1243,06185,1,0

0002696669,15037,0489,00000,0,00002,0000,00000,0,0,04978,1242,06183,1,0

0002696769,15027,0464,00000,0,00004,0001,00000,0,0,04981,1144,05699,1,0

0002696869,15027,0464,00000,0,00002,0000,00000,0,0,04967,1256,06239,1,0

0002696969,15027,0464,00000,0,00002,0001,00000,0,0,04987,1187,05919,1,0

0002697069,15055,0458,00000,0,00003,0000,00000,0,0,04985,1217,06070,1,0

0002697169,15055,0458,00000,0,00000,0000,00000,0,0,04969,1204,05983,1,0

0002697269,15055,0458,00000,0,00001,0005,00000,0,0,04985,1257,06266,1,0

0002697369,14990,0623,00000,0,00000,0003,00000,0,0,04969,1253,06227,1,0

0002697469,14990,0623,00000,0,00003,0002,00000,0,0,04980,1327,06609,1,0

0002697569,14990,0623,00000,0,00000,0000,00000,0,0,04972,1295,06440,1,0

0002697669,15022,0540,00000,0,00000,0001,00000,0,0,04979,1186,05902,1,0

0002697769,15022,0540,00000,0,00000,0000,00000,0,0,04978,1189,05918,1,0

0002697869,15022,0540,00000,0,00000,0002,00000,0,0,04970,1220,06065,1,0

0002697969,15038,0433,00000,0,00000,0000,00000,0,0,04977,1220,06073,1,0

0002698069,15038,0433,00000,0,00000,0004,00000,0,0,04976,1299,06466,1,0

0002698169,15038,0433,00000,0,00003,0000,00000,0,0,04975,1199,05962,1,0

0002698269,15010,0488,00000,0,00003,0000,00000,0,0,04979,1211,06028,1,0

0002698369,15010,0488,00000,0,00000,0000,00000,0,0,04967,1364,06775,1,0

0002698469,15010,0488,00000,0,00000,0000,00000,0,0,04972,1209,06010,1,0

0002698569,15047,0456,00000,0,00003,0000,00000,0,0,04973,1199,05963,1,0

0002698669,15047,0456,00000,0,00000,0003,00000,0,0,04982,1212,06038,1,0

0002698769,15047,0456,00000,0,00000,0000,00000,0,0,04969,1187,05900,1,0

0002698869,15067,0530,00000,0,00002,0002,00000,0,0,04987,1212,06044,1,0

0002698969,15067,0530,00000,0,00000,0000,00000,0,0,04978,1212,06032,1,0

0002699069,15067,0530,00000,0,00003,0000,00000,0,0,04984,1296,06461,1,0

0002699169,15051,0429,00000,0,00000,0004,00000,0,0,04969,1379,06855,1,0

0002699269,15051,0429,00000,0,00002,0000,00000,0,0,04979,1170,05824,1,0

0002699369,15051,0429,00000,0,00000,0000,00000,0,0,04979,1193,05940,1,0

0002699469,15039,0449,00000,0,00000,0000,00000,0,0,04976,1201,05973,1,0

0002699569,15039,0449,00000,0,00000,0000,00000,0,0,04976,1249,06217,1,0

0002699669,15039,0449,00000,0,00000,0001,00000,0,0,04977,1165,05798,1,0

0002699769,15053,0433,00000,0,00000,0000,00000,0,0,04977,1185,05898,1,0

0002699869,15053,0433,00000,0,00000,0000,00000,0,0,04978,1261,06277,1,0

0002699969,15053,0433,00000,0,00000,0000,00000,0,0,04971,1353,06726,1,0

0002700069,15016,0469,00000,0,00003,0000,00000,0,0,04983,1236,06160,1,0

0002700169,15016,0469,00000,0,00000,0003,00000,0,0,04970,1225,06089,1,0

0002700269,15016,0469,00000,0,00000,0000,00000,0,0,04976,1237,06155,1,0

0002700369,15041,0455,00000,0,00000,0000,00000,0,0,04981,1210,06028,1,0

0002700469,15041,0455,00000,0,00000,0006,00000,0,0,04973,1356,06743,1,0

0002700569,15041,0455,00000,0,00001,0000,00000,0,0,04982,1311,06529,1,0

0002700669,15046,0456,00000,0,00000,0005,00000,0,0,04978,1257,06255,1,0

0002700769,15046,0456,00000,0,00001,0000,00000,0,0,04968,1396,06939,1,0

0002700869,15046,0456,00000,0,00000,0000,00000,0,0,04974,1188,05911,1,0

0002700969,15036,0440,00000,0,00002,0000,00000,0,0,04975,1220,06069,1,0

0002701069,15036,0440,00000,0,00000,0000,00000,0,0,04974,1257,06253,1,0

0002701169,15036,0440,00000,0,00000,0003,00000,0,0,04978,1220,06072,1,0

0002701269,15014,0541,00000,0,00000,0000,00000,0,0,04978,1304,06489,1,0

0002701369,15014,0541,00000,0,00000,0000,00000,0,0,04977,1050,05228,1,0

0002701469,15014,0541,00000,0,00000,0000,00000,0,0,04982,1230,06127,1,0

0002701569,15031,0473,00000,0,00000,0001,00000,0,0,04981,1346,06707,1,0

0002701669,15031,0473,00000,0,00000,0000,00000,0,0,04969,1615,08028,1,0

0002701769,15031,0473,00000,0,00000,0000,00000,0,0,04979,1210,06023,1,0

0002701869,15029,0493,00000,0,00000,0000,00000,0,0,04985,1255,06256,1,0

0002701969,15029,0493,00000,0,00000,0000,00000,0,0,04975,1255,06243,1,0

0002702069,15029,0493,00000,0,00000,0003,00000,0,0,04980,1275,06354,1,0

0002702169,15036,0477,00000,0,00000,0000,00000,0,0,04971,1249,06207,1,0

0002702269,15036,0477,00000,0,00002,0000,00000,0,0,04983,1209,06021,1,0

0002702369,15036,0477,00000,0,00000,0000,00000,0,0,04968,1280,06359,1,0

0002702469,15048,0481,00000,0,00000,0004,00000,0,0,04973,1268,06308,1,0

0002702569,15048,0481,00000,0,00000,0004,00000,0,0,04973,1362,06773,1,0

0002702669,15048,0481,00000,0,00004,0000,00000,0,0,04973,1191,05925,1,0

0002702769,15039,0517,00000,0,00004,0000,00000,0,0,04984,1221,06088,1,0

0002702869,15039,0517,00000,0,00000,0002,00000,0,0,04973,1223,06081,1,0

0002702969,15039,0517,00000,0,00000,0000,00000,0,0,04981,1224,06097,1,0

0002703069,15038,0468,00000,0,00000,0000,00000,0,0,04976,1413,07034,1,0

0002703169,15038,0468,00000,0,00000,0000,00000,0,0,04972,1209,06012,1,0

0002703269,15038,0468,00000,0,00000,0003,00000,0,0,04977,1210,06024,1,0

0002703369,15062,0497,00000,0,00000,0000,00000,0,0,04983,1200,05977,1,0

0002703469,15062,0497,00000,0,00000,0000,00000,0,0,04979,1232,06132,1,0

0002703569,15062,0497,00000,0,00000,0000,00000,0,0,04969,1401,06963,1,0

0002703669,15018,0554,00000,0,00000,0000,00000,0,0,04966,1313,06519,1,0

0002703769,15018,0554,00000,0,00000,0000,00000,0,0,04981,1279,06374,1,0

0002703869,15018,0554,00000,0,00000,0000,00000,0,0,04974,1204,05987,1,0

0002703969,15018,0554,00000,0,00000,0004,00000,0,0,04981,1231,06132,1,0

0002704069,15019,0500,00000,0,00000,0000,00000,0,0,04977,1034,05149,1,0

0002704169,15019,0500,00000,0,00000,0002,00000,0,0,04979,1192,05932,1,0

0002704269,15019,0500,00000,0,00001,0001,00000,0,0,04983,1195,05952,1,0

0002704369,15023,0474,00000,0,00000,0000,00000,0,0,04983,1193,05945,1,0

0002704469,15023,0474,00000,0,00000,0000,00000,0,0,04980,1156,05762,1,0

0002704569,15023,0474,00000,0,00000,0001,00000,0,0,04975,1165,05795,1,0

0002704669,15037,0423,00000,0,00000,0000,00000,0,0,04974,1201,05977,1,0

0002704769,15037,0423,00000,0,00000,0000,00000,0,0,04969,1317,06545,1,0

0002704869,15037,0423,00000,0,00000,0000,00000,0,0,04974,1245,06195,1,0

0002704969,15041,0528,00000,0,00000,0005,00000,0,0,04982,1181,05885,1,0

0002705069,15041,0528,00000,0,00000,0003,00000,0,0,04979,1281,06377,1,0

0002705169,15041,0528,00000,0,00000,0000,00000,0,0,04975,1229,06116,1,0

0002705269,15053,0468,00000,0,00001,0002,00000,0,0,04974,1204,05989,1,0

0002705369,15053,0468,00000,0,00000,0003,00000,0,0,04969,1196,05945,1,0

0002705469,15053,0468,00000,0,00000,0000,00000,0,0,04978,1236,06155,1,0

0002705569,15040,0426,00000,0,00000,0000,00000,0,0,04982,1138,05669,1,0

0002705669,15040,0426,00000,0,00001,0000,00000,0,0,04988,1059,05283,1,0

0002705769,15040,0426,00000,0,00000,0000,00000,0,0,04984,0969,04833,1,0

0002705869,15023,0482,00000,0,00001,0001,00000,0,0,04980,1214,06046,1,0

0002705969,15023,0482,00000,0,00000,0001,00000,0,0,04985,1305,06505,1,0

0002706069,15023,0482,00000,0,00004,0000,00000,0,0,04968,1824,09057,1,0

0002706169,14998,0708,00000,0,00000,0000,00000,0,0,04965,1865,09262,1,0

0002706269,14998,0708,00000,0,00000,0006,00000,0,0,04968,1763,08756,1,0

0002706369,14998,0708,00000,0,00000,0001,00000,0,0,04970,1326,06591,1,0

0002706469,15032,0480,00000,0,00000,0001,00000,0,0,04979,1203,05987,1,0

0002706569,15032,0480,00000,0,00000,0000,00000,0,0,04973,1692,08417,1,0

0002706669,15032,0480,00000,0,00000,0001,00000,0,0,04974,1255,06244,1,0

0002706769,15023,0488,00000,0,00000,0002,00000,0,0,04978,1313,06534,1,0

0002706869,15023,0488,00000,0,00000,0005,00000,0,0,04973,1257,06253,1,0

0002706969,15023,0488,00000,0,00000,0000,00000,0,0,04984,1201,05988,1,0

0002707069,15043,0464,00000,0,00001,0008,00000,0,0,04983,1282,06386,1,0

0002707169,15043,0464,00000,0,00000,0000,00000,0,0,04978,1074,05346,1,0

0002707269,15043,0464,00000,0,00000,0003,00000,0,0,04973,1305,06490,1,0

0002707369,15030,0507,00000,0,00000,0002,00000,0,0,04979,1231,06131,1,0

0002707469,15030,0507,00000,0,00000,0000,00000,0,0,04958,1575,07810,1,0

0002707569,15030,0507,00000,0,00000,0000,00000,0,0,04975,1383,06882,1,0

0002707669,15025,0493,00000,0,00000,0006,00000,0,0,04975,1216,06046,1,0

0002707769,15025,0493,00000,0,00000,0000,00000,0,0,04976,1214,06041,1,0

0002707869,15025,0493,00000,0,00000,0000,00000,0,0,04974,1352,06724,1,0

0002707969,15061,0430,00000,0,00004,0002,00000,0,0,04973,1329,06608,1,0

0002708069,15061,0430,00000,0,00000,0000,00000,0,0,04977,1239,06166,1,0

0002708169,15061,0430,00000,0,00001,0000,00000,0,0,04973,1231,06126,1,0

0002708269,15047,0521,00000,0,00000,0002,00000,0,0,04971,1321,06565,1,0

0002708369,15047,0521,00000,0,00000,0000,00000,0,0,04978,1218,06062,1,0

0002708469,15047,0521,00000,0,00005,0000,00000,0,0,04980,1265,06302,1,0

0002708569,15022,0473,00000,0,00000,0000,00000,0,0,04978,1226,06104,1,0

0002708669,15022,0473,00000,0,00000,0000,00000,0,0,04964,1364,06772,1,0

0002708769,15022,0473,00000,0,00000,0002,00000,0,0,04975,1243,06182,1,0

0002708869,15052,0472,00000,0,00002,0000,00000,0,0,04986,1232,06145,1,0

0002708969,15052,0472,00000,0,00000,0000,00000,0,0,04973,1342,06676,1,0

0002709069,15052,0472,00000,0,00000,0006,00000,0,0,04965,1064,05283,1,0

0002709169,15044,0483,00000,0,00002,0002,00000,0,0,04979,1225,06098,1,0

0002709269,15044,0483,00000,0,00000,0002,00000,0,0,04991,1287,06421,1,0

0002709369,15044,0483,00000,0,00000,0000,00000,0,0,04982,1210,06030,1,0

0002709469,15027,0487,00000,0,00000,0000,00000,0,0,04983,1234,06146,1,0

0002709569,15027,0487,00000,0,00000,0003,00000,0,0,04974,1267,06300,1,0

0002709669,15027,0487,00000,0,00000,0005,00000,0,0,04973,1222,06077,1,0

0002709769,15010,0516,00000,0,00000,0007,00000,0,0,04964,1324,06570,1,0

0002709869,15010,0516,00000,0,00000,0000,00000,0,0,04975,1113,05536,1,0

0002709969,15010,0516,00000,0,00000,0000,00000,0,0,04982,1048,05222,1,0

0002710069,15033,0537,00000,0,00000,0002,00000,0,0,04972,1206,05997,1,0

0002710169,15033,0537,00000,0,00000,0000,00000,0,0,04978,1162,05783,1,0

0002710269,15033,0537,00000,0,00000,0000,00000,0,0,04972,1192,05932,1,0

0002710369,15056,0481,00000,0,00004,0000,00000,0,0,04970,1524,07572,1,0

0002710469,15056,0481,00000,0,00000,0001,00000,0,0,04976,1424,07089,1,0

0002710569,15056,0481,00000,0,00004,0000,00000,0,0,04980,1265,06304,1,0

0002710669,15021,0582,00000,0,00000,0000,00000,0,0,04977,1281,06375,1,0

0002710769,15021,0582,00000,0,00002,0000,00000,0,0,04968,1295,06435,1,0

0002710869,15021,0582,00000,0,00000,0001,00000,0,0,04977,1209,06019,1,0

0002710969,15025,0489,00000,0,00000,0000,00000,0,0,04976,1233,06133,1,0

0002711069,15025,0489,00000,0,00004,0000,00000,0,0,04975,1277,06354,1,0

0002711169,15025,0489,00000,0,00005,0000,00000,0,0,04979,1233,06138,1,0

0002711269,15035,0487,00000,0,00000,0006,00000,0,0,04979,1213,06038,1,0

0002711369,15035,0487,00000,0,00000,0003,00000,0,0,04975,1081,05376,1,0

0002711469,15035,0487,00000,0,00000,0000,00000,0,0,04982,0962,04793,1,0

0002711569,15074,0369,00000,0,00000,0003,00000,0,0,04980,1204,05997,1,0

0002711669,15074,0369,00000,0,00000,0000,00000,0,0,04982,1229,06124,1,0

0002711769,15074,0369,00000,0,00001,0000,00000,0,0,04979,1182,05886,1,0

0002711869,15017,0499,00000,0,00000,0000,00000,0,0,04979,1260,06273,1,0

0002711969,15017,0499,00000,0,00004,0000,00000,0,0,04980,1224,06098,1,0

0002712069,15017,0499,00000,0,00000,0000,00000,0,0,04974,1246,06196,1,0

0002712169,15011,0560,00000,0,00000,0001,00000,0,0,04976,1330,06613,1,0

0002712269,15011,0560,00000,0,00000,0000,00000,0,0,04981,1215,06053,1,0

0002712369,15011,0560,00000,0,00000,0000,00000,0,0,04974,1233,06134,1,0

0002712469,15043,0480,00000,0,00002,0000,00000,0,0,04974,1257,06251,1,0

0002712569,15043,0480,00000,0,00003,0001,00000,0,0,04984,1243,06198,1,0

0002712669,15043,0480,00000,0,00007,0006,00000,0,0,04977,1217,06058,1,0

0002712769,15031,0480,00000,0,00000,0000,00000,0,0,04971,1209,06011,1,0

0002712869,15031,0480,00000,0,00000,0000,00000,0,0,04973,1243,06183,1,0

0002712969,15031,0480,00000,0,00000,0001,00000,0,0,04968,1502,07465,1,0

0002713069,15034,0505,00000,0,00001,0000,00000,0,0,04975,1245,06192,1,0

0002713169,15034,0505,00000,0,00004,0000,00000,0,0,04981,1237,06163,1,0

0002713269,15034,0505,00000,0,00000,0003,00000,0,0,04972,1271,06325,1,0

0002713369,15042,0445,00000,0,00000,0001,00000,0,0,04974,1207,06006,1,0

0002713469,15042,0445,00000,0,00000,0003,00000,0,0,04974,1272,06328,1,0

0002713569,15042,0445,00000,0,00005,0005,00000,0,0,04983,1174,05849,1,0

0002713669,15059,0497,00000,0,00000,0004,00000,0,0,04973,0940,04675,1,0

0002713769,15059,0497,00000,0,00001,0002,00000,0,0,04981,0871,04341,1,0

0002713869,15059,0497,00000,0,00000,0001,00000,0,0,04984,0874,04358,1,0

0002713969,15045,0366,00000,0,00002,0001,00000,0,0,04981,0880,04383,1,0

0002714069,15045,0366,00000,0,00000,0007,00000,0,0,04984,0875,04366,1,0

0002714169,15045,0366,00000,0,00001,0000,00000,0,0,04986,0878,04377,1,0

0002714269,15044,0349,00000,0,00000,0000,00000,0,0,04978,0864,04302,1,0

0002714369,15044,0349,00000,0,00000,0000,00000,0,0,04981,0861,04288,1,0

0002714469,15044,0349,00000,0,00000,0000,00000,0,0,04984,0870,04338,1,0

0002714569,15039,0352,00000,0,00000,0000,00000,0,0,04983,0862,04295,1,0

