0327765537,15000,0480,00000,0,00000,0000,00000,0,0,04972,1478,07352,1,0

0327765637,15000,0480,00000,0,00000,0000,00000,0,0,04975,0902,04485,1,0

0327765737,15000,0480,00000,0,00000,0000,00000,0,0,04992,0899,04490,1,0

0327765837,14989,0407,00000,0,00000,0000,00000,0,0,04983,0896,04466,1,0

0327765937,14989,0407,00000,0,00000,0002,00000,0,0,04974,0927,04613,1,0

0327766037,14989,0407,00000,0,00000,0002,00000,0,0,04985,0917,04571,1,0

0327766137,14996,0380,00000,0,00000,0003,00000,0,0,04981,0926,04614,1,0

0327766237,14996,0380,00000,0,00000,0000,00000,0,0,04979,0929,04627,1,0

0327766337,14996,0380,00000,0,00000,0000,00000,0,0,04979,0897,04468,1,0

0327766437,15014,0353,00000,0,00000,0000,00000,0,0,04980,0931,04639,1,0

0327766537,15014,0353,00000,0,00000,0000,00000,0,0,04973,1103,05485,1,0

0327766637,15014,0353,00000,0,00000,0004,00000,0,0,04981,1180,05881,1,0

0327766737,14985,0513,00000,0,00000,0004,00000,0,0,04979,1237,06160,1,0

0327766837,14985,0513,00000,0,00000,0000,00000,0,0,04983,0893,04449,1,0

0327766937,14985,0513,00000,0,00000,0000,00000,0,0,04982,0899,04480,1,0

0327767037,15001,0384,00000,0,00000,0000,00000,0,0,04983,0936,04662,1,0

0327767137,15001,0384,00000,0,00000,0000,00000,0,0,04979,0905,04506,1,0

0327767237,15001,0384,00000,0,00000,0003,00000,0,0,04966,1619,08041,1,0

0327767337,15012,0387,00000,0,00000,0000,00000,0,0,04979,0982,04891,1,0

0327767437,15012,0387,00000,0,00000,0000,00000,0,0,04985,0882,04398,1,0

0327767537,15012,0387,00000,0,00000,0002,00000,0,0,04978,0932,04640,1,0

0327767637,15014,0376,00000,0,00000,0000,00000,0,0,04982,0898,04473,1,0

0327767737,15014,0376,00000,0,00000,0003,00000,0,0,04981,0946,04715,1,0

0327767837,15014,0376,00000,0,00000,0000,00000,0,0,04977,0913,04545,1,0

0327767937,15003,0403,00000,0,00000,0000,00000,0,0,04985,0974,04858,1,0

0327768037,15003,0403,00000,0,00000,0000,00000,0,0,04980,0939,04679,1,0

0327768137,15003,0403,00000,0,00000,0001,00000,0,0,04987,0943,04703,1,0

0327768237,15002,0381,00000,0,00000,0000,00000,0,0,04978,0908,04519,1,0

0327768337,15002,0381,00000,0,00000,0004,00000,0,0,04979,1251,06225,1,0

0327768437,15002,0381,00000,0,00000,0002,00000,0,0,04974,1253,06234,1,0

0327768537,14972,0484,00000,0,00000,0000,00000,0,0,04982,1210,06028,1,0

0327768637,14972,0484,00000,0,00000,0002,00000,0,0,04976,0939,04676,1,0

0327768737,14972,0484,00000,0,00000,0003,00000,0,0,04983,0913,04551,1,0

0327768837,15006,0416,00000,0,00000,0000,00000,0,0,04979,0893,04447,1,0

0327768937,15006,0416,00000,0,00000,0009,00000,0,0,04968,1644,08170,1,0

0327769037,15006,0416,00000,0,00000,0003,00000,0,0,04982,0940,04682,1,0

0327769137,15032,0350,00000,0,00000,0000,00000,0,0,04975,0916,04559,1,0

0327769237,15032,0350,00000,0,00000,0000,00000,0,0,04978,1256,06251,1,0

0327769337,15032,0350,00000,0,00000,0000,00000,0,0,04985,0941,04694,1,0

0327769437,14982,0543,00000,0,00000,0000,00000,0,0,04980,0964,04802,1,0

0327769537,14982,0543,00000,0,00000,0000,00000,0,0,04981,0920,04586,1,0

0327769637,14982,0543,00000,0,00000,0003,00000,0,0,04974,0931,04631,1,0

0327769737,14992,0394,00000,0,00000,0001,00000,0,0,04981,1002,04991,1,0

0327769837,14992,0394,00000,0,00000,0000,00000,0,0,04980,0893,04451,1,0

0327769937,14992,0394,00000,0,00000,0000,00000,0,0,04979,0919,04577,1,0

0327770037,15008,0371,00000,0,00000,0001,00000,0,0,04979,0921,04588,1,0

0327770137,15008,0371,00000,0,00000,0000,00000,0,0,04972,1201,05977,1,0

0327770237,15008,0371,00000,0,00000,0000,00000,0,0,04980,0935,04661,1,0

0327770337,15013,0404,00000,0,00000,0000,00000,0,0,04975,0927,04614,1,0

0327770437,15013,0404,00000,0,00000,0000,00000,0,0,04981,0963,04800,1,0

0327770537,15013,0404,00000,0,00000,0002,00000,0,0,04979,0961,04786,1,0

0327770637,15014,0374,00000,0,00000,0000,00000,0,0,04980,0943,04701,1,0

0327770737,15014,0374,00000,0,00000,0000,00000,0,0,04982,1228,06119,1,0

0327770837,15014,0374,00000,0,00000,0000,00000,0,0,04976,1217,06058,1,0

0327770937,14991,0476,00000,0,00000,0000,00000,0,0,04981,0968,04823,1,0

0327771037,14991,0476,00000,0,00000,0000,00000,0,0,04976,1529,07603,1,0

0327771137,14991,0476,00000,0,00000,0001,00000,0,0,04972,1322,06571,1,0

0327771237,15003,0487,00000,0,00000,0000,00000,0,0,04983,0883,04398,1,0

0327771337,15003,0487,00000,0,00000,0005,00000,0,0,04973,1681,08361,1,0

0327771437,15003,0487,00000,0,00000,0002,00000,0,0,04983,0958,04775,1,0

0327771537,15009,0420,00000,0,00000,0000,00000,0,0,04979,0929,04627,1,0

0327771637,15009,0420,00000,0,00000,0004,00000,0,0,04979,0997,04963,1,0

0327771737,15009,0420,00000,0,00000,0002,00000,0,0,04981,0925,04611,1,0

0327771837,14963,0696,00000,0,00000,0003,00000,0,0,04976,0941,04686,1,0

0327771937,14963,0696,00000,0,00000,0000,00000,0,0,04979,1039,05173,1,0

0327772037,14963,0696,00000,0,00000,0002,00000,0,0,04967,1596,07924,1,0

0327772137,14948,0730,00000,0,00000,0000,00000,0,0,04968,1572,07806,1,0

0327772237,14948,0730,00000,0,00000,0000,00000,0,0,04973,1519,07556,1,0

0327772337,14948,0730,00000,0,00000,0000,00000,0,0,04977,1426,07100,1,0

0327772437,14989,0533,00000,0,00000,0000,00000,0,0,04963,1517,07526,1,0

0327772537,14989,0533,00000,0,00000,0000,00000,0,0,04976,1436,07150,1,0

0327772637,14989,0533,00000,0,00000,0000,00000,0,0,04972,1520,07555,1,0

0327772737,14964,0652,00000,0,00000,0004,00000,0,0,04975,1499,07454,1,0

0327772837,14964,0652,00000,0,00000,0005,00000,0,0,04968,1514,07525,1,0

0327772937,14964,0652,00000,0,00000,0000,00000,0,0,04975,1392,06925,1,0

0327773037,15014,0417,00000,0,00000,0000,00000,0,0,04971,1515,07529,1,0

0327773137,15014,0417,00000,0,00000,0000,00000,0,0,04977,1402,06978,1,0

0327773237,15014,0417,00000,0,00000,0000,00000,0,0,04976,1528,07608,1,0

0327773337,14973,0605,00000,0,00000,0006,00000,0,0,04976,1508,07509,1,0

0327773437,14973,0605,00000,0,00000,0005,00000,0,0,04969,1690,08399,1,0

0327773537,14973,0605,00000,0,00000,0004,00000,0,0,04960,1808,08965,1,0

0327773637,14952,0707,00000,0,00000,0000,00000,0,0,04966,1683,08360,1,0

0327773737,14952,0707,00000,0,00000,0000,00000,0,0,04965,1813,09006,1,0

0327773837,14952,0707,00000,0,00000,0002,00000,0,0,04967,1713,08507,1,0

0327773937,14952,0707,00000,0,00000,0000,00000,0,0,04978,1390,06920,1,0

0327774037,14969,0654,00000,0,00000,0008,00000,0,0,04974,1503,07475,1,0

0327774137,14969,0654,00000,0,00000,0000,00000,0,0,04977,1569,07809,1,0

0327774237,14969,0654,00000,0,00000,0008,00000,0,0,04966,1647,08180,1,0

0327774337,14964,0590,00000,0,00000,0001,00000,0,0,04968,1557,07732,1,0

0327774437,14964,0590,00000,0,00000,0006,00000,0,0,04968,1916,09520,1,0

0327774537,14964,0590,00000,0,00000,0003,00000,0,0,04970,1683,08362,1,0

0327774637,14960,0639,00000,0,00000,0000,00000,0,0,04968,1601,07958,1,0

0327774737,14960,0639,00000,0,00000,0000,00000,0,0,04966,1751,08693,1,0

0327774837,14960,0639,00000,0,00000,0000,00000,0,0,04965,1748,08679,1,0

0327774937,14985,0578,00000,0,00000,0000,00000,0,0,04964,1640,08142,1,0

0327775037,14985,0578,00000,0,00000,0004,00000,0,0,04963,1631,08094,1,0

0327775137,14985,0578,00000,0,00000,0000,00000,0,0,04965,1887,09372,1,0

0327775237,14895,0995,00000,0,00000,0000,00000,0,0,04926,2501,12319,1,0

0327775337,14895,0995,00000,0,00000,0000,00000,0,0,04940,2488,12287,1,0

0327775437,14895,0995,00000,0,00000,0000,00000,0,0,04937,2549,12589,1,0

0327775537,14944,0985,00000,0,00000,0000,00000,0,0,04932,2463,12146,1,0

0327775637,14944,0985,00000,0,00000,0000,00000,0,0,04956,1721,08525,1,0

0327775737,14944,0985,00000,0,00000,0000,00000,0,0,04941,2370,11712,1,0

0327775837,14869,1014,00000,0,00000,0000,00000,0,0,04968,1807,08973,1,0

0327775937,14869,1014,00000,0,00000,0000,00000,0,0,04951,2285,11309,1,0

0327776037,14869,1014,00000,0,00000,0002,00000,0,0,04952,2141,10600,1,0

0327776137,14897,0887,00000,0,00000,0004,00000,0,0,04946,2267,11212,1,0

0327776237,14897,0887,00000,0,00000,0001,00000,0,0,04967,1574,07816,1,0

0327776337,14897,0887,00000,0,00000,0000,00000,0,0,04929,2499,12310,1,0

0327776437,14893,0920,00000,0,00000,0000,00000,0,0,04970,1839,09140,1,0

0327776537,14893,0920,00000,0,00000,0000,00000,0,0,04920,2567,12626,1,0

0327776637,14893,0920,00000,0,00000,0000,00000,0,0,04933,2561,12635,1,0

0327776737,14873,1090,00000,0,00000,0009,00000,0,0,04920,2652,13042,1,0

0327776837,14873,1090,00000,0,00000,0001,00000,0,0,04956,2087,10340,1,0

0327776937,14873,1090,00000,0,00000,0000,00000,0,0,04895,2983,14601,1,0

0327777037,14916,0833,00000,0,00000,0015,00000,0,0,04953,1862,09225,1,0

0327777137,14916,0833,00000,0,00000,0000,00001,0,0,04932,2536,12503,1,0

0327777237,14916,0833,00000,0,00000,0001,00000,0,0,04933,2473,12203,1,0

0327777337,14890,1034,00000,0,00000,0000,00000,0,0,04969,1919,09536,1,0

0327777437,14890,1034,00000,0,00000,0000,00000,0,0,04975,1566,07788,1,0

0327777537,14890,1034,00000,0,00000,0000,00000,0,0,04941,2415,11936,1,0

0327777637,14906,0960,00000,0,00000,0000,00000,0,0,04937,2085,10288,1,0

0327777737,14906,0960,00000,0,00000,0000,00000,0,0,04937,2445,12066,1,0

0327777837,14906,0960,00000,0,00000,0000,00000,0,0,04952,2088,10334,1,0

0327777937,14889,1047,00000,0,00000,0000,00000,0,0,04952,1904,09425,1,0

0327778037,14889,1047,00000,0,00000,0000,00000,0,0,04928,2564,12630,1,0

0327778137,14889,1047,00000,0,00000,0011,00000,0,0,04916,2764,13584,1,0

0327778237,14849,1081,00000,0,00000,0000,00000,0,0,04918,2468,12141,1,0

0327778337,14849,1081,00000,0,00000,0000,00000,0,0,04931,2132,10513,1,0

0327778437,14849,1081,00000,0,00000,0005,00000,0,0,04974,1412,07022,1,0

0327778537,15006,0501,00000,0,00000,0000,00000,0,0,04913,2727,13392,1,0

0327778637,15006,0501,00000,0,00000,0005,00000,0,0,04910,2812,13810,1,0

0327778737,15006,0501,00000,0,00000,0000,00000,0,0,04893,3011,14729,1,0

0327778837,14890,1004,00000,0,00000,0000,00000,0,0,04945,2273,11244,1,0

0327778937,14890,1004,00000,0,00000,0000,00000,0,0,04950,2174,10759,1,0

0327779037,14890,1004,00000,0,00000,0004,00000,0,0,04964,1626,08069,1,0

0327779137,14979,0634,00000,0,00000,0000,00000,0,0,04947,2212,10941,1,0

0327779237,14979,0634,00000,0,00000,0000,00000,0,0,04923,2625,12922,1,0

0327779337,14979,0634,00000,0,00000,0000,00000,0,0,04975,1398,06952,1,0

0327779437,15023,0416,00000,0,00000,0000,00000,0,0,04970,1639,08146,1,0

0327779537,15023,0416,00000,0,00000,0013,00000,0,0,04906,2835,13909,1,0

0327779637,15023,0416,00000,0,00000,0000,00000,0,0,04895,2983,14602,1,0

0327779737,14821,1281,00000,0,00000,0000,00000,0,0,04916,2749,13509,1,0

0327779837,14821,1281,00000,0,00000,0007,00000,0,0,04915,2772,13623,1,0

0327779937,14821,1281,00000,0,00000,0000,00000,0,0,04913,2748,13495,1,0

0327780037,14859,1058,00000,0,00000,0000,00000,0,0,04927,2578,12700,1,0

0327780137,14859,1058,00000,0,00000,0000,00000,0,0,04921,2693,13246,1,0

0327780237,14859,1058,00000,0,00000,0005,00000,0,0,04971,1438,07146,1,0

0327780337,14839,1135,00000,0,00000,0004,00000,0,0,04914,2743,13483,1,0

0327780437,14839,1135,00000,0,00000,0000,00000,0,0,04973,1700,08454,1,0

0327780537,14839,1135,00000,0,00000,0002,00000,0,0,04966,1718,08532,1,0

0327780637,14993,0647,00000,0,00000,0000,00000,0,0,04871,3196,15572,1,0

0327780737,14993,0647,00000,0,00000,0004,00000,0,0,04971,1656,08232,1,0

0327780837,14993,0647,00000,0,00000,0000,00000,0,0,04914,2236,10991,1,0

0327780937,14904,1029,00000,0,00000,0000,00001,0,0,04920,2606,12816,1,0

0327781037,14904,1029,00000,0,00000,0000,00000,0,0,04910,2768,13591,1,0

0327781137,14904,1029,00000,0,00000,0000,00000,0,0,04970,1417,07045,1,0

0327781237,14906,0977,00000,0,00000,0000,00000,0,0,04957,2236,11088,1,0

0327781337,14906,0977,00000,0,00000,0000,00000,0,0,04907,2854,14002,1,0

0327781437,14906,0977,00000,0,00000,0000,00000,0,0,04918,1869,09193,1,0

0327781537,14890,1200,00000,0,00000,0000,00000,0,0,04896,2959,14483,1,0

0327781637,14890,1200,00000,0,00000,0000,00000,0,0,04958,2103,10426,1,0

0327781737,14890,1200,00000,0,00000,0000,00000,0,0,04942,2258,11159,1,0

0327781837,14989,0637,00000,0,00000,0007,00000,0,0,04860,3243,15761,1,0

0327781937,14989,0637,00000,0,00000,0003,00000,0,0,04927,2606,12839,1,0

0327782037,14989,0637,00000,0,00000,0000,00000,0,0,04967,1451,07206,1,0

0327782137,14995,0440,00000,0,00000,0000,00000,0,0,04974,1108,05511,1,0

0327782237,14995,0440,00000,0,00000,0000,00000,0,0,04980,1066,05314,1,0

0327782337,14995,0440,00000,0,00000,0000,00000,0,0,04980,1072,05340,1,0

0327782437,14993,0426,00000,0,00000,0000,00000,0,0,04979,1041,05181,1,0

0327782537,14993,0426,00000,0,00000,0000,00000,0,0,04984,1046,05216,1,0

0327782637,14993,0426,00000,0,00000,0000,00000,0,0,04969,1365,06786,1,0

0327782737,15008,0497,00000,0,00000,0000,00000,0,0,04973,1354,06735,1,0

0327782837,15008,0497,00000,0,00000,0001,00000,0,0,04973,1025,05098,1,0

0327782937,15008,0497,00000,0,00000,0000,00000,0,0,04963,1494,07411,1,0

0327783037,15002,0419,00000,0,00000,0000,00000,0,0,04978,1038,05166,1,0

0327783137,15002,0419,00000,0,00000,0000,00000,0,0,04973,1042,05184,1,0

0327783237,15002,0419,00000,0,00000,0000,00000,0,0,04956,2363,11704,1,0

0327783337,14863,1114,00000,0,00000,0002,00000,0,0,04962,1695,08409,1,0

0327783437,14863,1114,00000,0,00000,0000,00000,0,0,04968,1567,07789,1,0

0327783537,14863,1114,00000,0,00000,0009,00000,0,0,04847,3149,15255,1,0

0327783637,14847,1330,00000,0,00000,0000,00000,0,0,04896,2967,14523,1,0

0327783737,14847,1330,00000,0,00000,0000,00000,0,0,04971,1712,08510,1,0

0327783837,14847,1330,00000,0,00000,0002,00000,0,0,04916,2744,13486,1,0

0327783937,14868,1040,00000,0,00000,0002,00000,0,0,04921,2635,12960,1,0

0327784037,14868,1040,00000,0,00000,0000,00000,0,0,04924,2677,13178,1,0

0327784137,14868,1040,00000,0,00000,0000,00000,0,0,04975,1392,06922,1,0

0327784237,14868,1040,00000,0,00000,0000,00000,0,0,04952,2320,11486,1,0

0327784337,14948,0702,00000,0,00000,0004,00000,0,0,04901,2851,13968,1,0

0327784437,14948,0702,00000,0,00000,0000,00000,0,0,04919,2779,13668,1,0

0327784537,14948,0702,00000,0,00000,0000,00001,0,0,04930,3028,14927,1,0

0327784637,14973,0679,00000,0,00000,0010,00000,0,0,04903,2818,13819,1,0

0327784737,14973,0679,00000,0,00000,0000,00000,0,0,04874,2621,12769,1,0

0327784837,14973,0679,00000,0,00000,0000,00000,0,0,04916,2791,13718,1,0

0327784937,14927,0987,00000,0,00000,0000,00000,0,0,04915,2604,12796,1,0

0327785037,14927,0987,00000,0,00000,0006,00000,0,0,04972,1585,07886,1,0

0327785137,14927,0987,00000,0,00000,0002,00000,0,0,04909,2861,14036,1,0

0327785237,14853,1104,00000,0,00000,0000,00000,0,0,04946,2246,11109,1,0

0327785337,14853,1104,00000,0,00000,0005,00000,0,0,04969,1683,08364,1,0

0327785437,14853,1104,00000,0,00000,0000,00000,0,0,04903,2938,14407,1,0

0327785537,14970,0650,00000,0,00000,0000,00000,0,0,04909,2745,13471,1,0

0327785637,14970,0650,00000,0,00000,0008,00000,0,0,04912,2714,13329,1,0

0327785737,14970,0650,00000,0,00000,0007,00000,0,0,04952,2171,10749,1,0

0327785837,14915,0862,00000,0,00000,0010,00000,0,0,04900,2725,13349,1,0

0327785937,14915,0862,00000,0,00000,0000,00000,0,0,04971,1656,08230,1,0

0327786037,14915,0862,00000,0,00000,0000,00000,0,0,04974,1631,08112,1,0

0327786137,14895,1154,00000,0,00000,0000,00000,0,0,04896,3038,14871,1,0

0327786237,14895,1154,00000,0,00000,0001,00000,0,0,04966,1626,08076,1,0

0327786337,14895,1154,00000,0,00000,0007,00000,0,0,04936,2400,11844,1,0

0327786437,14974,0729,00000,0,00000,0000,00000,0,0,04968,1602,07958,1,0

0327786537,14974,0729,00000,0,00000,0000,00000,0,0,04916,2794,13733,1,0

0327786637,14974,0729,00000,0,00000,0000,00000,0,0,04924,2657,13079,1,0

0327786737,14893,0990,00000,0,00000,0005,00000,0,0,04912,2781,13657,1,0

0327786837,14893,0990,00000,0,00000,0000,00000,0,0,04973,1387,06900,1,0

0327786937,14893,0990,00000,0,00000,0000,00000,0,0,04929,2640,13016,1,0

0327787037,14951,0704,00000,0,00000,0003,00000,0,0,04915,2799,13754,1,0

0327787137,14951,0704,00000,0,00000,0000,00000,0,0,04917,2689,13218,1,0

0327787237,14951,0704,00000,0,00000,0002,00000,0,0,04949,1944,09622,1,0

0327787337,14924,0973,00000,0,00000,0000,00000,0,0,04902,2827,13861,1,0

0327787437,14924,0973,00000,0,00000,0000,00000,0,0,04968,1703,08455,1,0

0327787537,14924,0973,00000,0,00000,0000,00000,0,0,04928,2506,12345,1,0

0327787637,14915,1044,00000,0,00000,0000,00000,0,0,04950,2160,10694,1,0

0327787737,14915,1044,00000,0,00000,0003,00000,0,0,04967,1440,07149,1,0

0327787837,14915,1044,00000,0,00000,0011,00000,0,0,04908,2900,14232,1,0

0327787937,14996,0597,00000,0,00000,0000,00000,0,0,04902,2847,13958,1,0

0327788037,14996,0597,00000,0,00000,0006,00000,0,0,04959,1604,07955,1,0

0327788137,14996,0597,00000,0,00000,0011,00000,0,0,04976,1699,08451,1,0

0327788237,14802,1404,00000,0,00000,0007,00000,0,0,04959,1688,08370,1,0

0327788337,14802,1404,00000,0,00000,0004,00000,0,0,04967,1604,07964,1,0

0327788437,14802,1404,00000,0,00000,0000,00000,0,0,04915,2616,12855,1,0

0327788537,14869,1061,00000,0,00000,0000,00000,0,0,04948,2164,10701,1,0

0327788637,14869,1061,00000,0,00000,0002,00000,0,0,04974,1448,07202,1,0

0327788737,14869,1061,00000,0,00000,0000,00000,0,0,04964,1644,08156,1,0

0327788837,14981,0705,00000,0,00000,0000,00000,0,0,04903,2822,13838,1,0

0327788937,14981,0705,00000,0,00000,0002,00000,0,0,04898,3010,14745,1,0

0327789037,14981,0705,00000,0,00000,0003,00000,0,0,04956,1700,08422,1,0

0327789137,14827,1386,00000,0,00000,0000,00000,0,0,04862,3361,16334,1,0

0327789237,14827,1386,00000,0,00000,0008,00000,0,0,04962,1623,08052,1,0

0327789337,14827,1386,00000,0,00000,0008,00000,0,0,04913,2778,13644,1,0

0327789437,14937,0958,00000,0,00000,0000,00000,0,0,04919,2786,13704,1,0

0327789537,14937,0958,00000,0,00000,0004,00000,0,0,04970,1445,07179,1,0

0327789637,14937,0958,00000,0,00000,0000,00000,0,0,04908,2869,14077,1,0

0327789737,14963,0650,00000,0,00000,0000,00000,0,0,04958,1662,08241,1,0

0327789837,14963,0650,00000,0,00000,0000,00000,0,0,04853,3336,16186,1,0

0327789937,14963,0650,00000,0,00000,0000,00000,0,0,04889,3055,14929,1,0

0327790037,14893,1060,00000,0,00000,0000,00000,0,0,04961,1579,07835,1,0

0327790137,14893,1060,00000,0,00000,0000,00000,0,0,04876,3242,15808,1,0

0327790237,14893,1060,00000,0,00000,0000,00000,0,0,04967,1599,07941,1,0

0327790337,14947,0792,00000,0,00000,0008,00000,0,0,04881,3221,15719,1,0

0327790437,14947,0792,00000,0,00000,0001,00000,0,0,04918,2695,13256,1,0

0327790537,14947,0792,00000,0,00000,0000,00000,0,0,04977,1482,07379,1,0

0327790637,14865,1099,00000,0,00000,0000,00000,0,0,04905,2884,14142,1,0

0327790737,14865,1099,00000,0,00000,0000,00000,0,0,04960,1918,09517,1,0

0327790837,14865,1099,00000,0,00000,0000,00000,0,0,04916,2742,13478,1,0

0327790937,14929,0833,00000,0,00000,0000,00000,0,0,04947,2344,11593,1,0

0327791037,14929,0833,00000,0,00000,0000,00000,0,0,04919,2324,11433,1,0

0327791137,14929,0833,00000,0,00000,0003,00000,0,0,04916,2778,13651,1,0

0327791237,14871,1304,00000,0,00000,0000,00000,0,0,04943,2258,11161,1,0

0327791337,14871,1304,00000,0,00000,0000,00000,0,0,04964,1628,08077,1,0

0327791437,14871,1304,00000,0,00000,0000,00000,0,0,04966,1467,07284,1,0

0327791537,14971,0622,00000,0,00000,0000,00000,0,0,04943,2302,11378,1,0

0327791637,14971,0622,00000,0,00000,0000,00000,0,0,04921,2610,12847,1,0

0327791737,14971,0622,00000,0,00000,0000,00000,0,0,04926,2566,12640,1,0

0327791837,14907,0992,00000,0,00000,0000,00000,0,0,04925,2601,12805,1,0

0327791937,14907,0992,00000,0,00000,0011,00000,0,0,04895,2847,13935,1,0

0327792037,14907,0992,00000,0,00000,0007,00000,0,0,04900,3146,15413,1,0

0327792137,14945,0851,00000,0,00000,0007,00000,0,0,04916,2696,13249,1,0

0327792237,14945,0851,00000,0,00000,0000,00000,0,0,04967,1594,07917,1,0

0327792337,14945,0851,00000,0,00000,0000,00000,0,0,04946,2092,10348,1,0

0327792437,14866,1056,00000,0,00000,0002,00000,0,0,04973,1520,07559,1,0

0327792537,14866,1056,00000,0,00000,0000,00000,0,0,04969,1479,07350,1,0

0327792637,14866,1056,00000,0,00000,0000,00000,0,0,04967,1565,07772,1,0

0327792737,14985,0622,00000,0,00000,0000,00000,0,0,04909,2805,13762,1,0

0327792837,14985,0622,00000,0,00000,0000,00000,0,0,04889,3342,16335,1,0

0327792937,14985,0622,00000,0,00000,0007,00000,0,0,04967,1713,08509,1,0

0327793037,14875,1097,00000,0,00000,0000,00000,0,0,04871,3420,16659,1,0

0327793137,14875,1097,00000,0,00000,0007,00000,0,0,04964,1612,07998,1,0

0327793237,14875,1097,00000,0,00000,0000,00000,0,0,04949,2378,11773,1,0

0327793337,14883,0926,00000,0,00000,0000,00000,0,0,04908,2781,13646,1,0

0327793437,14883,0926,00000,0,00000,0000,00000,0,0,04973,1510,07512,1,0

0327793537,14883,0926,00000,0,00000,0000,00000,0,0,04960,1868,09268,1,0

0327793637,14899,1013,00000,0,00000,0010,00000,0,0,04921,2625,12924,1,0

0327793737,14899,1013,00000,0,00000,0013,00000,0,0,04934,2487,12273,1,0

0327793837,14899,1013,00000,0,00000,0008,00000,0,0,04875,3385,16504,1,0

0327793937,14970,0649,00000,0,00000,0000,00000,0,0,04878,3222,15707,1,0

0327794037,14970,0649,00000,0,00000,0000,00000,0,0,04944,2163,10689,1,0

0327794137,14970,0649,00000,0,00000,0000,00000,0,0,04903,2983,14626,1,0

0327794237,14924,0846,00000,0,00000,0010,00000,0,0,04934,2367,11678,1,0

0327794337,14924,0846,00000,0,00000,0010,00000,0,0,04962,1558,07733,1,0

0327794437,14924,0846,00000,0,00000,0001,00000,0,0,04969,1647,08185,1,0

0327794537,14869,1236,00000,0,00000,0000,00000,0,0,04895,2976,14566,1,0

0327794637,14869,1236,00000,0,00000,0000,00000,0,0,04954,2169,10747,1,0

0327794737,14869,1236,00000,0,00000,0000,00000,0,0,04869,3389,16499,1,0

0327794837,14803,1348,00000,0,00000,0008,00000,0,0,04859,3109,15108,1,0

0327794937,14803,1348,00000,0,00000,0000,00000,0,0,04914,2979,14642,1,0

0327795037,14803,1348,00000,0,00000,0000,00000,0,0,04893,3099,15159,1,0

0327795137,14926,0842,00000,0,00000,0004,00000,0,0,04898,2983,14614,1,0

0327795237,14926,0842,00000,0,00000,0000,00000,0,0,04972,1890,09399,1,0

0327795337,14926,0842,00000,0,00000,0000,00000,0,0,04927,2970,14631,1,0

0327795437,14964,0689,00000,0,00000,0000,00000,0,0,04957,1760,08726,1,0

0327795537,14964,0689,00000,0,00000,0000,00000,0,0,04965,1587,07883,1,0

0327795637,14964,0689,00000,0,00000,0000,00000,0,0,04972,1271,06320,1,0

0327795737,14994,0474,00000,0,00000,0000,00000,0,0,04969,1306,06492,1,0

0327795837,14994,0474,00000,0,00000,0001,00000,0,0,04977,1294,06441,1,0

0327795937,14994,0474,00000,0,00000,0002,00000,0,0,04975,1274,06335,1,0

0327796037,15018,0465,00000,0,00000,0003,00000,0,0,04980,1302,06487,1,0

0327796137,15018,0465,00000,0,00000,0007,00000,0,0,04973,1650,08205,1,0

0327796237,15018,0465,00000,0,00000,0001,00000,0,0,04963,1352,06707,1,0

0327796337,15018,0465,00000,0,00000,0000,00000,0,0,04980,1307,06513,1,0

0327796437,15008,0474,00000,0,00000,0004,00000,0,0,04961,1318,06540,1,0

0327796537,15008,0474,00000,0,00000,0000,00000,0,0,04974,1201,05974,1,0

0327796637,15008,0474,00000,0,00000,0000,00000,0,0,04975,1287,06400,1,0

0327796737,15005,0448,00000,0,00000,0000,00000,0,0,04989,1303,06504,1,0

0327796837,15005,0448,00000,0,00000,0003,00000,0,0,04979,1243,06190,1,0

0327796937,15005,0448,00000,0,00000,0001,00000,0,0,04973,1274,06338,1,0

0327797037,14984,0522,00000,0,00000,0000,00000,0,0,04986,1133,05649,1,0

0327797137,14984,0522,00000,0,00000,0000,00000,0,0,04975,1274,06338,1,0

0327797237,14984,0522,00000,0,00000,0000,00000,0,0,04979,1228,06115,1,0

0327797337,14986,0543,00000,0,00000,0002,00000,0,0,04978,1267,06309,1,0

0327797437,14986,0543,00000,0,00000,0002,00000,0,0,04969,1581,07856,1,0

0327797537,14986,0543,00000,0,00000,0000,00000,0,0,04984,1269,06328,1,0

0327797637,14985,0551,00000,0,00000,0001,00000,0,0,04978,1004,05001,1,0

0327797737,14985,0551,00000,0,00000,0004,00000,0,0,04969,1690,08398,1,0

0327797837,14985,0551,00000,0,00000,0003,00000,0,0,04979,1302,06483,1,0

0327797937,15020,0523,00000,0,00000,0001,00000,0,0,04978,1225,06096,1,0

0327798037,15020,0523,00000,0,00000,0001,00000,0,0,04974,1259,06260,1,0

0327798137,15020,0523,00000,0,00000,0003,00000,0,0,04983,1283,06394,1,0

0327798237,14976,0541,00000,0,00000,0007,00000,0,0,04972,1463,07269,1,0

0327798337,14976,0541,00000,0,00000,0002,00000,0,0,04978,0907,04518,1,0

0327798437,14976,0541,00000,0,00000,0003,00000,0,0,04971,1323,06574,1,0

0327798537,15020,0462,00000,0,00000,0006,00000,0,0,04975,0918,04565,1,0

0327798637,15020,0462,00000,0,00000,0000,00000,0,0,04981,0905,04512,1,0

0327798737,15020,0462,00000,0,00000,0000,00000,0,0,04972,0898,04462,1,0

