0332241437,14955,0557,00000,0,00000,0008,00000,0,0,04974,1360,06764,1,0

0332241537,14955,0557,00000,0,00000,0000,00000,0,0,04975,1331,06622,1,0

0332241637,14988,0527,00000,0,00000,0006,00000,0,0,04986,1385,06904,1,0

0332241737,14988,0527,00000,0,00000,0000,00000,0,0,04977,1348,06713,1,0

0332242237,15015,0412,00000,0,00000,0000,00000,0,0,04977,1071,05333,1,0

0332242337,15015,0412,00000,0,00000,0000,00000,0,0,04979,1168,05816,1,0

0332242437,15015,0412,00000,0,00000,0000,00000,0,0,04974,1102,05482,1,0

0332242537,14989,0426,00000,0,00000,0003,00000,0,0,04975,1066,05305,1,0

0332242637,14989,0426,00000,0,00000,0000,00000,0,0,04976,1380,06862,1,0

0332242737,14989,0426,00000,0,00000,0000,00000,0,0,04973,1048,05212,1,0

0332242837,15012,0416,00000,0,00000,0001,00000,0,0,04973,1083,05386,1,0

0332242937,15012,0416,00000,0,00000,0000,00000,0,0,04981,1108,05519,1,0

0332243037,15012,0416,00000,0,00000,0004,00000,0,0,04975,1094,05441,1,0

0332243137,15035,0395,00000,0,00000,0005,00000,0,0,04975,1104,05491,1,0

0332243237,15035,0395,00000,0,00000,0001,00000,0,0,04977,1120,05578,1,0

0332243337,15035,0395,00000,0,00000,0002,00000,0,0,04965,1394,06921,1,0

0332243437,15005,0437,00000,0,00000,0000,00000,0,0,04981,1113,05547,1,0

0332243537,15005,0437,00000,0,00000,0002,00000,0,0,04979,1096,05456,1,0

0332243637,15005,0437,00000,0,00000,0005,00000,0,0,04980,1139,05673,1,0

0332243737,15001,0454,00000,0,00000,0000,00000,0,0,04967,1126,05591,1,0

0332243837,15001,0454,00000,0,00000,0003,00000,0,0,04984,1052,05246,1,0

0332243937,15001,0454,00000,0,00000,0000,00000,0,0,04982,1078,05373,1,0

0332244037,15014,0415,00000,0,00000,0000,00000,0,0,04979,1054,05248,1,0

0332244137,15014,0415,00000,0,00000,0000,00000,0,0,04976,1098,05461,1,0

0332244237,15014,0415,00000,0,00000,0000,00000,0,0,04981,1087,05416,1,0

0332244337,14995,0443,00000,0,00000,0000,00000,0,0,04983,1206,06009,1,0

0332244437,14995,0443,00000,0,00000,0003,00000,0,0,04986,1156,05764,1,0

0332244537,14995,0443,00000,0,00000,0002,00000,0,0,04982,1111,05533,1,0

0332244637,14993,0464,00000,0,00000,0000,00000,0,0,04976,1280,06373,1,0

0332244737,14993,0464,00000,0,00000,0000,00000,0,0,04980,1155,05753,1,0

0332244837,14993,0464,00000,0,00000,0000,00000,0,0,04978,1113,05543,1,0

0332244937,14995,0452,00000,0,00000,0000,00000,0,0,04975,1463,07277,1,0

0332245037,14995,0452,00000,0,00000,0002,00000,0,0,04979,1088,05416,1,0

0332245137,14995,0452,00000,0,00000,0000,00000,0,0,04986,1169,05829,1,0

0332245237,14995,0446,00000,0,00000,0000,00000,0,0,04982,1130,05632,1,0

0332245337,14995,0446,00000,0,00000,0004,00000,0,0,04985,1112,05547,1,0

0332245437,14995,0446,00000,0,00000,0000,00000,0,0,04981,1025,05106,1,0

0332245537,14993,0452,00000,0,00000,0002,00000,0,0,04981,1103,05498,1,0

0332245637,14993,0452,00000,0,00000,0000,00000,0,0,04982,1187,05912,1,0

0332245737,14993,0452,00000,0,00000,0000,00000,0,0,04978,1289,06419,1,0

0332245837,14988,0488,00000,0,00000,0003,00000,0,0,04973,1261,06270,1,0

0332245937,14988,0488,00000,0,00000,0000,00000,0,0,04980,1193,05943,1,0

0332246037,14988,0488,00000,0,00000,0000,00000,0,0,04983,1252,06238,1,0

0332246137,14992,0492,00000,0,00000,0000,00000,0,0,04974,1160,05770,1,0

0332246237,14992,0492,00000,0,00000,0000,00000,0,0,04977,1204,05992,1,0

0332246337,14992,0492,00000,0,00000,0000,00000,0,0,04974,1252,06228,1,0

0332246437,15005,0442,00000,0,00000,0005,00000,0,0,04980,1211,06031,1,0

0332246537,15005,0442,00000,0,00000,0000,00000,0,0,04968,1267,06298,1,0

0332246637,15005,0442,00000,0,00000,0006,00000,0,0,04979,1268,06312,1,0

0332246737,15005,0442,00000,0,00000,0000,00000,0,0,04980,1233,06145,1,0

0332246837,14993,0509,00000,0,00000,0001,00000,0,0,04967,1302,06466,1,0

0332246937,14993,0509,00000,0,00000,0001,00000,0,0,04980,1225,06103,1,0

0332247037,14993,0509,00000,0,00000,0000,00000,0,0,04974,1106,05504,1,0

0332247137,15015,0477,00000,0,00000,0005,00000,0,0,04973,1210,06019,1,0

0332247237,15015,0477,00000,0,00000,0000,00000,0,0,04978,1246,06204,1,0

0332247337,15015,0477,00000,0,00000,0001,00000,0,0,04971,1305,06487,1,0

0332247437,15006,0496,00000,0,00000,0005,00000,0,0,04983,1225,06101,1,0

0332247537,15006,0496,00000,0,00000,0000,00000,0,0,04974,1236,06151,1,0

0332247637,15006,0496,00000,0,00000,0004,00000,0,0,04974,1260,06268,1,0

0332247737,14984,0468,00000,0,00000,0000,00000,0,0,04982,1162,05790,1,0

0332247837,14984,0468,00000,0,00000,0003,00000,0,0,04976,1142,05684,1,0

0332247937,14984,0468,00000,0,00000,0006,00000,0,0,04973,1260,06267,1,0

0332248037,14990,0458,00000,0,00000,0000,00000,0,0,04984,1181,05888,1,0

0332248137,14990,0458,00000,0,00000,0007,00000,0,0,04978,1267,06308,1,0

0332248237,14990,0458,00000,0,00000,0008,00000,0,0,04970,1264,06281,1,0

0332248337,15022,0436,00000,0,00000,0002,00000,0,0,04967,1630,08096,1,0

0332248437,15022,0436,00000,0,00000,0000,00000,0,0,04965,1312,06517,1,0

0332248537,15022,0436,00000,0,00000,0000,00000,0,0,04978,1555,07738,1,0

0332248637,14966,0582,00000,0,00000,0000,00000,0,0,04973,1449,07209,1,0

0332248737,14966,0582,00000,0,00000,0006,00000,0,0,04970,1451,07211,1,0

0332248837,14966,0582,00000,0,00000,0000,00000,0,0,04962,1583,07856,1,0

0332248937,14942,0712,00000,0,00000,0000,00000,0,0,04971,1589,07896,1,0

0332249037,14942,0712,00000,0,00000,0000,00000,0,0,04956,1741,08626,1,0

0332249137,14942,0712,00000,0,00000,0002,00000,0,0,04965,1600,07946,1,0

0332249237,14971,0571,00000,0,00000,0003,00000,0,0,04964,1558,07739,1,0

0332249337,14971,0571,00000,0,00000,0008,00000,0,0,04973,1423,07076,1,0

0332249437,14971,0571,00000,0,00000,0002,00000,0,0,04963,1465,07270,1,0

0332249537,14987,0594,00000,0,00000,0000,00000,0,0,04971,1589,07898,1,0

0332249637,14987,0594,00000,0,00000,0003,00000,0,0,04975,1529,07605,1,0

0332249737,14987,0594,00000,0,00000,0002,00000,0,0,04973,1482,07374,1,0

0332249837,14988,0561,00000,0,00000,0000,00000,0,0,04972,1632,08110,1,0

0332249937,14988,0561,00000,0,00000,0001,00000,0,0,04960,1652,08191,1,0

0332250037,14988,0561,00000,0,00000,0004,00000,0,0,04974,1453,07226,1,0

0332250137,14957,0651,00000,0,00000,0000,00000,0,0,04974,1529,07603,1,0

0332250237,14957,0651,00000,0,00000,0000,00000,0,0,04967,1647,08177,1,0

0332250337,14957,0651,00000,0,00000,0009,00000,0,0,04964,1477,07329,1,0

0332250437,14982,0689,00000,0,00000,0000,00000,0,0,04964,1683,08360,1,0

0332250537,14982,0689,00000,0,00000,0000,00000,0,0,04970,1646,08180,1,0

0332250637,14982,0689,00000,0,00000,0000,00000,0,0,04982,1526,07604,1,0

0332250737,14956,0637,00000,0,00000,0003,00000,0,0,04969,1636,08132,1,0

0332250837,14956,0637,00000,0,00000,0001,00000,0,0,04973,1466,07292,1,0

0332250937,14956,0637,00000,0,00000,0000,00000,0,0,04974,1462,07273,1,0

0332251037,14984,0519,00000,0,00000,0003,00000,0,0,04964,1606,07976,1,0

0332251137,14984,0519,00000,0,00000,0008,00000,0,0,04958,1706,08461,1,0

0332251237,14984,0519,00000,0,00000,0000,00000,0,0,04962,1578,07831,1,0

0332251337,14948,0649,00000,0,00000,0002,00000,0,0,04967,1665,08271,1,0

0332251437,14948,0649,00000,0,00000,0000,00000,0,0,04963,1597,07925,1,0

0332251537,14948,0649,00000,0,00000,0005,00000,0,0,04968,1646,08176,1,0

0332251637,14973,0638,00000,0,00000,0006,00000,0,0,04963,1648,08177,1,0

0332251737,14973,0638,00000,0,00000,0000,00000,0,0,04973,1617,08043,1,0

0332251837,14973,0638,00000,0,00000,0000,00000,0,0,04966,1524,07566,1,0

0332251937,14944,0697,00000,0,00000,0000,00000,0,0,04962,1617,08024,1,0

0332252037,14944,0697,00000,0,00000,0000,00000,0,0,04968,1498,07438,1,0

0332252137,14944,0697,00000,0,00000,0004,00000,0,0,04975,1474,07333,1,0

0332252237,14945,0632,00000,0,00000,0000,00000,0,0,04965,1617,08029,1,0

0332252337,14945,0632,00000,0,00000,0007,00000,0,0,04957,1656,08210,1,0

0332252437,14945,0632,00000,0,00000,0000,00000,0,0,04969,1618,08042,1,0

0332252537,15004,0567,00000,0,00000,0005,00000,0,0,04960,1591,07895,1,0

0332252637,15004,0567,00000,0,00000,0000,00000,0,0,04971,1565,07780,1,0

0332252737,15004,0567,00000,0,00000,0000,00000,0,0,04965,1636,08123,1,0

0332252837,14957,0599,00000,0,00000,0000,00000,0,0,04962,1557,07724,1,0

0332252937,14957,0599,00000,0,00000,0001,00000,0,0,04969,1623,08065,1,0

0332253037,14957,0599,00000,0,00000,0004,00000,0,0,04976,1526,07597,1,0

0332253137,14949,0785,00000,0,00000,0002,00000,0,0,04972,1630,08101,1,0

0332253237,14949,0785,00000,0,00000,0000,00000,0,0,04966,1441,07159,1,0

0332253337,14949,0785,00000,0,00000,0003,00000,0,0,04980,1369,06820,1,0

0332253437,14961,0591,00000,0,00000,0000,00000,0,0,04960,1594,07903,1,0

0332253537,14961,0591,00000,0,00000,0000,00000,0,0,04957,1678,08319,1,0

0332253637,14961,0591,00000,0,00000,0003,00000,0,0,04973,1670,08305,1,0

0332253737,15005,0644,00000,0,00000,0000,00000,0,0,04964,1605,07971,1,0

0332253837,15005,0644,00000,0,00000,0003,00000,0,0,04958,1588,07871,1,0

0332253937,15005,0644,00000,0,00000,0000,00000,0,0,04966,1654,08212,1,0

0332254037,14949,0716,00000,0,00000,0000,00000,0,0,04965,1466,07282,1,0

0332254137,14949,0716,00000,0,00000,0000,00000,0,0,04973,1607,07992,1,0

0332254237,14949,0716,00000,0,00000,0000,00000,0,0,04968,1635,08127,1,0

0332254337,14931,0693,00000,0,00000,0000,00000,0,0,04981,1495,07447,1,0

0332254437,14931,0693,00000,0,00000,0001,00000,0,0,04970,1487,07391,1,0

0332254537,14931,0693,00000,0,00000,0000,00000,0,0,04975,1396,06943,1,0

0332254637,14965,0656,00000,0,00000,0003,00000,0,0,04959,1689,08374,1,0

0332254737,14965,0656,00000,0,00000,0004,00000,0,0,04975,1616,08035,1,0

0332254837,14965,0656,00000,0,00000,0000,00000,0,0,04970,1566,07782,1,0

0332254937,14982,0605,00000,0,00000,0000,00000,0,0,04971,1667,08285,1,0

0332255037,14982,0605,00000,0,00000,0007,00000,0,0,04971,1747,08683,1,0

0332255137,14982,0605,00000,0,00000,0006,00000,0,0,04966,1971,09787,1,0

0332255237,14996,0570,00000,0,00000,0004,00000,0,0,04968,1577,07834,1,0

0332255337,14996,0570,00000,0,00000,0000,00000,0,0,04977,1382,06880,1,0

0332255437,14996,0570,00000,0,00000,0000,00000,0,0,04962,1610,07987,1,0

0332255537,14996,0600,00000,0,00000,0000,00000,0,0,04964,1532,07611,1,0

0332255637,14996,0600,00000,0,00000,0000,00000,0,0,04959,1468,07279,1,0

0332255737,14996,0600,00000,0,00000,0000,00000,0,0,04971,1552,07713,1,0

0332255837,14970,0649,00000,0,00000,0000,00000,0,0,04963,1824,09051,1,0

0332255937,14970,0649,00000,0,00000,0000,00000,0,0,04974,1699,08451,1,0

0332256037,14970,0649,00000,0,00000,0000,00000,0,0,04972,1510,07503,1,0

0332256137,14977,0648,00000,0,00000,0000,00000,0,0,04966,1858,09226,1,0

0332256237,14977,0648,00000,0,00000,0000,00000,0,0,04971,1587,07888,1,0

0332256337,14977,0648,00000,0,00000,0000,00000,0,0,04965,1458,07241,1,0

0332256437,14975,0612,00000,0,00000,0000,00000,0,0,04960,1665,08262,1,0

0332256537,14975,0612,00000,0,00000,0000,00000,0,0,04963,1495,07420,1,0

0332256637,14975,0612,00000,0,00000,0004,00000,0,0,04962,1620,08040,1,0

0332256737,14975,0642,00000,0,00000,0003,00000,0,0,04962,1607,07974,1,0

0332256837,14975,0642,00000,0,00000,0000,00000,0,0,04974,1451,07217,1,0

0332256937,14975,0642,00000,0,00000,0000,00000,0,0,04970,1414,07026,1,0

0332257037,14980,0622,00000,0,00000,0000,00000,0,0,04971,1708,08489,1,0

0332257137,14980,0622,00000,0,00000,0003,00000,0,0,04969,1654,08220,1,0

0332257237,14980,0622,00000,0,00000,0000,00000,0,0,04967,1670,08292,1,0

0332257337,14980,0644,00000,0,00000,0000,00000,0,0,04959,1696,08410,1,0

0332257437,14980,0644,00000,0,00000,0000,00000,0,0,04966,1591,07902,1,0

0332257537,14980,0644,00000,0,00000,0008,00000,0,0,04970,1737,08633,1,0

0332257637,14995,0606,00000,0,00000,0004,00000,0,0,04964,1685,08361,1,0

0332257737,14995,0606,00000,0,00000,0000,00000,0,0,04964,1621,08042,1,0

0332257837,14995,0606,00000,0,00000,0000,00000,0,0,04954,1768,08759,1,0

0332257937,14952,0730,00000,0,00000,0000,00000,0,0,04966,1637,08132,1,0

0332258037,14952,0730,00000,0,00000,0000,00000,0,0,04965,1600,07947,1,0

0332258137,14952,0730,00000,0,00000,0001,00000,0,0,04958,1914,09490,1,0

0332258237,14964,0606,00000,0,00000,0000,00000,0,0,04975,1400,06962,1,0

0332258337,14964,0606,00000,0,00000,0000,00000,0,0,04965,1469,07293,1,0

0332258437,14964,0606,00000,0,00000,0006,00000,0,0,04972,1498,07452,1,0

0332258537,14983,0620,00000,0,00000,0000,00000,0,0,04971,1628,08091,1,0

0332258637,14983,0620,00000,0,00000,0000,00000,0,0,04961,1627,08071,1,0

0332258737,14983,0620,00000,0,00000,0000,00000,0,0,04972,1620,08052,1,0

0332258837,14992,0676,00000,0,00000,0000,00000,0,0,04967,1662,08255,1,0

0332258937,14992,0676,00000,0,00000,0002,00000,0,0,04963,1639,08131,1,0

0332259037,14992,0676,00000,0,00000,0000,00000,0,0,04961,1624,08058,1,0

0332259137,14992,0602,00000,0,00000,0000,00000,0,0,04973,1600,07960,1,0

0332259237,14992,0602,00000,0,00000,0002,00000,0,0,04974,1636,08135,1,0

0332259337,14992,0602,00000,0,00000,0000,00000,0,0,04977,1367,06806,1,0

0332259437,14992,0602,00000,0,00000,0009,00000,0,0,04973,1646,08189,1,0

0332259537,14941,0691,00000,0,00000,0000,00000,0,0,04964,1675,08314,1,0

0332259637,14941,0691,00000,0,00000,0000,00000,0,0,04970,1641,08153,1,0

0332259737,14941,0691,00000,0,00000,0004,00000,0,0,04958,1701,08433,1,0

0332259837,14970,0653,00000,0,00000,0000,00000,0,0,04972,1584,07881,1,0

0332259937,14970,0653,00000,0,00000,0000,00000,0,0,04967,1640,08142,1,0

0332260037,14970,0653,00000,0,00000,0000,00000,0,0,04955,1707,08458,1,0

0332260137,14976,0656,00000,0,00000,0000,00000,0,0,04972,1606,07984,1,0

0332260237,14976,0656,00000,0,00000,0000,00000,0,0,04970,1645,08176,1,0

0332260337,14976,0656,00000,0,00000,0004,00000,0,0,04963,1746,08666,1,0

0332260437,14975,0603,00000,0,00000,0006,00000,0,0,04979,1410,07021,1,0

0332260537,14975,0603,00000,0,00000,0000,00000,0,0,04963,1431,07103,1,0

0332260637,14975,0603,00000,0,00000,0003,00000,0,0,04962,1641,08142,1,0

0332260737,14979,0647,00000,0,00000,0012,00000,0,0,04957,1764,08748,1,0

0332260837,14979,0647,00000,0,00000,0000,00000,0,0,04966,1696,08421,1,0

0332260937,14979,0647,00000,0,00000,0000,00000,0,0,04968,1571,07804,1,0

0332261037,14943,0724,00000,0,00000,0005,00000,0,0,04960,1697,08414,1,0

0332261137,14943,0724,00000,0,00000,0000,00000,0,0,04957,1860,09222,1,0

0332261237,14943,0724,00000,0,00000,0002,00000,0,0,04973,1617,08041,1,0

0332261337,14998,0568,00000,0,00000,0000,00000,0,0,04959,1555,07712,1,0

0332261437,14998,0568,00000,0,00000,0000,00000,0,0,04958,1939,09616,1,0

0332261537,14998,0568,00000,0,00000,0000,00000,0,0,04968,1586,07883,1,0

0332261637,14961,0623,00000,0,00000,0000,00000,0,0,04972,1492,07423,1,0

0332261737,14961,0623,00000,0,00000,0000,00000,0,0,04969,1581,07858,1,0

0332261837,14961,0623,00000,0,00000,0000,00000,0,0,04975,1456,07241,1,0

0332261937,15011,0583,00000,0,00000,0000,00000,0,0,04970,1421,07060,1,0

0332262037,15011,0583,00000,0,00000,0007,00000,0,0,04957,2025,10039,1,0

0332262137,15011,0583,00000,0,00000,0004,00000,0,0,04963,1592,07900,1,0

0332262237,14973,0632,00000,0,00000,0000,00000,0,0,04964,1601,07952,1,0

0332262337,14973,0632,00000,0,00000,0001,00000,0,0,04971,1566,07784,1,0

0332262437,14973,0632,00000,0,00000,0001,00000,0,0,04971,1587,07888,1,0

0332262537,14958,0636,00000,0,00000,0000,00000,0,0,04966,1675,08316,1,0

0332262637,14958,0636,00000,0,00000,0001,00000,0,0,04968,1627,08087,1,0

0332262737,14958,0636,00000,0,00000,0003,00000,0,0,04968,1579,07846,1,0

0332262837,14982,0616,00000,0,00000,0000,00000,0,0,04960,1669,08276,1,0

0332262937,14982,0616,00000,0,00000,0008,00000,0,0,04968,1526,07583,1,0

0332263037,14982,0616,00000,0,00000,0002,00000,0,0,04982,1475,07348,1,0

0332263137,14980,0545,00000,0,00000,0002,00000,0,0,04971,1362,06767,1,0

0332263237,14980,0545,00000,0,00000,0008,00000,0,0,04972,1728,08595,1,0

0332263337,14980,0545,00000,0,00000,0000,00000,0,0,04970,1536,07632,1,0

0332263437,14905,0911,00000,0,00000,0000,00000,0,0,04968,1577,07839,1,0

0332263537,14905,0911,00000,0,00000,0000,00000,0,0,04966,1739,08636,1,0

0332263637,14905,0911,00000,0,00000,0004,00000,0,0,04966,1707,08477,1,0

0332263737,14949,0837,00000,0,00000,0003,00000,0,0,04967,1606,07976,1,0

0332263837,14949,0837,00000,0,00000,0000,00000,0,0,04971,1599,07946,1,0

0332263937,14949,0837,00000,0,00000,0002,00000,0,0,04970,1565,07779,1,0

0332264037,14990,0693,00000,0,00000,0001,00000,0,0,04966,1655,08221,1,0

0332264137,14990,0693,00000,0,00000,0003,00000,0,0,04979,1501,07470,1,0

0332264237,14990,0693,00000,0,00000,0000,00000,0,0,04974,1332,06627,1,0

0332264337,15008,0492,00000,0,00000,0000,00000,0,0,04974,1604,07976,1,0

0332264437,15008,0492,00000,0,00000,0009,00000,0,0,04967,1777,08824,1,0

0332264537,15008,0492,00000,0,00000,0001,00000,0,0,04967,1642,08153,1,0

0332264637,14994,0538,00000,0,00000,0000,00000,0,0,04961,1719,08528,1,0

0332264737,14994,0538,00000,0,00000,0000,00000,0,0,04954,2000,09907,1,0

0332264837,14994,0538,00000,0,00000,0006,00000,0,0,04961,1713,08502,1,0

0332264937,14981,0567,00000,0,00000,0002,00000,0,0,04971,1509,07502,1,0

0332265037,14981,0567,00000,0,00000,0002,00000,0,0,04967,1593,07912,1,0

0332265137,14981,0567,00000,0,00000,0002,00000,0,0,04957,1604,07953,1,0

0332265237,14955,0622,00000,0,00000,0000,00000,0,0,04968,1668,08284,1,0

0332265337,14955,0622,00000,0,00000,0000,00000,0,0,04974,1342,06678,1,0

0332265437,14955,0622,00000,0,00000,0000,00000,0,0,04958,1689,08373,1,0

0332265537,15010,0514,00000,0,00000,0000,00000,0,0,04973,1302,06477,1,0

0332265637,15010,0514,00000,0,00000,0000,00000,0,0,04968,1642,08156,1,0

0332265737,15010,0514,00000,0,00000,0000,00000,0,0,04968,1518,07544,1,0

0332265837,14958,0629,00000,0,00000,0000,00000,0,0,04977,1643,08179,1,0

0332265937,14958,0629,00000,0,00000,0000,00000,0,0,04970,1537,07640,1,0

0332266037,14958,0629,00000,0,00000,0001,00000,0,0,04973,1417,07047,1,0

0332266137,14943,0715,00000,0,00000,0006,00000,0,0,04974,1537,07647,1,0

0332266237,14943,0715,00000,0,00000,0000,00000,0,0,04960,1504,07464,1,0

0332266337,14943,0715,00000,0,00000,0000,00000,0,0,04966,1533,07615,1,0

0332266437,14948,0720,00000,0,00000,0005,00000,0,0,04967,1554,07716,1,0

0332266537,14948,0720,00000,0,00000,0000,00000,0,0,04964,1420,07045,1,0

0332266637,14948,0720,00000,0,00000,0004,00000,0,0,04967,1351,06710,1,0

0332266737,14998,0486,00000,0,00000,0000,00000,0,0,04965,1602,07954,1,0

0332266837,14998,0486,00000,0,00000,0001,00000,0,0,04968,1508,07495,1,0

0332266937,14998,0486,00000,0,00000,0005,00000,0,0,04970,1657,08237,1,0

0332267037,14982,0598,00000,0,00000,0006,00000,0,0,04971,1428,07097,1,0

0332267137,14982,0598,00000,0,00000,0002,00000,0,0,04962,1616,08018,1,0

0332267237,14982,0598,00000,0,00000,0000,00000,0,0,04966,1625,08069,1,0

0332267337,14977,0703,00000,0,00000,0000,00000,0,0,04968,1599,07940,1,0

0332267437,14977,0703,00000,0,00000,0006,00000,0,0,04963,1887,09364,1,0

0332267537,14977,0703,00000,0,00000,0001,00000,0,0,04974,1451,07217,1,0

0332267637,14950,0605,00000,0,00000,0000,00000,0,0,04964,1684,08364,1,0

0332267737,14950,0605,00000,0,00000,0004,00000,0,0,04973,1429,07107,1,0

0332267837,14950,0605,00000,0,00000,0000,00000,0,0,04983,1323,06592,1,0

0332267937,15026,0531,00000,0,00000,0002,00000,0,0,04972,1454,07232,1,0

0332268037,15026,0531,00000,0,00000,0000,00000,0,0,04959,1563,07749,1,0

0332268137,15026,0531,00000,0,00000,0001,00000,0,0,04972,1601,07964,1,0

0332268237,15018,0600,00000,0,00000,0000,00000,0,0,04973,1488,07403,1,0

0332268337,15018,0600,00000,0,00000,0000,00000,0,0,04967,1610,07994,1,0

0332268437,15018,0600,00000,0,00000,0007,00000,0,0,04968,1593,07912,1,0

0332268537,14987,0594,00000,0,00000,0000,00000,0,0,04966,1626,08077,1,0

0332268637,14987,0594,00000,0,00000,0000,00000,0,0,04964,1647,08178,1,0

0332268737,14987,0594,00000,0,00000,0000,00000,0,0,04980,1375,06852,1,0

0332268837,14976,0574,00000,0,00000,0001,00000,0,0,04974,1421,07068,1,0

0332268937,14976,0574,00000,0,00000,0006,00000,0,0,04974,1484,07384,1,0

0332269037,14976,0574,00000,0,00000,0005,00000,0,0,04972,1447,07196,1,0

0332269137,15009,0504,00000,0,00000,0000,00000,0,0,04974,1313,06533,1,0

0332269237,15009,0504,00000,0,00000,0000,00000,0,0,04961,1660,08239,1,0

0332269337,15009,0504,00000,0,00000,0000,00000,0,0,04965,1480,07348,1,0

0332269437,14956,0659,00000,0,00000,0000,00000,0,0,04972,1706,08486,1,0

0332269537,14956,0659,00000,0,00000,0000,00000,0,0,04967,1529,07592,1,0

0332269637,14956,0659,00000,0,00000,0001,00000,0,0,04963,1626,08069,1,0

0332269737,14958,0610,00000,0,00000,0000,00000,0,0,04974,1594,07927,1,0

0332269837,14958,0610,00000,0,00000,0000,00000,0,0,04967,1772,08801,1,0

0332269937,14958,0610,00000,0,00000,0000,00000,0,0,04969,1584,07874,1,0

0332270037,14968,0607,00000,0,00000,0005,00000,0,0,04967,1597,07931,1,0

0332270137,14968,0607,00000,0,00000,0001,00000,0,0,04957,1861,09226,1,0

0332270237,14968,0607,00000,0,00000,0000,00000,0,0,04969,1446,07186,1,0

0332270337,15019,0502,00000,0,00000,0000,00000,0,0,04977,1341,06674,1,0

0332270437,15019,0502,00000,0,00000,0007,00000,0,0,04975,1309,06510,1,0

0332270537,15019,0502,00000,0,00000,0000,00000,0,0,04978,1223,06089,1,0

0332270637,14992,0498,00000,0,00000,0007,00000,0,0,04976,1294,06435,1,0

0332270737,14992,0498,00000,0,00000,0000,00000,0,0,04976,1277,06359,1,0

0332270837,14992,0498,00000,0,00000,0006,00000,0,0,04974,1279,06364,1,0

0332270937,14995,0500,00000,0,00000,0000,00000,0,0,04973,1219,06064,1,0

0332271037,14995,0500,00000,0,00000,0000,00000,0,0,04968,1322,06570,1,0

0332271137,14995,0500,00000,0,00000,0000,00000,0,0,04971,1265,06287,1,0

0332271237,14991,0511,00000,0,00000,0000,00000,0,0,04983,1252,06238,1,0

0332271337,14991,0511,00000,0,00000,0000,00000,0,0,04975,1337,06649,1,0

0332271437,14991,0511,00000,0,00000,0000,00000,0,0,04977,1200,05974,1,0

0332271537,15001,0494,00000,0,00000,0005,00000,0,0,04977,1242,06184,1,0

0332271637,15001,0494,00000,0,00000,0000,00000,0,0,04978,1220,06074,1,0

0332271737,15001,0494,00000,0,00000,0000,00000,0,0,04969,1306,06490,1,0

0332271837,15002,0498,00000,0,00000,0001,00000,0,0,04980,1252,06236,1,0

0332271937,15002,0498,00000,0,00000,0002,00000,0,0,04979,1270,06322,1,0

0332272037,15002,0498,00000,0,00000,0000,00000,0,0,04975,1236,06148,1,0

0332272137,15032,0570,00000,0,00000,0000,00000,0,0,04966,1855,09210,1,0

0332272237,15032,0570,00000,0,00000,0001,00000,0,0,04971,1252,06223,1,0

0332272337,15032,0570,00000,0,00000,0000,00000,0,0,04981,1224,06100,1,0

0332272437,14983,0519,00000,0,00000,0000,00000,0,0,04977,1273,06338,1,0

0332272537,14983,0519,00000,0,00000,0000,00000,0,0,04980,1265,06300,1,0

0332272637,14983,0519,00000,0,00000,0000,00000,0,0,04973,1390,06913,1,0

0332272737,14988,0500,00000,0,00000,0001,00000,0,0,04978,1233,06136,1,0

0332272837,14988,0500,00000,0,00000,0000,00000,0,0,04978,1176,05855,1,0

0332272937,14988,0500,00000,0,00000,0000,00000,0,0,04978,1219,06069,1,0

0332273037,14985,0538,00000,0,00000,0000,00000,0,0,04966,1338,06645,1,0

0332273137,14985,0538,00000,0,00000,0000,00000,0,0,04979,1252,06233,1,0

0332273237,14985,0538,00000,0,00000,0000,00000,0,0,04980,1307,06510,1,0

0332273337,15010,0473,00000,0,00000,0000,00000,0,0,04980,1240,06177,1,0

0332273437,15010,0473,00000,0,00000,0000,00000,0,0,04982,1320,06578,1,0

0332273537,15010,0473,00000,0,00000,0000,00000,0,0,04974,1279,06360,1,0

0332273637,15014,0480,00000,0,00000,0000,00000,0,0,04976,1241,06178,1,0

0332273737,15014,0480,00000,0,00000,0000,00000,0,0,04977,1271,06327,1,0

0332273837,15014,0480,00000,0,00000,0000,00000,0,0,04977,1258,06262,1,0

0332273937,14991,0526,00000,0,00000,0000,00000,0,0,04978,1378,06858,1,0

0332274037,14991,0526,00000,0,00000,0001,00000,0,0,04973,1220,06068,1,0

0332274137,14991,0526,00000,0,00000,0000,00000,0,0,04981,1240,06178,1,0

0332274237,14948,0726,00000,0,00000,0000,00000,0,0,04958,1665,08256,1,0

0332274337,14948,0726,00000,0,00000,0000,00000,0,0,04981,1319,06573,1,0

0332274437,14948,0726,00000,0,00000,0000,00000,0,0,04972,1231,06118,1,0

0332274537,14948,0726,00000,0,00000,0003,00000,0,0,04981,1248,06218,1,0

0332274637,15005,0497,00000,0,00000,0006,00000,0,0,04970,1306,06489,1,0

0332274737,15005,0497,00000,0,00000,0003,00000,0,0,04976,1125,05597,1,0

0332274837,15005,0497,00000,0,00000,0000,00000,0,0,04964,1294,06426,1,0

0332274937,15009,0503,00000,0,00000,0007,00000,0,0,04968,1228,06103,1,0

0332275037,15009,0503,00000,0,00000,0000,00000,0,0,04973,1240,06167,1,0

0332275137,15009,0503,00000,0,00000,0000,00000,0,0,04981,1226,06109,1,0

0332275237,15024,0467,00000,0,00000,0000,00000,0,0,04971,1247,06197,1,0

0332275337,15024,0467,00000,0,00000,0000,00000,0,0,04972,1265,06294,1,0

0332275437,15024,0467,00000,0,00000,0000,00000,0,0,04976,1401,06967,1,0

0332275537,14984,0510,00000,0,00000,0001,00000,0,0,04980,1236,06159,1,0

0332275637,14984,0510,00000,0,00000,0000,00000,0,0,04974,1236,06149,1,0

0332275737,14984,0510,00000,0,00000,0000,00000,0,0,04973,1553,07722,1,0

0332275837,15007,0454,00000,0,00000,0001,00000,0,0,04970,1241,06171,1,0

0332275937,15007,0454,00000,0,00000,0005,00000,0,0,04965,1357,06738,1,0

0332276037,15007,0454,00000,0,00000,0000,00000,0,0,04969,1253,06227,1,0

0332276137,15015,0465,00000,0,00000,0000,00000,0,0,04979,1334,06640,1,0

0332276237,15015,0465,00000,0,00000,0001,00000,0,0,04966,1369,06801,1,0

0332276337,15015,0465,00000,0,00000,0000,00000,0,0,04979,1269,06315,1,0

0332276437,14968,0568,00000,0,00000,0000,00000,0,0,04974,1313,06532,1,0

0332276537,14968,0568,00000,0,00000,0000,00000,0,0,04984,1217,06069,1,0

0332276637,14968,0568,00000,0,00000,0000,00000,0,0,04983,1243,06194,1,0

0332276737,14989,0567,00000,0,00000,0000,00000,0,0,04976,1005,05001,1,0

0332276837,14989,0567,00000,0,00000,0004,00000,0,0,04975,1385,06888,1,0

0332276937,14989,0567,00000,0,00000,0004,00000,0,0,04978,1241,06179,1,0

0332277037,14984,0531,00000,0,00000,0000,00000,0,0,04980,1216,06058,1,0

0332277137,14984,0531,00000,0,00000,0006,00000,0,0,04983,1336,06657,1,0

0332277237,14984,0531,00000,0,00000,0008,00000,0,0,04979,1311,06526,1,0

0332277337,14998,0477,00000,0,00000,0000,00000,0,0,04984,1267,06316,1,0

0332277437,14998,0477,00000,0,00000,0000,00000,0,0,04979,1259,06267,1,0

0332277537,14998,0477,00000,0,00000,0000,00000,0,0,04976,1282,06376,1,0

0332277637,14982,0526,00000,0,00000,0000,00000,0,0,04978,1259,06268,1,0

0332277737,14982,0526,00000,0,00000,0000,00000,0,0,04978,1263,06285,1,0

0332277837,14982,0526,00000,0,00000,0000,00000,0,0,04982,1230,06128,1,0

0332277937,15007,0526,00000,0,00000,0003,00000,0,0,04981,1317,06560,1,0

0332278037,15007,0526,00000,0,00000,0004,00000,0,0,04974,1331,06620,1,0

0332278137,15007,0526,00000,0,00000,0001,00000,0,0,04984,1205,06006,1,0

0332278237,14993,0544,00000,0,00000,0000,00000,0,0,04977,1290,06420,1,0

0332278337,14993,0544,00000,0,00000,0000,00000,0,0,04977,1247,06209,1,0

0332278437,14993,0544,00000,0,00000,0004,00000,0,0,04978,1330,06621,1,0

0332278537,15016,0495,00000,0,00000,0000,00000,0,0,04983,1247,06214,1,0

0332278637,15016,0495,00000,0,00000,0000,00000,0,0,04964,1725,08561,1,0

0332278737,15016,0495,00000,0,00000,0000,00000,0,0,04963,1658,08225,1,0

0332278837,14974,0651,00000,0,00000,0005,00000,0,0,04968,1729,08588,1,0

0332278937,14974,0651,00000,0,00000,0003,00000,0,0,04967,1605,07968,1,0

0332279037,14974,0651,00000,0,00000,0010,00000,0,0,04961,1801,08938,1,0

0332279137,15008,0536,00000,0,00000,0000,00000,0,0,04973,1789,08898,1,0

0332279237,15008,0536,00000,0,00000,0003,00000,0,0,04980,1386,06906,1,0

0332279337,15008,0536,00000,0,00000,0002,00000,0,0,04975,1270,06319,1,0

0332279437,14995,0488,00000,0,00000,0004,00000,0,0,04982,1228,06120,1,0

0332279537,14995,0488,00000,0,00000,0001,00000,0,0,04980,1239,06172,1,0

0332279637,14995,0488,00000,0,00000,0000,00000,0,0,04976,1194,05939,1,0

0332279737,15020,0555,00000,0,00000,0002,00000,0,0,04980,1254,06249,1,0

0332279837,15020,0555,00000,0,00000,0004,00000,0,0,04974,1257,06252,1,0

0332279937,15020,0555,00000,0,00000,0008,00000,0,0,04979,1275,06349,1,0

0332280037,14990,0504,00000,0,00000,0005,00000,0,0,04971,1270,06314,1,0

0332280137,14990,0504,00000,0,00000,0000,00000,0,0,04979,1262,06281,1,0

0332280237,14990,0504,00000,0,00000,0000,00000,0,0,04974,1261,06273,1,0

0332280337,14990,0501,00000,0,00000,0000,00000,0,0,04978,1286,06402,1,0

0332280437,14990,0501,00000,0,00000,0000,00000,0,0,04971,1238,06154,1,0

0332280537,14990,0501,00000,0,00000,0000,00000,0,0,04979,1264,06292,1,0

0332280637,14999,0513,00000,0,00000,0000,00000,0,0,04971,1223,06078,1,0

0332280737,14999,0513,00000,0,00000,0006,00000,0,0,04976,1224,06087,1,0

0332280837,14999,0513,00000,0,00000,0003,00000,0,0,04976,1103,05484,1,0

0332280937,15005,0469,00000,0,00000,0000,00000,0,0,04981,1307,06509,1,0

0332281037,15005,0469,00000,0,00000,0001,00000,0,0,04982,1218,06068,1,0

0332281137,15005,0469,00000,0,00000,0000,00000,0,0,04970,1292,06424,1,0

0332281237,15021,0466,00000,0,00000,0000,00000,0,0,04980,1230,06126,1,0

0332281337,15021,0466,00000,0,00000,0000,00000,0,0,04977,1211,06027,1,0

0332281437,15021,0466,00000,0,00000,0000,00000,0,0,04982,1224,06096,1,0

0332281537,14981,0545,00000,0,00000,0000,00000,0,0,04968,1560,07746,1,0

0332281637,14981,0545,00000,0,00000,0000,00000,0,0,04976,1245,06199,1,0

0332281737,14981,0545,00000,0,00000,0000,00000,0,0,04970,1225,06088,1,0

0332281837,14989,0506,00000,0,00000,0000,00000,0,0,04980,1218,06070,1,0

0332281937,14989,0506,00000,0,00000,0000,00000,0,0,04983,1274,06346,1,0

0332282037,14989,0506,00000,0,00000,0000,00000,0,0,04977,1243,06190,1,0

0332282137,15002,0585,00000,0,00000,0002,00000,0,0,04979,1255,06248,1,0

0332282237,15002,0585,00000,0,00000,0003,00000,0,0,04976,1329,06610,1,0

0332282337,15002,0585,00000,0,00000,0000,00000,0,0,04979,1245,06197,1,0

0332282437,14996,0478,00000,0,00000,0003,00000,0,0,04972,1177,05848,1,0

0332282537,14996,0478,00000,0,00000,0005,00000,0,0,04974,1245,06193,1,0

0332282637,14996,0478,00000,0,00000,0004,00000,0,0,04981,1214,06050,1,0

0332282737,14978,0519,00000,0,00000,0000,00000,0,0,04967,1261,06262,1,0

0332282837,14978,0519,00000,0,00000,0000,00000,0,0,04982,1221,06083,1,0

0332282937,14978,0519,00000,0,00000,0000,00000,0,0,04981,1284,06398,1,0

0332283037,14989,0493,00000,0,00000,0002,00000,0,0,04987,1238,06173,1,0

0332283137,14989,0493,00000,0,00000,0001,00000,0,0,04986,1287,06418,1,0

0332283237,14989,0493,00000,0,00000,0004,00000,0,0,04977,1240,06174,1,0

0332283337,15017,0526,00000,0,00000,0000,00000,0,0,04977,1315,06544,1,0

0332283437,15017,0526,00000,0,00000,0002,00000,0,0,04971,1256,06244,1,0

0332283537,15017,0526,00000,0,00000,0000,00000,0,0,04976,1323,06583,1,0

0332283637,14988,0526,00000,0,00000,0000,00000,0,0,04971,1244,06185,1,0

0332283737,14988,0526,00000,0,00000,0003,00000,0,0,04978,1199,05968,1,0

0332283837,14988,0526,00000,0,00000,0003,00000,0,0,04981,1284,06395,1,0

0332283937,14996,0564,00000,0,00000,0000,00000,0,0,04980,1375,06851,1,0

0332284037,14996,0564,00000,0,00000,0000,00000,0,0,04977,1220,06073,1,0

0332284137,14996,0564,00000,0,00000,0000,00000,0,0,04973,1254,06239,1,0

0332284237,15012,0485,00000,0,00000,0000,00000,0,0,04974,1237,06151,1,0

0332284337,15012,0485,00000,0,00000,0000,00000,0,0,04979,1216,06056,1,0

0332284437,15012,0485,00000,0,00000,0000,00000,0,0,04970,1238,06154,1,0

0332284537,14998,0504,00000,0,00000,0003,00000,0,0,04974,1315,06540,1,0

0332284637,14998,0504,00000,0,00000,0000,00000,0,0,04971,1244,06185,1,0

0332284737,14998,0504,00000,0,00000,0003,00000,0,0,04969,1404,06978,1,0

0332284837,14979,0494,00000,0,00000,0000,00000,0,0,04973,1244,06187,1,0

0332284937,14979,0494,00000,0,00000,0000,00000,0,0,04982,1247,06212,1,0

0332285037,14979,0494,00000,0,00000,0000,00000,0,0,04981,1044,05200,1,0

0332285137,15027,0436,00000,0,00000,0000,00000,0,0,04971,1202,05974,1,0

0332285237,15027,0436,00000,0,00000,0000,00000,0,0,04989,1261,06293,1,0

0332285337,15027,0436,00000,0,00000,0001,00000,0,0,04980,1202,05986,1,0

0332285437,15023,0448,00000,0,00000,0000,00000,0,0,04977,1271,06326,1,0

0332285537,15023,0448,00000,0,00000,0000,00000,0,0,04971,1239,06157,1,0

0332285637,15023,0448,00000,0,00000,0000,00000,0,0,04983,1243,06193,1,0

0332285737,14975,0510,00000,0,00000,0002,00000,0,0,04975,1288,06405,1,0

0332285837,14975,0510,00000,0,00000,0001,00000,0,0,04980,1221,06083,1,0

0332285937,14975,0510,00000,0,00000,0000,00000,0,0,04981,1275,06351,1,0

0332286037,14982,0492,00000,0,00000,0000,00000,0,0,04974,1225,06096,1,0

0332286137,14982,0492,00000,0,00000,0000,00000,0,0,04979,1220,06074,1,0

0332286237,14982,0492,00000,0,00000,0000,00000,0,0,04984,1228,06122,1,0

0332286337,14986,0484,00000,0,00000,0000,00000,0,0,04984,1298,06471,1,0

0332286437,14986,0484,00000,0,00000,0002,00000,0,0,04974,1201,05976,1,0

0332286537,14986,0484,00000,0,00000,0000,00000,0,0,04982,1216,06058,1,0

0332286637,14981,0543,00000,0,00000,0007,00000,0,0,04975,1211,06026,1,0

0332286737,14981,0543,00000,0,00000,0000,00000,0,0,04969,1306,06490,1,0

0332286837,14981,0543,00000,0,00000,0000,00000,0,0,04984,1227,06116,1,0

0332286937,15028,0508,00000,0,00000,0000,00000,0,0,04991,1340,06684,1,0

0332287037,15028,0508,00000,0,00000,0003,00000,0,0,04976,1265,06299,1,0

0332287137,15028,0508,00000,0,00000,0002,00000,0,0,04978,1240,06173,1,0

0332287237,14990,0517,00000,0,00000,0004,00000,0,0,04976,1217,06060,1,0

0332287337,14990,0517,00000,0,00000,0000,00000,0,0,04980,1271,06334,1,0

0332287437,14990,0517,00000,0,00000,0000,00000,0,0,04974,1280,06366,1,0

0332287537,14970,0515,00000,0,00000,0004,00000,0,0,04981,1237,06162,1,0

0332287637,14970,0515,00000,0,00000,0001,00000,0,0,04975,1363,06778,1,0

0332287737,14970,0515,00000,0,00000,0000,00000,0,0,04970,1387,06895,1,0

0332287837,14970,0515,00000,0,00000,0000,00000,0,0,04978,1235,06150,1,0

0332287937,14999,0491,00000,0,00000,0000,00000,0,0,04974,1294,06437,1,0

0332288037,14999,0491,00000,0,00000,0000,00000,0,0,04980,1303,06492,1,0

0332288137,14999,0491,00000,0,00000,0000,00000,0,0,04972,1508,07499,1,0

0332288237,14990,0496,00000,0,00000,0000,00000,0,0,04972,1261,06267,1,0

0332288337,14990,0496,00000,0,00000,0000,00000,0,0,04974,1283,06381,1,0

0332288437,14990,0496,00000,0,00000,0004,00000,0,0,04980,1283,06390,1,0

0332288537,14995,0449,00000,0,00000,0000,00000,0,0,04976,1241,06172,1,0

0332288637,14995,0449,00000,0,00000,0004,00000,0,0,04976,1237,06155,1,0

0332288737,14995,0449,00000,0,00000,0006,00000,0,0,04977,1317,06554,1,0

0332288837,14983,0502,00000,0,00000,0000,00000,0,0,04985,1265,06307,1,0

0332288937,14983,0502,00000,0,00000,0001,00000,0,0,04970,1260,06262,1,0

0332289037,14983,0502,00000,0,00000,0000,00000,0,0,04976,1224,06089,1,0

0332289137,14986,0499,00000,0,00000,0003,00000,0,0,04979,1324,06593,1,0

0332289237,14986,0499,00000,0,00000,0000,00000,0,0,04976,1260,06268,1,0

0332289337,14986,0499,00000,0,00000,0000,00000,0,0,04976,1195,05950,1,0

0332289437,15016,0459,00000,0,00000,0000,00000,0,0,04976,1220,06070,1,0

0332289537,15016,0459,00000,0,00000,0000,00000,0,0,04979,1275,06348,1,0

0332289637,15016,0459,00000,0,00000,0000,00000,0,0,04976,1278,06363,1,0

0332289737,15001,0467,00000,0,00000,0001,00000,0,0,04977,1224,06095,1,0

0332289837,15001,0467,00000,0,00000,0001,00000,0,0,04973,1219,06065,1,0

0332289937,15001,0467,00000,0,00000,0004,00000,0,0,04975,0879,04372,1,0

0332290037,15024,0414,00000,0,00000,0000,00000,0,0,04986,0875,04364,1,0

0332290137,15024,0414,00000,0,00000,0000,00000,0,0,04980,0874,04354,1,0

0332290237,15024,0414,00000,0,00000,0000,00000,0,0,04979,0892,04440,1,0

0332290337,14994,0382,00000,0,00000,0000,00000,0,0,04982,0873,04350,1,0

